#
# There is insufficient memory for the Java Runtime Environment to continue.
# Native memory allocation (malloc) failed to allocate 334576 bytes for Chunk::new
# Possible reasons:
#   The system is out of physical RAM or swap space
#   The process is running with CompressedOops enabled, and the Java Heap may be blocking the growth of the native heap
# Possible solutions:
#   Reduce memory load on the system
#   Increase physical memory or swap space
#   Check if swap backing store is full
#   Decrease Java heap size (-Xmx/-Xms)
#   Decrease number of Java threads
#   Decrease Java thread stack sizes (-Xss)
#   Set larger code cache with -XX:ReservedCodeCacheSize=
#   JVM is running with Zero Based Compressed Oops mode in which the Java heap is
#     placed in the first 32GB address space. The Java Heap base address is the
#     maximum limit for the native heap growth. Please use -XX:HeapBaseMinAddress
#     to set the Java Heap base and to place the Java Heap above 32GB virtual address.
# This output file may be truncated or incomplete.
#
#  Out of Memory Error (t:/workspace/open/src/hotspot/share/memory/arena.cpp:195), pid=15464, tid=4956
#
# JRE version: OpenJDK Runtime Environment (14.0+36) (build 14+36-1461)
# Java VM: OpenJDK 64-Bit Server VM (14+36-1461, mixed mode, tiered, compressed oops, g1 gc, windows-amd64)
# No core dump will be written. Minidumps are not enabled by default on client versions of Windows
#

---------------  S U M M A R Y ------------

Command Line: -ea -Didea.test.cyclic.buffer.size=1048576 -javaagent:C:\Program Files\JetBrains\IntelliJ IDEA Community Edition 2019.3\lib\idea_rt.jar=50515:C:\Program Files\JetBrains\IntelliJ IDEA Community Edition 2019.3\bin --patch-module=com.nick.wood.graphics_library=D:/Software/Programming/projects/Java/GraphicsLibrary/target/test-classes --add-reads=com.nick.wood.graphics_library=ALL-UNNAMED --add-opens=com.nick.wood.graphics_library/com.nick.wood.graphics_library=ALL-UNNAMED --add-modules=com.nick.wood.graphics_library -Dfile.encoding=UTF-8 --module-path=C:\Users\nickw\.m2\repository\org\lwjgl\lwjgl-glfw\3.2.3\lwjgl-glfw-3.2.3.jar;C:\Users\nickw\.m2\repository\org\lwjgl\lwjgl-vulkan\3.2.3\lwjgl-vulkan-3.2.3.jar;C:\Users\nickw\.m2\repository\com\nick\wood\maths\Maths\1.0\Maths-1.0.jar;C:\Users\nickw\.m2\repository\org\lwjgl\lwjgl-opengl\3.2.3\lwjgl-opengl-3.2.3.jar;C:\Users\nickw\.m2\repository\org\lwjgl\lwjgl-assimp\3.2.3\lwjgl-assimp-3.2.3.jar;C:\Users\nickw\.m2\repository\org\lwjgl\lwjgl-glfw\3.2.3\lwjgl-glfw-3.2.3-natives-windows.jar;C:\Users\nickw\.m2\repository\org\lwjgl\lwjgl\3.2.3\lwjgl-3.2.3.jar;C:\Users\nickw\.m2\repository\org\lwjgl\lwjgl-egl\3.2.3\lwjgl-egl-3.2.3.jar;D:\Software\Programming\projects\Java\GraphicsLibrary\target\classes;C:\Users\nickw\.m2\repository\org\lwjgl\lwjgl-opengles\3.2.3\lwjgl-opengles-3.2.3.jar;C:\Users\nickw\.m2\repository\org\lwjgl\lwjgl-stb\3.2.3\lwjgl-stb-3.2.3.jar;C:\Users\nickw\.m2\repository\org\lwjgl\lwjgl\3.2.3\lwjgl-3.2.3-natives-windows.jar;C:\Users\nickw\.m2\repository\org\lwjgl\lwjgl-opengl\3.2.3\lwjgl-opengl-3.2.3-natives-windows.jar com.intellij.rt.junit.JUnitStarter -ideVersion5 -junit5 com.nick.wood.graphics_library.WindowTest,shadowTest

Host: Intel(R) Core(TM) i7-4820K CPU @ 3.70GHz, 8 cores, 15G,  Windows 10 , 64 bit Build 18362 (10.0.18362.329)
Time: Wed Apr 15 20:04:30 2020 GMT Summer Time elapsed time: 178 seconds (0d 0h 2m 58s)

---------------  T H R E A D  ---------------

Current thread (0x00000214388b5000):  JavaThread "C2 CompilerThread0" daemon [_thread_in_native, id=4956, stack(0x000000211cb00000,0x000000211cc00000)]


Current CompileTask:
C2: 178772 2284       4       java.io.DataInputStream::readUTF (501 bytes)

Stack: [0x000000211cb00000,0x000000211cc00000]
Native frames: (J=compiled Java code, j=interpreted, Vv=VM code, C=native code)
V  [jvm.dll+0x5f83ea]
V  [jvm.dll+0x741e2a]
V  [jvm.dll+0x7435df]
V  [jvm.dll+0x743c23]
V  [jvm.dll+0x20d268]
V  [jvm.dll+0xabb07]
V  [jvm.dll+0xac1fc]
V  [jvm.dll+0x276d94]
V  [jvm.dll+0x50ca2a]
V  [jvm.dll+0x1ee016]
V  [jvm.dll+0x1e750d]
V  [jvm.dll+0x1e4f78]
V  [jvm.dll+0x1779cc]
V  [jvm.dll+0x1f40e5]
V  [jvm.dll+0x1f22cb]
V  [jvm.dll+0x706a7d]
V  [jvm.dll+0x6ff89a]
V  [jvm.dll+0x5f72a6]
C  [ucrtbase.dll+0x20e72]
C  [KERNEL32.DLL+0x17bd4]
C  [ntdll.dll+0x6ced1]


---------------  P R O C E S S  ---------------

Threads class SMR info:
_java_thread_list=0x0000021439437cb0, length=12, elements={
0x0000021412251000, 0x0000021438871800, 0x0000021438872800, 0x00000214388a0000,
0x00000214388a2000, 0x00000214388a8000, 0x00000214388b5000, 0x00000214388b6800,
0x00000214388c7800, 0x0000021438951800, 0x0000021438ea6800, 0x0000021438fab000
}

Java Threads: ( => current thread )
  0x0000021412251000 JavaThread "main" [_thread_blocked, id=14088, stack(0x000000211bf00000,0x000000211c000000)]
  0x0000021438871800 JavaThread "Reference Handler" daemon [_thread_blocked, id=3208, stack(0x000000211c600000,0x000000211c700000)]
  0x0000021438872800 JavaThread "Finalizer" daemon [_thread_blocked, id=12876, stack(0x000000211c700000,0x000000211c800000)]
  0x00000214388a0000 JavaThread "Signal Dispatcher" daemon [_thread_blocked, id=9428, stack(0x000000211c800000,0x000000211c900000)]
  0x00000214388a2000 JavaThread "Attach Listener" daemon [_thread_blocked, id=7724, stack(0x000000211c900000,0x000000211ca00000)]
  0x00000214388a8000 JavaThread "Service Thread" daemon [_thread_blocked, id=12548, stack(0x000000211ca00000,0x000000211cb00000)]
=>0x00000214388b5000 JavaThread "C2 CompilerThread0" daemon [_thread_in_native, id=4956, stack(0x000000211cb00000,0x000000211cc00000)]
  0x00000214388b6800 JavaThread "C1 CompilerThread0" daemon [_thread_blocked, id=7348, stack(0x000000211cc00000,0x000000211cd00000)]
  0x00000214388c7800 JavaThread "Sweeper thread" daemon [_thread_blocked, id=14292, stack(0x000000211cd00000,0x000000211ce00000)]
  0x0000021438951800 JavaThread "Common-Cleaner" daemon [_thread_blocked, id=17660, stack(0x000000211ce00000,0x000000211cf00000)]
  0x0000021438ea6800 JavaThread "Monitor Ctrl-Break" daemon [_thread_in_native, id=15448, stack(0x000000211d100000,0x000000211d200000)]
  0x0000021438fab000 JavaThread "Notification Thread" daemon [_thread_blocked, id=10368, stack(0x000000211d200000,0x000000211d300000)]

Other Threads:
  0x0000021438857800 VMThread "VM Thread" [stack: 0x000000211c500000,0x000000211c600000] [id=9092]
  0x0000021438d70800 WatcherThread [stack: 0x000000211d300000,0x000000211d400000] [id=10844]
  0x00000214122b7800 GCTaskThread "GC Thread#0" [stack: 0x000000211c000000,0x000000211c100000] [id=10340]
  0x0000021439366800 GCTaskThread "GC Thread#1" [stack: 0x000000211d400000,0x000000211d500000] [id=16496]
  0x0000021439415800 GCTaskThread "GC Thread#2" [stack: 0x000000211d500000,0x000000211d600000] [id=18416]
  0x0000021439416000 GCTaskThread "GC Thread#3" [stack: 0x000000211d600000,0x000000211d700000] [id=884]
  0x0000021439416800 GCTaskThread "GC Thread#4" [stack: 0x000000211d700000,0x000000211d800000] [id=17068]
  0x0000021439417800 GCTaskThread "GC Thread#5" [stack: 0x000000211d800000,0x000000211d900000] [id=8540]
  0x00000214122da000 ConcurrentGCThread "G1 Main Marker" [stack: 0x000000211c100000,0x000000211c200000] [id=15408]
  0x00000214122dc000 ConcurrentGCThread "G1 Conc#0" [stack: 0x000000211c200000,0x000000211c300000] [id=3324]
  0x0000021437a35800 ConcurrentGCThread "G1 Refine#0" [stack: 0x000000211c300000,0x000000211c400000] [id=8892]
  0x0000021439e3e800 ConcurrentGCThread "G1 Refine#1" [stack: 0x000000211d000000,0x000000211d100000] [id=13932]
  0x000002143943f000 ConcurrentGCThread "G1 Refine#2" [stack: 0x000000211d900000,0x000000211da00000] [id=10952]
  0x00000214399d0800 ConcurrentGCThread "G1 Refine#3" [stack: 0x000000211da00000,0x000000211db00000] [id=744]
  0x00000214399d1800 ConcurrentGCThread "G1 Refine#4" [stack: 0x000000211db00000,0x000000211dc00000] [id=17348]
  0x0000021503766800 ConcurrentGCThread "G1 Refine#5" [stack: 0x000000211cf00000,0x000000211d000000] [id=7244]
  0x000002147b5ba800 ConcurrentGCThread "G1 Refine#6" [stack: 0x000000211e300000,0x000000211e400000] [id=16196]
  0x0000021445760800 ConcurrentGCThread "G1 Refine#7" [stack: 0x000000211e400000,0x000000211e500000] [id=11508]
  0x0000021437a38800 ConcurrentGCThread "G1 Young RemSet Sampling" [stack: 0x000000211c400000,0x000000211c500000] [id=10868]

Threads with active compile tasks:
C2 CompilerThread0   178814 2284       4       java.io.DataInputStream::readUTF (501 bytes)

VM state:at safepoint (normal execution)

VM Mutex/Monitor currently owned by a thread:  ([mutex/lock_event])
[0x000002141224c010] Threads_lock - owner thread: 0x0000021438857800
[0x000002141224cf40] Heap_lock - owner thread: 0x0000021412251000

Heap address: 0x00000006c1000000, size: 4080 MB, Compressed Oops mode: Zero based, Oop shift amount: 3
Narrow klass base: 0x0000000000000000, Narrow klass shift: 3
Compressed class space size: 1073741824 Address: 0x00000007c0000000

Heap:
 garbage-first heap   total 262144K, used 12653K [0x00000006c1000000, 0x00000007c0000000)
  region size 1024K, 6 young (6144K), 5 survivors (5120K)
 Metaspace       used 18715K, capacity 19149K, committed 19200K, reserved 1081344K
  class space    used 1579K, capacity 1753K, committed 1792K, reserved 1048576K
Heap Regions: E=young(eden), S=young(survivor), O=old, HS=humongous(starts), HC=humongous(continues), CS=collection set, F=free, OA=open archive, CA=closed archive, TAMS=top-at-mark-start (previous, next)
|   0|0x00000006c1000000, 0x00000006c1000000, 0x00000006c1100000|  0%| F|  |TAMS 0x00000006c1000000, 0x00000006c1000000| Untracked 
|   1|0x00000006c1100000, 0x00000006c1200000, 0x00000006c1200000|100%| O|  |TAMS 0x00000006c1100000, 0x00000006c1200000| Untracked 
|   2|0x00000006c1200000, 0x00000006c1300000, 0x00000006c1300000|100%| O|  |TAMS 0x00000006c1200000, 0x00000006c1300000| Untracked 
|   3|0x00000006c1300000, 0x00000006c1400000, 0x00000006c1400000|100%| O|  |TAMS 0x00000006c1300000, 0x00000006c1400000| Untracked 
|   4|0x00000006c1400000, 0x00000006c1500000, 0x00000006c1500000|100%| O|  |TAMS 0x00000006c1400000, 0x00000006c1500000| Untracked 
|   5|0x00000006c1500000, 0x00000006c1600000, 0x00000006c1600000|100%| O|  |TAMS 0x00000006c1500000, 0x00000006c1600000| Untracked 
|   6|0x00000006c1600000, 0x00000006c1700000, 0x00000006c1700000|100%| O|  |TAMS 0x00000006c1600000, 0x00000006c1700000| Untracked 
|   7|0x00000006c1700000, 0x00000006c1800000, 0x00000006c1800000|100%| O|  |TAMS 0x00000006c1700000, 0x00000006c1800000| Untracked 
|   8|0x00000006c1800000, 0x00000006c18cf200, 0x00000006c1900000| 80%| O|  |TAMS 0x00000006c1800000, 0x00000006c18cf200| Untracked 
|   9|0x00000006c1900000, 0x00000006c1900000, 0x00000006c1a00000|  0%| F|  |TAMS 0x00000006c1900000, 0x00000006c1900000| Untracked 
|  10|0x00000006c1a00000, 0x00000006c1a00000, 0x00000006c1b00000|  0%| F|  |TAMS 0x00000006c1a00000, 0x00000006c1a00000| Untracked 
|  11|0x00000006c1b00000, 0x00000006c1b00000, 0x00000006c1c00000|  0%| F|  |TAMS 0x00000006c1b00000, 0x00000006c1b00000| Untracked 
|  12|0x00000006c1c00000, 0x00000006c1c00000, 0x00000006c1d00000|  0%| F|  |TAMS 0x00000006c1c00000, 0x00000006c1c00000| Untracked 
|  13|0x00000006c1d00000, 0x00000006c1d00000, 0x00000006c1e00000|  0%| F|  |TAMS 0x00000006c1d00000, 0x00000006c1d00000| Untracked 
|  14|0x00000006c1e00000, 0x00000006c1e00000, 0x00000006c1f00000|  0%| F|  |TAMS 0x00000006c1e00000, 0x00000006c1e00000| Untracked 
|  15|0x00000006c1f00000, 0x00000006c1f00000, 0x00000006c2000000|  0%| F|  |TAMS 0x00000006c1f00000, 0x00000006c1f00000| Untracked 
|  16|0x00000006c2000000, 0x00000006c2000000, 0x00000006c2100000|  0%| F|  |TAMS 0x00000006c2000000, 0x00000006c2000000| Untracked 
|  17|0x00000006c2100000, 0x00000006c2100000, 0x00000006c2200000|  0%| F|  |TAMS 0x00000006c2100000, 0x00000006c2100000| Untracked 
|  18|0x00000006c2200000, 0x00000006c2200000, 0x00000006c2300000|  0%| F|  |TAMS 0x00000006c2200000, 0x00000006c2200000| Untracked 
|  19|0x00000006c2300000, 0x00000006c2300000, 0x00000006c2400000|  0%| F|  |TAMS 0x00000006c2300000, 0x00000006c2300000| Untracked 
|  20|0x00000006c2400000, 0x00000006c2400000, 0x00000006c2500000|  0%| F|  |TAMS 0x00000006c2400000, 0x00000006c2400000| Untracked 
|  21|0x00000006c2500000, 0x00000006c2500000, 0x00000006c2600000|  0%| F|  |TAMS 0x00000006c2500000, 0x00000006c2500000| Untracked 
|  22|0x00000006c2600000, 0x00000006c2600000, 0x00000006c2700000|  0%| F|  |TAMS 0x00000006c2600000, 0x00000006c2600000| Untracked 
|  23|0x00000006c2700000, 0x00000006c2700000, 0x00000006c2800000|  0%| F|  |TAMS 0x00000006c2700000, 0x00000006c2700000| Untracked 
|  24|0x00000006c2800000, 0x00000006c2800000, 0x00000006c2900000|  0%| F|  |TAMS 0x00000006c2800000, 0x00000006c2800000| Untracked 
|  25|0x00000006c2900000, 0x00000006c2900000, 0x00000006c2a00000|  0%| F|  |TAMS 0x00000006c2900000, 0x00000006c2900000| Untracked 
|  26|0x00000006c2a00000, 0x00000006c2a00000, 0x00000006c2b00000|  0%| F|  |TAMS 0x00000006c2a00000, 0x00000006c2a00000| Untracked 
|  27|0x00000006c2b00000, 0x00000006c2b00000, 0x00000006c2c00000|  0%| F|  |TAMS 0x00000006c2b00000, 0x00000006c2b00000| Untracked 
|  28|0x00000006c2c00000, 0x00000006c2c00000, 0x00000006c2d00000|  0%| F|  |TAMS 0x00000006c2c00000, 0x00000006c2c00000| Untracked 
|  29|0x00000006c2d00000, 0x00000006c2d00000, 0x00000006c2e00000|  0%| F|  |TAMS 0x00000006c2d00000, 0x00000006c2d00000| Untracked 
|  30|0x00000006c2e00000, 0x00000006c2e00000, 0x00000006c2f00000|  0%| F|  |TAMS 0x00000006c2e00000, 0x00000006c2e00000| Untracked 
|  31|0x00000006c2f00000, 0x00000006c2f00000, 0x00000006c3000000|  0%| F|  |TAMS 0x00000006c2f00000, 0x00000006c2f00000| Untracked 
|  32|0x00000006c3000000, 0x00000006c3000000, 0x00000006c3100000|  0%| F|  |TAMS 0x00000006c3000000, 0x00000006c3000000| Untracked 
|  33|0x00000006c3100000, 0x00000006c3100000, 0x00000006c3200000|  0%| F|  |TAMS 0x00000006c3100000, 0x00000006c3100000| Untracked 
|  34|0x00000006c3200000, 0x00000006c3200000, 0x00000006c3300000|  0%| F|  |TAMS 0x00000006c3200000, 0x00000006c3200000| Untracked 
|  35|0x00000006c3300000, 0x00000006c3300000, 0x00000006c3400000|  0%| F|  |TAMS 0x00000006c3300000, 0x00000006c3300000| Untracked 
|  36|0x00000006c3400000, 0x00000006c3400000, 0x00000006c3500000|  0%| F|  |TAMS 0x00000006c3400000, 0x00000006c3400000| Untracked 
|  37|0x00000006c3500000, 0x00000006c3500000, 0x00000006c3600000|  0%| F|  |TAMS 0x00000006c3500000, 0x00000006c3500000| Untracked 
|  38|0x00000006c3600000, 0x00000006c3600000, 0x00000006c3700000|  0%| F|  |TAMS 0x00000006c3600000, 0x00000006c3600000| Untracked 
|  39|0x00000006c3700000, 0x00000006c3700000, 0x00000006c3800000|  0%| F|  |TAMS 0x00000006c3700000, 0x00000006c3700000| Untracked 
|  40|0x00000006c3800000, 0x00000006c3800000, 0x00000006c3900000|  0%| F|  |TAMS 0x00000006c3800000, 0x00000006c3800000| Untracked 
|  41|0x00000006c3900000, 0x00000006c3900000, 0x00000006c3a00000|  0%| F|  |TAMS 0x00000006c3900000, 0x00000006c3900000| Untracked 
|  42|0x00000006c3a00000, 0x00000006c3a00000, 0x00000006c3b00000|  0%| F|  |TAMS 0x00000006c3a00000, 0x00000006c3a00000| Untracked 
|  43|0x00000006c3b00000, 0x00000006c3b00000, 0x00000006c3c00000|  0%| F|  |TAMS 0x00000006c3b00000, 0x00000006c3b00000| Untracked 
|  44|0x00000006c3c00000, 0x00000006c3c00000, 0x00000006c3d00000|  0%| F|  |TAMS 0x00000006c3c00000, 0x00000006c3c00000| Untracked 
|  45|0x00000006c3d00000, 0x00000006c3d00000, 0x00000006c3e00000|  0%| F|  |TAMS 0x00000006c3d00000, 0x00000006c3d00000| Untracked 
|  46|0x00000006c3e00000, 0x00000006c3e00000, 0x00000006c3f00000|  0%| F|  |TAMS 0x00000006c3e00000, 0x00000006c3e00000| Untracked 
|  47|0x00000006c3f00000, 0x00000006c3f00000, 0x00000006c4000000|  0%| F|  |TAMS 0x00000006c3f00000, 0x00000006c3f00000| Untracked 
|  48|0x00000006c4000000, 0x00000006c4000000, 0x00000006c4100000|  0%| F|  |TAMS 0x00000006c4000000, 0x00000006c4000000| Untracked 
|  49|0x00000006c4100000, 0x00000006c4100000, 0x00000006c4200000|  0%| F|  |TAMS 0x00000006c4100000, 0x00000006c4100000| Untracked 
|  50|0x00000006c4200000, 0x00000006c4200000, 0x00000006c4300000|  0%| F|  |TAMS 0x00000006c4200000, 0x00000006c4200000| Untracked 
|  51|0x00000006c4300000, 0x00000006c4300000, 0x00000006c4400000|  0%| F|  |TAMS 0x00000006c4300000, 0x00000006c4300000| Untracked 
|  52|0x00000006c4400000, 0x00000006c4400000, 0x00000006c4500000|  0%| F|  |TAMS 0x00000006c4400000, 0x00000006c4400000| Untracked 
|  53|0x00000006c4500000, 0x00000006c4500000, 0x00000006c4600000|  0%| F|  |TAMS 0x00000006c4500000, 0x00000006c4500000| Untracked 
|  54|0x00000006c4600000, 0x00000006c4600000, 0x00000006c4700000|  0%| F|  |TAMS 0x00000006c4600000, 0x00000006c4600000| Untracked 
|  55|0x00000006c4700000, 0x00000006c4700000, 0x00000006c4800000|  0%| F|  |TAMS 0x00000006c4700000, 0x00000006c4700000| Untracked 
|  56|0x00000006c4800000, 0x00000006c4800000, 0x00000006c4900000|  0%| F|  |TAMS 0x00000006c4800000, 0x00000006c4800000| Untracked 
|  57|0x00000006c4900000, 0x00000006c4900000, 0x00000006c4a00000|  0%| F|  |TAMS 0x00000006c4900000, 0x00000006c4900000| Untracked 
|  58|0x00000006c4a00000, 0x00000006c4a00000, 0x00000006c4b00000|  0%| F|  |TAMS 0x00000006c4a00000, 0x00000006c4a00000| Untracked 
|  59|0x00000006c4b00000, 0x00000006c4b00000, 0x00000006c4c00000|  0%| F|  |TAMS 0x00000006c4b00000, 0x00000006c4b00000| Untracked 
|  60|0x00000006c4c00000, 0x00000006c4c00000, 0x00000006c4d00000|  0%| F|  |TAMS 0x00000006c4c00000, 0x00000006c4c00000| Untracked 
|  61|0x00000006c4d00000, 0x00000006c4d00000, 0x00000006c4e00000|  0%| F|  |TAMS 0x00000006c4d00000, 0x00000006c4d00000| Untracked 
|  62|0x00000006c4e00000, 0x00000006c4e00000, 0x00000006c4f00000|  0%| F|  |TAMS 0x00000006c4e00000, 0x00000006c4e00000| Untracked 
|  63|0x00000006c4f00000, 0x00000006c4f00000, 0x00000006c5000000|  0%| F|  |TAMS 0x00000006c4f00000, 0x00000006c4f00000| Untracked 
|  64|0x00000006c5000000, 0x00000006c5000000, 0x00000006c5100000|  0%| F|  |TAMS 0x00000006c5000000, 0x00000006c5000000| Untracked 
|  65|0x00000006c5100000, 0x00000006c5100000, 0x00000006c5200000|  0%| F|  |TAMS 0x00000006c5100000, 0x00000006c5100000| Untracked 
|  66|0x00000006c5200000, 0x00000006c5200000, 0x00000006c5300000|  0%| F|  |TAMS 0x00000006c5200000, 0x00000006c5200000| Untracked 
|  67|0x00000006c5300000, 0x00000006c5300000, 0x00000006c5400000|  0%| F|  |TAMS 0x00000006c5300000, 0x00000006c5300000| Untracked 
|  68|0x00000006c5400000, 0x00000006c5400000, 0x00000006c5500000|  0%| F|  |TAMS 0x00000006c5400000, 0x00000006c5400000| Untracked 
|  69|0x00000006c5500000, 0x00000006c5500000, 0x00000006c5600000|  0%| F|  |TAMS 0x00000006c5500000, 0x00000006c5500000| Untracked 
|  70|0x00000006c5600000, 0x00000006c5600000, 0x00000006c5700000|  0%| F|  |TAMS 0x00000006c5600000, 0x00000006c5600000| Untracked 
|  71|0x00000006c5700000, 0x00000006c5700000, 0x00000006c5800000|  0%| F|  |TAMS 0x00000006c5700000, 0x00000006c5700000| Untracked 
|  72|0x00000006c5800000, 0x00000006c5800000, 0x00000006c5900000|  0%| F|  |TAMS 0x00000006c5800000, 0x00000006c5800000| Untracked 
|  73|0x00000006c5900000, 0x00000006c5900000, 0x00000006c5a00000|  0%| F|  |TAMS 0x00000006c5900000, 0x00000006c5900000| Untracked 
|  74|0x00000006c5a00000, 0x00000006c5a00000, 0x00000006c5b00000|  0%| F|  |TAMS 0x00000006c5a00000, 0x00000006c5a00000| Untracked 
|  75|0x00000006c5b00000, 0x00000006c5b00000, 0x00000006c5c00000|  0%| F|  |TAMS 0x00000006c5b00000, 0x00000006c5b00000| Untracked 
|  76|0x00000006c5c00000, 0x00000006c5c00000, 0x00000006c5d00000|  0%| F|  |TAMS 0x00000006c5c00000, 0x00000006c5c00000| Untracked 
|  77|0x00000006c5d00000, 0x00000006c5d00000, 0x00000006c5e00000|  0%| F|  |TAMS 0x00000006c5d00000, 0x00000006c5d00000| Untracked 
|  78|0x00000006c5e00000, 0x00000006c5e00000, 0x00000006c5f00000|  0%| F|  |TAMS 0x00000006c5e00000, 0x00000006c5e00000| Untracked 
|  79|0x00000006c5f00000, 0x00000006c5f00000, 0x00000006c6000000|  0%| F|  |TAMS 0x00000006c5f00000, 0x00000006c5f00000| Untracked 
|  80|0x00000006c6000000, 0x00000006c6000000, 0x00000006c6100000|  0%| F|  |TAMS 0x00000006c6000000, 0x00000006c6000000| Untracked 
|  81|0x00000006c6100000, 0x00000006c6100000, 0x00000006c6200000|  0%| F|  |TAMS 0x00000006c6100000, 0x00000006c6100000| Untracked 
|  82|0x00000006c6200000, 0x00000006c6200000, 0x00000006c6300000|  0%| F|  |TAMS 0x00000006c6200000, 0x00000006c6200000| Untracked 
|  83|0x00000006c6300000, 0x00000006c6300000, 0x00000006c6400000|  0%| F|  |TAMS 0x00000006c6300000, 0x00000006c6300000| Untracked 
|  84|0x00000006c6400000, 0x00000006c6400000, 0x00000006c6500000|  0%| F|  |TAMS 0x00000006c6400000, 0x00000006c6400000| Untracked 
|  85|0x00000006c6500000, 0x00000006c6500000, 0x00000006c6600000|  0%| F|  |TAMS 0x00000006c6500000, 0x00000006c6500000| Untracked 
|  86|0x00000006c6600000, 0x00000006c6600000, 0x00000006c6700000|  0%| F|  |TAMS 0x00000006c6600000, 0x00000006c6600000| Untracked 
|  87|0x00000006c6700000, 0x00000006c6700000, 0x00000006c6800000|  0%| F|  |TAMS 0x00000006c6700000, 0x00000006c6700000| Untracked 
|  88|0x00000006c6800000, 0x00000006c6800000, 0x00000006c6900000|  0%| F|  |TAMS 0x00000006c6800000, 0x00000006c6800000| Untracked 
|  89|0x00000006c6900000, 0x00000006c6900000, 0x00000006c6a00000|  0%| F|  |TAMS 0x00000006c6900000, 0x00000006c6900000| Untracked 
|  90|0x00000006c6a00000, 0x00000006c6a00000, 0x00000006c6b00000|  0%| F|  |TAMS 0x00000006c6a00000, 0x00000006c6a00000| Untracked 
|  91|0x00000006c6b00000, 0x00000006c6b00000, 0x00000006c6c00000|  0%| F|  |TAMS 0x00000006c6b00000, 0x00000006c6b00000| Untracked 
|  92|0x00000006c6c00000, 0x00000006c6c00000, 0x00000006c6d00000|  0%| F|  |TAMS 0x00000006c6c00000, 0x00000006c6c00000| Untracked 
|  93|0x00000006c6d00000, 0x00000006c6d00000, 0x00000006c6e00000|  0%| F|  |TAMS 0x00000006c6d00000, 0x00000006c6d00000| Untracked 
|  94|0x00000006c6e00000, 0x00000006c6e00000, 0x00000006c6f00000|  0%| F|  |TAMS 0x00000006c6e00000, 0x00000006c6e00000| Untracked 
|  95|0x00000006c6f00000, 0x00000006c6f00000, 0x00000006c7000000|  0%| F|  |TAMS 0x00000006c6f00000, 0x00000006c6f00000| Untracked 
|  96|0x00000006c7000000, 0x00000006c7000000, 0x00000006c7100000|  0%| F|  |TAMS 0x00000006c7000000, 0x00000006c7000000| Untracked 
|  97|0x00000006c7100000, 0x00000006c7100000, 0x00000006c7200000|  0%| F|  |TAMS 0x00000006c7100000, 0x00000006c7100000| Untracked 
|  98|0x00000006c7200000, 0x00000006c7200000, 0x00000006c7300000|  0%| F|  |TAMS 0x00000006c7200000, 0x00000006c7200000| Untracked 
|  99|0x00000006c7300000, 0x00000006c7300000, 0x00000006c7400000|  0%| F|  |TAMS 0x00000006c7300000, 0x00000006c7300000| Untracked 
| 100|0x00000006c7400000, 0x00000006c7400000, 0x00000006c7500000|  0%| F|  |TAMS 0x00000006c7400000, 0x00000006c7400000| Untracked 
| 101|0x00000006c7500000, 0x00000006c7500000, 0x00000006c7600000|  0%| F|  |TAMS 0x00000006c7500000, 0x00000006c7500000| Untracked 
| 102|0x00000006c7600000, 0x00000006c7600000, 0x00000006c7700000|  0%| F|  |TAMS 0x00000006c7600000, 0x00000006c7600000| Untracked 
| 103|0x00000006c7700000, 0x00000006c7700000, 0x00000006c7800000|  0%| F|  |TAMS 0x00000006c7700000, 0x00000006c7700000| Untracked 
| 104|0x00000006c7800000, 0x00000006c7800000, 0x00000006c7900000|  0%| F|  |TAMS 0x00000006c7800000, 0x00000006c7800000| Untracked 
| 105|0x00000006c7900000, 0x00000006c7900000, 0x00000006c7a00000|  0%| F|  |TAMS 0x00000006c7900000, 0x00000006c7900000| Untracked 
| 106|0x00000006c7a00000, 0x00000006c7a00000, 0x00000006c7b00000|  0%| F|  |TAMS 0x00000006c7a00000, 0x00000006c7a00000| Untracked 
| 107|0x00000006c7b00000, 0x00000006c7b00000, 0x00000006c7c00000|  0%| F|  |TAMS 0x00000006c7b00000, 0x00000006c7b00000| Untracked 
| 108|0x00000006c7c00000, 0x00000006c7c00000, 0x00000006c7d00000|  0%| F|  |TAMS 0x00000006c7c00000, 0x00000006c7c00000| Untracked 
| 109|0x00000006c7d00000, 0x00000006c7d00000, 0x00000006c7e00000|  0%| F|  |TAMS 0x00000006c7d00000, 0x00000006c7d00000| Untracked 
| 110|0x00000006c7e00000, 0x00000006c7e00000, 0x00000006c7f00000|  0%| F|  |TAMS 0x00000006c7e00000, 0x00000006c7e00000| Untracked 
| 111|0x00000006c7f00000, 0x00000006c7f00000, 0x00000006c8000000|  0%| F|  |TAMS 0x00000006c7f00000, 0x00000006c7f00000| Untracked 
| 112|0x00000006c8000000, 0x00000006c8000000, 0x00000006c8100000|  0%| F|  |TAMS 0x00000006c8000000, 0x00000006c8000000| Untracked 
| 113|0x00000006c8100000, 0x00000006c8100000, 0x00000006c8200000|  0%| F|  |TAMS 0x00000006c8100000, 0x00000006c8100000| Untracked 
| 114|0x00000006c8200000, 0x00000006c8200000, 0x00000006c8300000|  0%| F|  |TAMS 0x00000006c8200000, 0x00000006c8200000| Untracked 
| 115|0x00000006c8300000, 0x00000006c8300000, 0x00000006c8400000|  0%| F|  |TAMS 0x00000006c8300000, 0x00000006c8300000| Untracked 
| 116|0x00000006c8400000, 0x00000006c8400000, 0x00000006c8500000|  0%| F|  |TAMS 0x00000006c8400000, 0x00000006c8400000| Untracked 
| 117|0x00000006c8500000, 0x00000006c8500000, 0x00000006c8600000|  0%| F|  |TAMS 0x00000006c8500000, 0x00000006c8500000| Untracked 
| 118|0x00000006c8600000, 0x00000006c8600000, 0x00000006c8700000|  0%| F|  |TAMS 0x00000006c8600000, 0x00000006c8600000| Untracked 
| 119|0x00000006c8700000, 0x00000006c8700000, 0x00000006c8800000|  0%| F|  |TAMS 0x00000006c8700000, 0x00000006c8700000| Untracked 
| 120|0x00000006c8800000, 0x00000006c8800000, 0x00000006c8900000|  0%| F|  |TAMS 0x00000006c8800000, 0x00000006c8800000| Untracked 
| 121|0x00000006c8900000, 0x00000006c8900000, 0x00000006c8a00000|  0%| F|  |TAMS 0x00000006c8900000, 0x00000006c8900000| Untracked 
| 122|0x00000006c8a00000, 0x00000006c8a00000, 0x00000006c8b00000|  0%| F|  |TAMS 0x00000006c8a00000, 0x00000006c8a00000| Untracked 
| 123|0x00000006c8b00000, 0x00000006c8b00000, 0x00000006c8c00000|  0%| F|  |TAMS 0x00000006c8b00000, 0x00000006c8b00000| Untracked 
| 124|0x00000006c8c00000, 0x00000006c8c00000, 0x00000006c8d00000|  0%| F|  |TAMS 0x00000006c8c00000, 0x00000006c8c00000| Untracked 
| 125|0x00000006c8d00000, 0x00000006c8d00000, 0x00000006c8e00000|  0%| F|  |TAMS 0x00000006c8d00000, 0x00000006c8d00000| Untracked 
| 126|0x00000006c8e00000, 0x00000006c8e00000, 0x00000006c8f00000|  0%| F|  |TAMS 0x00000006c8e00000, 0x00000006c8e00000| Untracked 
| 127|0x00000006c8f00000, 0x00000006c8f00000, 0x00000006c9000000|  0%| F|  |TAMS 0x00000006c8f00000, 0x00000006c8f00000| Untracked 
| 128|0x00000006c9000000, 0x00000006c9000000, 0x00000006c9100000|  0%| F|  |TAMS 0x00000006c9000000, 0x00000006c9000000| Untracked 
| 129|0x00000006c9100000, 0x00000006c9100000, 0x00000006c9200000|  0%| F|  |TAMS 0x00000006c9100000, 0x00000006c9100000| Untracked 
| 130|0x00000006c9200000, 0x00000006c9200000, 0x00000006c9300000|  0%| F|  |TAMS 0x00000006c9200000, 0x00000006c9200000| Untracked 
| 131|0x00000006c9300000, 0x00000006c9300000, 0x00000006c9400000|  0%| F|  |TAMS 0x00000006c9300000, 0x00000006c9300000| Untracked 
| 132|0x00000006c9400000, 0x00000006c9400000, 0x00000006c9500000|  0%| F|  |TAMS 0x00000006c9400000, 0x00000006c9400000| Untracked 
| 133|0x00000006c9500000, 0x00000006c9500000, 0x00000006c9600000|  0%| F|  |TAMS 0x00000006c9500000, 0x00000006c9500000| Untracked 
| 134|0x00000006c9600000, 0x00000006c9600000, 0x00000006c9700000|  0%| F|  |TAMS 0x00000006c9600000, 0x00000006c9600000| Untracked 
| 135|0x00000006c9700000, 0x00000006c9700000, 0x00000006c9800000|  0%| F|  |TAMS 0x00000006c9700000, 0x00000006c9700000| Untracked 
| 136|0x00000006c9800000, 0x00000006c9800000, 0x00000006c9900000|  0%| F|  |TAMS 0x00000006c9800000, 0x00000006c9800000| Untracked 
| 137|0x00000006c9900000, 0x00000006c9900000, 0x00000006c9a00000|  0%| F|  |TAMS 0x00000006c9900000, 0x00000006c9900000| Untracked 
| 138|0x00000006c9a00000, 0x00000006c9a00000, 0x00000006c9b00000|  0%| F|  |TAMS 0x00000006c9a00000, 0x00000006c9a00000| Untracked 
| 139|0x00000006c9b00000, 0x00000006c9b00000, 0x00000006c9c00000|  0%| F|  |TAMS 0x00000006c9b00000, 0x00000006c9b00000| Untracked 
| 140|0x00000006c9c00000, 0x00000006c9c00000, 0x00000006c9d00000|  0%| F|  |TAMS 0x00000006c9c00000, 0x00000006c9c00000| Untracked 
| 141|0x00000006c9d00000, 0x00000006c9d00000, 0x00000006c9e00000|  0%| F|  |TAMS 0x00000006c9d00000, 0x00000006c9d00000| Untracked 
| 142|0x00000006c9e00000, 0x00000006c9e00000, 0x00000006c9f00000|  0%| F|  |TAMS 0x00000006c9e00000, 0x00000006c9e00000| Untracked 
| 143|0x00000006c9f00000, 0x00000006c9f8c448, 0x00000006ca000000| 54%| S|CS|TAMS 0x00000006c9f00000, 0x00000006c9f00000| Complete 
| 144|0x00000006ca000000, 0x00000006ca100000, 0x00000006ca100000|100%| S|CS|TAMS 0x00000006ca000000, 0x00000006ca000000| Complete 
| 145|0x00000006ca100000, 0x00000006ca200000, 0x00000006ca200000|100%| S|CS|TAMS 0x00000006ca100000, 0x00000006ca100000| Complete 
| 146|0x00000006ca200000, 0x00000006ca300000, 0x00000006ca300000|100%| S|CS|TAMS 0x00000006ca200000, 0x00000006ca200000| Complete 
| 147|0x00000006ca300000, 0x00000006ca400000, 0x00000006ca400000|100%| S|CS|TAMS 0x00000006ca300000, 0x00000006ca300000| Complete 
| 148|0x00000006ca400000, 0x00000006ca400000, 0x00000006ca500000|  0%| F|  |TAMS 0x00000006ca400000, 0x00000006ca400000| Untracked 
| 149|0x00000006ca500000, 0x00000006ca500000, 0x00000006ca600000|  0%| F|  |TAMS 0x00000006ca500000, 0x00000006ca500000| Untracked 
| 150|0x00000006ca600000, 0x00000006ca600000, 0x00000006ca700000|  0%| F|  |TAMS 0x00000006ca600000, 0x00000006ca600000| Untracked 
| 151|0x00000006ca700000, 0x00000006ca700000, 0x00000006ca800000|  0%| F|  |TAMS 0x00000006ca700000, 0x00000006ca700000| Untracked 
| 152|0x00000006ca800000, 0x00000006ca800000, 0x00000006ca900000|  0%| F|  |TAMS 0x00000006ca800000, 0x00000006ca800000| Untracked 
| 153|0x00000006ca900000, 0x00000006ca900000, 0x00000006caa00000|  0%| F|  |TAMS 0x00000006ca900000, 0x00000006ca900000| Untracked 
| 154|0x00000006caa00000, 0x00000006caa00000, 0x00000006cab00000|  0%| F|  |TAMS 0x00000006caa00000, 0x00000006caa00000| Untracked 
| 155|0x00000006cab00000, 0x00000006cab00000, 0x00000006cac00000|  0%| F|  |TAMS 0x00000006cab00000, 0x00000006cab00000| Untracked 
| 156|0x00000006cac00000, 0x00000006cac00000, 0x00000006cad00000|  0%| F|  |TAMS 0x00000006cac00000, 0x00000006cac00000| Untracked 
| 157|0x00000006cad00000, 0x00000006cad00000, 0x00000006cae00000|  0%| F|  |TAMS 0x00000006cad00000, 0x00000006cad00000| Untracked 
| 158|0x00000006cae00000, 0x00000006cae00000, 0x00000006caf00000|  0%| F|  |TAMS 0x00000006cae00000, 0x00000006cae00000| Untracked 
| 159|0x00000006caf00000, 0x00000006caf00000, 0x00000006cb000000|  0%| F|  |TAMS 0x00000006caf00000, 0x00000006caf00000| Untracked 
| 160|0x00000006cb000000, 0x00000006cb000000, 0x00000006cb100000|  0%| F|  |TAMS 0x00000006cb000000, 0x00000006cb000000| Untracked 
| 161|0x00000006cb100000, 0x00000006cb100000, 0x00000006cb200000|  0%| F|  |TAMS 0x00000006cb100000, 0x00000006cb100000| Untracked 
| 162|0x00000006cb200000, 0x00000006cb200000, 0x00000006cb300000|  0%| F|  |TAMS 0x00000006cb200000, 0x00000006cb200000| Untracked 
| 163|0x00000006cb300000, 0x00000006cb300000, 0x00000006cb400000|  0%| F|  |TAMS 0x00000006cb300000, 0x00000006cb300000| Untracked 
| 164|0x00000006cb400000, 0x00000006cb400000, 0x00000006cb500000|  0%| F|  |TAMS 0x00000006cb400000, 0x00000006cb400000| Untracked 
| 165|0x00000006cb500000, 0x00000006cb500000, 0x00000006cb600000|  0%| F|  |TAMS 0x00000006cb500000, 0x00000006cb500000| Untracked 
| 166|0x00000006cb600000, 0x00000006cb600000, 0x00000006cb700000|  0%| F|  |TAMS 0x00000006cb600000, 0x00000006cb600000| Untracked 
| 167|0x00000006cb700000, 0x00000006cb700000, 0x00000006cb800000|  0%| F|  |TAMS 0x00000006cb700000, 0x00000006cb700000| Untracked 
| 168|0x00000006cb800000, 0x00000006cb800000, 0x00000006cb900000|  0%| F|  |TAMS 0x00000006cb800000, 0x00000006cb800000| Untracked 
| 169|0x00000006cb900000, 0x00000006cb900000, 0x00000006cba00000|  0%| F|  |TAMS 0x00000006cb900000, 0x00000006cb900000| Untracked 
| 170|0x00000006cba00000, 0x00000006cba00000, 0x00000006cbb00000|  0%| F|  |TAMS 0x00000006cba00000, 0x00000006cba00000| Untracked 
| 171|0x00000006cbb00000, 0x00000006cbb00000, 0x00000006cbc00000|  0%| F|  |TAMS 0x00000006cbb00000, 0x00000006cbb00000| Untracked 
| 172|0x00000006cbc00000, 0x00000006cbc00000, 0x00000006cbd00000|  0%| F|  |TAMS 0x00000006cbc00000, 0x00000006cbc00000| Untracked 
| 173|0x00000006cbd00000, 0x00000006cbd00000, 0x00000006cbe00000|  0%| F|  |TAMS 0x00000006cbd00000, 0x00000006cbd00000| Untracked 
| 174|0x00000006cbe00000, 0x00000006cbe00000, 0x00000006cbf00000|  0%| F|  |TAMS 0x00000006cbe00000, 0x00000006cbe00000| Untracked 
| 175|0x00000006cbf00000, 0x00000006cbf00000, 0x00000006cc000000|  0%| F|  |TAMS 0x00000006cbf00000, 0x00000006cbf00000| Untracked 
| 176|0x00000006cc000000, 0x00000006cc000000, 0x00000006cc100000|  0%| F|  |TAMS 0x00000006cc000000, 0x00000006cc000000| Untracked 
| 177|0x00000006cc100000, 0x00000006cc100000, 0x00000006cc200000|  0%| F|  |TAMS 0x00000006cc100000, 0x00000006cc100000| Untracked 
| 178|0x00000006cc200000, 0x00000006cc200000, 0x00000006cc300000|  0%| F|  |TAMS 0x00000006cc200000, 0x00000006cc200000| Untracked 
| 179|0x00000006cc300000, 0x00000006cc300000, 0x00000006cc400000|  0%| F|  |TAMS 0x00000006cc300000, 0x00000006cc300000| Untracked 
| 180|0x00000006cc400000, 0x00000006cc400000, 0x00000006cc500000|  0%| F|  |TAMS 0x00000006cc400000, 0x00000006cc400000| Untracked 
| 181|0x00000006cc500000, 0x00000006cc500000, 0x00000006cc600000|  0%| F|  |TAMS 0x00000006cc500000, 0x00000006cc500000| Untracked 
| 182|0x00000006cc600000, 0x00000006cc600000, 0x00000006cc700000|  0%| F|  |TAMS 0x00000006cc600000, 0x00000006cc600000| Untracked 
| 183|0x00000006cc700000, 0x00000006cc700000, 0x00000006cc800000|  0%| F|  |TAMS 0x00000006cc700000, 0x00000006cc700000| Untracked 
| 184|0x00000006cc800000, 0x00000006cc800000, 0x00000006cc900000|  0%| F|  |TAMS 0x00000006cc800000, 0x00000006cc800000| Untracked 
| 185|0x00000006cc900000, 0x00000006cc900000, 0x00000006cca00000|  0%| F|  |TAMS 0x00000006cc900000, 0x00000006cc900000| Untracked 
| 186|0x00000006cca00000, 0x00000006cca00000, 0x00000006ccb00000|  0%| F|  |TAMS 0x00000006cca00000, 0x00000006cca00000| Untracked 
| 187|0x00000006ccb00000, 0x00000006ccb00000, 0x00000006ccc00000|  0%| F|  |TAMS 0x00000006ccb00000, 0x00000006ccb00000| Untracked 
| 188|0x00000006ccc00000, 0x00000006ccc00000, 0x00000006ccd00000|  0%| F|  |TAMS 0x00000006ccc00000, 0x00000006ccc00000| Untracked 
| 189|0x00000006ccd00000, 0x00000006ccd00000, 0x00000006cce00000|  0%| F|  |TAMS 0x00000006ccd00000, 0x00000006ccd00000| Untracked 
| 190|0x00000006cce00000, 0x00000006cce00000, 0x00000006ccf00000|  0%| F|  |TAMS 0x00000006cce00000, 0x00000006cce00000| Untracked 
| 191|0x00000006ccf00000, 0x00000006ccf00000, 0x00000006cd000000|  0%| F|  |TAMS 0x00000006ccf00000, 0x00000006ccf00000| Untracked 
| 192|0x00000006cd000000, 0x00000006cd000000, 0x00000006cd100000|  0%| F|  |TAMS 0x00000006cd000000, 0x00000006cd000000| Untracked 
| 193|0x00000006cd100000, 0x00000006cd100000, 0x00000006cd200000|  0%| F|  |TAMS 0x00000006cd100000, 0x00000006cd100000| Untracked 
| 194|0x00000006cd200000, 0x00000006cd200000, 0x00000006cd300000|  0%| F|  |TAMS 0x00000006cd200000, 0x00000006cd200000| Untracked 
| 195|0x00000006cd300000, 0x00000006cd300000, 0x00000006cd400000|  0%| F|  |TAMS 0x00000006cd300000, 0x00000006cd300000| Untracked 
| 196|0x00000006cd400000, 0x00000006cd400000, 0x00000006cd500000|  0%| F|  |TAMS 0x00000006cd400000, 0x00000006cd400000| Untracked 
| 197|0x00000006cd500000, 0x00000006cd500000, 0x00000006cd600000|  0%| F|  |TAMS 0x00000006cd500000, 0x00000006cd500000| Untracked 
| 198|0x00000006cd600000, 0x00000006cd600000, 0x00000006cd700000|  0%| F|  |TAMS 0x00000006cd600000, 0x00000006cd600000| Untracked 
| 199|0x00000006cd700000, 0x00000006cd700000, 0x00000006cd800000|  0%| F|  |TAMS 0x00000006cd700000, 0x00000006cd700000| Untracked 
| 200|0x00000006cd800000, 0x00000006cd800000, 0x00000006cd900000|  0%| F|  |TAMS 0x00000006cd800000, 0x00000006cd800000| Untracked 
| 201|0x00000006cd900000, 0x00000006cd900000, 0x00000006cda00000|  0%| F|  |TAMS 0x00000006cd900000, 0x00000006cd900000| Untracked 
| 202|0x00000006cda00000, 0x00000006cda00000, 0x00000006cdb00000|  0%| F|  |TAMS 0x00000006cda00000, 0x00000006cda00000| Untracked 
| 203|0x00000006cdb00000, 0x00000006cdb00000, 0x00000006cdc00000|  0%| F|  |TAMS 0x00000006cdb00000, 0x00000006cdb00000| Untracked 
| 204|0x00000006cdc00000, 0x00000006cdc00000, 0x00000006cdd00000|  0%| F|  |TAMS 0x00000006cdc00000, 0x00000006cdc00000| Untracked 
| 205|0x00000006cdd00000, 0x00000006cdd00000, 0x00000006cde00000|  0%| F|  |TAMS 0x00000006cdd00000, 0x00000006cdd00000| Untracked 
| 206|0x00000006cde00000, 0x00000006cde00000, 0x00000006cdf00000|  0%| F|  |TAMS 0x00000006cde00000, 0x00000006cde00000| Untracked 
| 207|0x00000006cdf00000, 0x00000006cdf00000, 0x00000006ce000000|  0%| F|  |TAMS 0x00000006cdf00000, 0x00000006cdf00000| Untracked 
| 208|0x00000006ce000000, 0x00000006ce000000, 0x00000006ce100000|  0%| F|  |TAMS 0x00000006ce000000, 0x00000006ce000000| Untracked 
| 209|0x00000006ce100000, 0x00000006ce100000, 0x00000006ce200000|  0%| F|  |TAMS 0x00000006ce100000, 0x00000006ce100000| Untracked 
| 210|0x00000006ce200000, 0x00000006ce200000, 0x00000006ce300000|  0%| F|  |TAMS 0x00000006ce200000, 0x00000006ce200000| Untracked 
| 211|0x00000006ce300000, 0x00000006ce300000, 0x00000006ce400000|  0%| F|  |TAMS 0x00000006ce300000, 0x00000006ce300000| Untracked 
| 212|0x00000006ce400000, 0x00000006ce400000, 0x00000006ce500000|  0%| F|  |TAMS 0x00000006ce400000, 0x00000006ce400000| Untracked 
| 213|0x00000006ce500000, 0x00000006ce500000, 0x00000006ce600000|  0%| F|  |TAMS 0x00000006ce500000, 0x00000006ce500000| Untracked 
| 214|0x00000006ce600000, 0x00000006ce600000, 0x00000006ce700000|  0%| F|  |TAMS 0x00000006ce600000, 0x00000006ce600000| Untracked 
| 215|0x00000006ce700000, 0x00000006ce700000, 0x00000006ce800000|  0%| F|  |TAMS 0x00000006ce700000, 0x00000006ce700000| Untracked 
| 216|0x00000006ce800000, 0x00000006ce800000, 0x00000006ce900000|  0%| F|  |TAMS 0x00000006ce800000, 0x00000006ce800000| Untracked 
| 217|0x00000006ce900000, 0x00000006ce900000, 0x00000006cea00000|  0%| F|  |TAMS 0x00000006ce900000, 0x00000006ce900000| Untracked 
| 218|0x00000006cea00000, 0x00000006cea00000, 0x00000006ceb00000|  0%| F|  |TAMS 0x00000006cea00000, 0x00000006cea00000| Untracked 
| 219|0x00000006ceb00000, 0x00000006ceb00000, 0x00000006cec00000|  0%| F|  |TAMS 0x00000006ceb00000, 0x00000006ceb00000| Untracked 
| 220|0x00000006cec00000, 0x00000006cec00000, 0x00000006ced00000|  0%| F|  |TAMS 0x00000006cec00000, 0x00000006cec00000| Untracked 
| 221|0x00000006ced00000, 0x00000006ced00000, 0x00000006cee00000|  0%| F|  |TAMS 0x00000006ced00000, 0x00000006ced00000| Untracked 
| 222|0x00000006cee00000, 0x00000006cee00000, 0x00000006cef00000|  0%| F|  |TAMS 0x00000006cee00000, 0x00000006cee00000| Untracked 
| 223|0x00000006cef00000, 0x00000006cef00000, 0x00000006cf000000|  0%| F|  |TAMS 0x00000006cef00000, 0x00000006cef00000| Untracked 
| 224|0x00000006cf000000, 0x00000006cf000000, 0x00000006cf100000|  0%| F|  |TAMS 0x00000006cf000000, 0x00000006cf000000| Untracked 
| 225|0x00000006cf100000, 0x00000006cf100000, 0x00000006cf200000|  0%| F|  |TAMS 0x00000006cf100000, 0x00000006cf100000| Untracked 
| 226|0x00000006cf200000, 0x00000006cf200000, 0x00000006cf300000|  0%| F|  |TAMS 0x00000006cf200000, 0x00000006cf200000| Untracked 
| 227|0x00000006cf300000, 0x00000006cf300000, 0x00000006cf400000|  0%| F|  |TAMS 0x00000006cf300000, 0x00000006cf300000| Untracked 
| 228|0x00000006cf400000, 0x00000006cf400000, 0x00000006cf500000|  0%| F|  |TAMS 0x00000006cf400000, 0x00000006cf400000| Untracked 
| 229|0x00000006cf500000, 0x00000006cf500000, 0x00000006cf600000|  0%| F|  |TAMS 0x00000006cf500000, 0x00000006cf500000| Untracked 
| 230|0x00000006cf600000, 0x00000006cf600000, 0x00000006cf700000|  0%| F|  |TAMS 0x00000006cf600000, 0x00000006cf600000| Untracked 
| 231|0x00000006cf700000, 0x00000006cf700000, 0x00000006cf800000|  0%| F|  |TAMS 0x00000006cf700000, 0x00000006cf700000| Untracked 
| 232|0x00000006cf800000, 0x00000006cf800000, 0x00000006cf900000|  0%| F|  |TAMS 0x00000006cf800000, 0x00000006cf800000| Untracked 
| 233|0x00000006cf900000, 0x00000006cf900000, 0x00000006cfa00000|  0%| F|  |TAMS 0x00000006cf900000, 0x00000006cf900000| Untracked 
| 234|0x00000006cfa00000, 0x00000006cfa00000, 0x00000006cfb00000|  0%| F|  |TAMS 0x00000006cfa00000, 0x00000006cfa00000| Untracked 
| 235|0x00000006cfb00000, 0x00000006cfb00000, 0x00000006cfc00000|  0%| F|  |TAMS 0x00000006cfb00000, 0x00000006cfb00000| Untracked 
| 236|0x00000006cfc00000, 0x00000006cfc00000, 0x00000006cfd00000|  0%| F|  |TAMS 0x00000006cfc00000, 0x00000006cfc00000| Untracked 
| 237|0x00000006cfd00000, 0x00000006cfd00000, 0x00000006cfe00000|  0%| F|  |TAMS 0x00000006cfd00000, 0x00000006cfd00000| Untracked 
| 238|0x00000006cfe00000, 0x00000006cfe00000, 0x00000006cff00000|  0%| F|  |TAMS 0x00000006cfe00000, 0x00000006cfe00000| Untracked 
| 239|0x00000006cff00000, 0x00000006cff00000, 0x00000006d0000000|  0%| F|  |TAMS 0x00000006cff00000, 0x00000006cff00000| Untracked 
| 240|0x00000006d0000000, 0x00000006d0000000, 0x00000006d0100000|  0%| F|  |TAMS 0x00000006d0000000, 0x00000006d0000000| Untracked 
| 241|0x00000006d0100000, 0x00000006d0100000, 0x00000006d0200000|  0%| F|  |TAMS 0x00000006d0100000, 0x00000006d0100000| Untracked 
| 242|0x00000006d0200000, 0x00000006d0200000, 0x00000006d0300000|  0%| F|  |TAMS 0x00000006d0200000, 0x00000006d0200000| Untracked 
| 243|0x00000006d0300000, 0x00000006d0300000, 0x00000006d0400000|  0%| F|  |TAMS 0x00000006d0300000, 0x00000006d0300000| Untracked 
| 244|0x00000006d0400000, 0x00000006d0400000, 0x00000006d0500000|  0%| F|  |TAMS 0x00000006d0400000, 0x00000006d0400000| Untracked 
| 245|0x00000006d0500000, 0x00000006d0500000, 0x00000006d0600000|  0%| F|  |TAMS 0x00000006d0500000, 0x00000006d0500000| Untracked 
| 246|0x00000006d0600000, 0x00000006d0600000, 0x00000006d0700000|  0%| F|  |TAMS 0x00000006d0600000, 0x00000006d0600000| Untracked 
| 247|0x00000006d0700000, 0x00000006d0700000, 0x00000006d0800000|  0%| F|  |TAMS 0x00000006d0700000, 0x00000006d0700000| Untracked 
| 248|0x00000006d0800000, 0x00000006d0800000, 0x00000006d0900000|  0%| F|  |TAMS 0x00000006d0800000, 0x00000006d0800000| Untracked 
| 249|0x00000006d0900000, 0x00000006d0900000, 0x00000006d0a00000|  0%| F|  |TAMS 0x00000006d0900000, 0x00000006d0900000| Untracked 
| 250|0x00000006d0a00000, 0x00000006d0a00000, 0x00000006d0b00000|  0%| F|  |TAMS 0x00000006d0a00000, 0x00000006d0a00000| Untracked 
| 251|0x00000006d0b00000, 0x00000006d0b00000, 0x00000006d0c00000|  0%| F|  |TAMS 0x00000006d0b00000, 0x00000006d0b00000| Untracked 
| 252|0x00000006d0c00000, 0x00000006d0c00000, 0x00000006d0d00000|  0%| F|  |TAMS 0x00000006d0c00000, 0x00000006d0c00000| Untracked 
| 253|0x00000006d0d00000, 0x00000006d0d00000, 0x00000006d0e00000|  0%| F|  |TAMS 0x00000006d0d00000, 0x00000006d0d00000| Untracked 
| 254|0x00000006d0e00000, 0x00000006d0e00000, 0x00000006d0f00000|  0%| F|  |TAMS 0x00000006d0e00000, 0x00000006d0e00000| Untracked 
| 255|0x00000006d0f00000, 0x00000006d0f80000, 0x00000006d1000000| 50%| E|  |TAMS 0x00000006d0f00000, 0x00000006d0f00000| Complete 

Card table byte_map: [0x000002142c450000,0x000002142cc50000] _byte_map_base: 0x0000021428e48000

Marking Bits (Prev, Next): (CMBitMap*) 0x00000214122b8858, (CMBitMap*) 0x00000214122b8898
 Prev Bits: [0x000002142d450000, 0x0000021431410000)
 Next Bits: [0x0000021431410000, 0x00000214353d0000)

Polling page: 0x0000021412310000

Metaspace:

Usage:
  Non-class:     16.99 MB capacity,    16.73 MB ( 99%) used,   210.98 KB (  1%) free+waste,    49.63 KB ( <1%) overhead. 
      Class:      1.71 MB capacity,     1.54 MB ( 90%) used,   150.21 KB (  9%) free+waste,    23.00 KB (  1%) overhead. 
       Both:     18.70 MB capacity,    18.28 MB ( 98%) used,   361.20 KB (  2%) free+waste,    72.63 KB ( <1%) overhead. 

Virtual space:
  Non-class space:       32.00 MB reserved,      17.00 MB ( 53%) committed 
      Class space:        1.00 GB reserved,       1.75 MB ( <1%) committed 
             Both:        1.03 GB reserved,      18.75 MB (  2%) committed 

Chunk freelists:
   Non-Class:  12.00 KB
       Class:  7.00 KB
        Both:  19.00 KB

MaxMetaspaceSize: 17179869184.00 GB
CompressedClassSpaceSize: 1.00 GB

CodeHeap 'non-profiled nmethods': size=120000Kb used=1432Kb max_used=1432Kb free=118567Kb
 bounds [0x0000021423cb0000, 0x0000021423f20000, 0x000002142b1e0000]
CodeHeap 'profiled nmethods': size=120000Kb used=4053Kb max_used=4053Kb free=115946Kb
 bounds [0x000002141c780000, 0x000002141cb80000, 0x0000021423cb0000]
CodeHeap 'non-nmethods': size=5760Kb used=1632Kb max_used=1672Kb free=4127Kb
 bounds [0x000002141c1e0000, 0x000002141c450000, 0x000002141c780000]
 total_blobs=4427 nmethods=2300 adapters=939
 compilation: enabled
              stopped_count=0, restarted_count=0
 full_count=0

Compilation events (20 events):
Event: 178.568 Thread 0x00000214388b6800 nmethod 2276 0x0000021423e14490 code [0x0000021423e14620, 0x0000021423e146d8]
Event: 178.585 Thread 0x00000214388b6800 2279       3       java.util.stream.AbstractPipeline::copyIntoWithCancel (46 bytes)
Event: 178.586 Thread 0x00000214388b6800 nmethod 2279 0x000002141cb6fe10 code [0x000002141cb70000, 0x000002141cb704d8]
Event: 178.629 Thread 0x00000214388b6800 2280       3       java.util.KeyValueHolder::<init> (21 bytes)
Event: 178.630 Thread 0x00000214388b6800 nmethod 2280 0x000002141cb70690 code [0x000002141cb70880, 0x000002141cb70d58]
Event: 178.646 Thread 0x00000214388b6800 2281       3       java.util.Collection::stream (11 bytes)
Event: 178.646 Thread 0x00000214388b6800 nmethod 2281 0x000002141cb70f10 code [0x000002141cb71100, 0x000002141cb71638]
Event: 178.647 Thread 0x00000214388b6800 2282       3       java.util.Spliterator::getExactSizeIfKnown (25 bytes)
Event: 178.647 Thread 0x00000214388b6800 nmethod 2282 0x000002141cb71810 code [0x000002141cb719c0, 0x000002141cb71c98]
Event: 178.648 Thread 0x00000214388b6800 2283       3       java.lang.invoke.BoundMethodHandle::editor (8 bytes)
Event: 178.648 Thread 0x00000214388b6800 nmethod 2283 0x000002141cb71d90 code [0x000002141cb71f60, 0x000002141cb722e8]
Event: 178.657 Thread 0x00000214388b5000 2284       4       java.io.DataInputStream::readUTF (501 bytes)
Event: 178.659 Thread 0x00000214388b6800 2285       3       java.io.DataInputStream::readFully (9 bytes)
Event: 178.659 Thread 0x00000214388b6800 nmethod 2285 0x000002141cb72490 code [0x000002141cb72640, 0x000002141cb72788]
Event: 178.660 Thread 0x00000214388b6800 2287       3       java.util.Arrays$ArrayItr::hasNext (18 bytes)
Event: 178.660 Thread 0x00000214388b6800 nmethod 2287 0x000002141cb72890 code [0x000002141cb72a20, 0x000002141cb72b98]
Event: 178.660 Thread 0x00000214388b6800 2288       3       java.util.Arrays$ArrayItr::next (36 bytes)
Event: 178.660 Thread 0x00000214388b6800 nmethod 2288 0x000002141cb72c90 code [0x000002141cb72e40, 0x000002141cb73028]
Event: 178.661 Thread 0x00000214388b6800 2289       3       java.util.concurrent.ConcurrentHashMap$KeyIterator::next (34 bytes)
Event: 178.661 Thread 0x00000214388b6800 nmethod 2289 0x000002141cb73110 code [0x000002141cb732c0, 0x000002141cb73518]

GC Heap History (12 events):
Event: 0.450 GC heap before
{Heap before GC invocations=0 (full 0):
 garbage-first heap   total 262144K, used 23552K [0x00000006c1000000, 0x00000007c0000000)
  region size 1024K, 23 young (23552K), 0 survivors (0K)
 Metaspace       used 10197K, capacity 10420K, committed 10624K, reserved 1058816K
  class space    used 994K, capacity 1092K, committed 1152K, reserved 1048576K
}
Event: 0.453 GC heap after
{Heap after GC invocations=1 (full 0):
 garbage-first heap   total 262144K, used 2206K [0x00000006c1000000, 0x00000007c0000000)
  region size 1024K, 3 young (3072K), 3 survivors (3072K)
 Metaspace       used 10197K, capacity 10420K, committed 10624K, reserved 1058816K
  class space    used 994K, capacity 1092K, committed 1152K, reserved 1048576K
}
Event: 0.903 GC heap before
{Heap before GC invocations=1 (full 0):
 garbage-first heap   total 262144K, used 41118K [0x00000006c1000000, 0x00000007c0000000)
  region size 1024K, 40 young (40960K), 3 survivors (3072K)
 Metaspace       used 13216K, capacity 13630K, committed 13824K, reserved 1060864K
  class space    used 1297K, capacity 1445K, committed 1536K, reserved 1048576K
}
Event: 0.913 GC heap after
{Heap after GC invocations=2 (full 0):
 garbage-first heap   total 262144K, used 14140K [0x00000006c1000000, 0x00000007c0000000)
  region size 1024K, 5 young (5120K), 5 survivors (5120K)
 Metaspace       used 13216K, capacity 13630K, committed 13824K, reserved 1060864K
  class space    used 1297K, capacity 1445K, committed 1536K, reserved 1048576K
}
Event: 22.125 GC heap before
{Heap before GC invocations=2 (full 0):
 garbage-first heap   total 262144K, used 128828K [0x00000006c1000000, 0x00000007c0000000)
  region size 1024K, 117 young (119808K), 5 survivors (5120K)
 Metaspace       used 17987K, capacity 18411K, committed 18688K, reserved 1067008K
  class space    used 1522K, capacity 1677K, committed 1792K, reserved 1048576K
}
Event: 22.132 GC heap after
{Heap after GC invocations=3 (full 0):
 garbage-first heap   total 262144K, used 15424K [0x00000006c1000000, 0x00000007c0000000)
  region size 1024K, 7 young (7168K), 7 survivors (7168K)
 Metaspace       used 17987K, capacity 18411K, committed 18688K, reserved 1067008K
  class space    used 1522K, capacity 1677K, committed 1792K, reserved 1048576K
}
Event: 56.498 GC heap before
{Heap before GC invocations=3 (full 0):
 garbage-first heap   total 262144K, used 164928K [0x00000006c1000000, 0x00000007c0000000)
  region size 1024K, 153 young (156672K), 7 survivors (7168K)
 Metaspace       used 17988K, capacity 18411K, committed 18688K, reserved 1067008K
  class space    used 1522K, capacity 1677K, committed 1792K, reserved 1048576K
}
Event: 56.503 GC heap after
{Heap after GC invocations=4 (full 0):
 garbage-first heap   total 262144K, used 15872K [0x00000006c1000000, 0x00000007c0000000)
  region size 1024K, 7 young (7168K), 7 survivors (7168K)
 Metaspace       used 17988K, capacity 18411K, committed 18688K, reserved 1067008K
  class space    used 1522K, capacity 1677K, committed 1792K, reserved 1048576K
}
Event: 94.705 GC heap before
{Heap before GC invocations=4 (full 0):
 garbage-first heap   total 262144K, used 165376K [0x00000006c1000000, 0x00000007c0000000)
  region size 1024K, 153 young (156672K), 7 survivors (7168K)
 Metaspace       used 17988K, capacity 18411K, committed 18688K, reserved 1067008K
  class space    used 1522K, capacity 1677K, committed 1792K, reserved 1048576K
}
Event: 94.743 GC heap after
{Heap after GC invocations=5 (full 0):
 garbage-first heap   total 262144K, used 15923K [0x00000006c1000000, 0x00000007c0000000)
  region size 1024K, 7 young (7168K), 7 survivors (7168K)
 Metaspace       used 17988K, capacity 18411K, committed 18688K, reserved 1067008K
  class space    used 1522K, capacity 1677K, committed 1792K, reserved 1048576K
}
Event: 145.334 GC heap before
{Heap before GC invocations=5 (full 0):
 garbage-first heap   total 262144K, used 165427K [0x00000006c1000000, 0x00000007c0000000)
  region size 1024K, 153 young (156672K), 7 survivors (7168K)
 Metaspace       used 17988K, capacity 18411K, committed 18688K, reserved 1067008K
  class space    used 1522K, capacity 1677K, committed 1792K, reserved 1048576K
}
Event: 145.352 GC heap after
{Heap after GC invocations=6 (full 0):
 garbage-first heap   total 262144K, used 16124K [0x00000006c1000000, 0x00000007c0000000)
  region size 1024K, 7 young (7168K), 7 survivors (7168K)
 Metaspace       used 17988K, capacity 18411K, committed 18688K, reserved 1067008K
  class space    used 1522K, capacity 1677K, committed 1792K, reserved 1048576K
}

Deoptimization events (20 events):
Event: 22.756 Thread 0x0000021412251000 DEOPT PACKING pc=0x0000021423db9e64 sp=0x000000211bffd220
Event: 22.756 Thread 0x0000021412251000 DEOPT UNPACKING pc=0x000002141c22912f sp=0x000000211bffd1d0 mode 2
Event: 22.756 Thread 0x0000021412251000 Uncommon trap: trap_request=0xffffffd6 fr.pc=0x0000021423db9e64 relative=0x00000000000003a4
Event: 22.756 Thread 0x0000021412251000 Uncommon trap: reason=array_check action=maybe_recompile pc=0x0000021423db9e64 method=java.util.Arrays.fill([Ljava/lang/Object;Ljava/lang/Object;)V @ 13 c2
Event: 22.756 Thread 0x0000021412251000 DEOPT PACKING pc=0x0000021423db9e64 sp=0x000000211bffd220
Event: 22.756 Thread 0x0000021412251000 DEOPT UNPACKING pc=0x000002141c22912f sp=0x000000211bffd1d0 mode 2
Event: 23.090 Thread 0x0000021412251000 Uncommon trap: trap_request=0xffffffbe fr.pc=0x0000021423d9bc30 relative=0x00000000000001f0
Event: 23.090 Thread 0x0000021412251000 Uncommon trap: reason=profile_predicate action=maybe_recompile pc=0x0000021423d9bc30 method=java.util.Arrays.fill([Ljava/lang/Object;Ljava/lang/Object;)V @ 5 c2
Event: 23.090 Thread 0x0000021412251000 DEOPT PACKING pc=0x0000021423d9bc30 sp=0x000000211bffd220
Event: 23.090 Thread 0x0000021412251000 DEOPT UNPACKING pc=0x000002141c22912f sp=0x000000211bffd1e8 mode 2
Event: 170.089 Thread 0x0000021412251000 Uncommon trap: trap_request=0xffffff45 fr.pc=0x0000021423dfc378 relative=0x00000000000009b8
Event: 170.090 Thread 0x0000021412251000 Uncommon trap: reason=unstable_if action=reinterpret pc=0x0000021423dfc378 method=com.nick.wood.graphics_library.ShadowMap.<init>()V @ 73 c2
Event: 170.091 Thread 0x0000021412251000 DEOPT PACKING pc=0x0000021423dfc378 sp=0x000000211bffd260
Event: 170.091 Thread 0x0000021412251000 DEOPT UNPACKING pc=0x000002141c22912f sp=0x000000211bffd250 mode 2
Event: 170.772 Thread 0x0000021412251000 DEOPT PACKING pc=0x000002141cb493f7 sp=0x000000211bffcac0
Event: 170.772 Thread 0x0000021412251000 DEOPT UNPACKING pc=0x000002141c22964e sp=0x000000211bffc028 mode 0
Event: 178.439 Thread 0x0000021412251000 Uncommon trap: trap_request=0xffffff45 fr.pc=0x0000021423dcb26c relative=0x000000000000012c
Event: 178.439 Thread 0x0000021412251000 Uncommon trap: reason=unstable_if action=reinterpret pc=0x0000021423dcb26c method=org.lwjgl.system.MemoryUtil.nmemAllocChecked(J)J @ 24 c2
Event: 178.439 Thread 0x0000021412251000 DEOPT PACKING pc=0x0000021423dcb26c sp=0x000000211bffd2c0
Event: 178.440 Thread 0x0000021412251000 DEOPT UNPACKING pc=0x000002141c22912f sp=0x000000211bffd1d8 mode 2

Classes unloaded (0 events):
No events

Classes redefined (0 events):
No events

Internal exceptions (20 events):
Event: 170.940 Thread 0x0000021412251000 Exception <a 'sun/nio/fs/WindowsException'{0x00000006cc2a6fb8}> (0x00000006cc2a6fb8) 
thrown [t:/workspace/open/src/hotspot/share/prims/jni.cpp, line 599]
Event: 170.940 Thread 0x0000021412251000 Exception <a 'sun/nio/fs/WindowsException'{0x00000006cc2ae8c0}> (0x00000006cc2ae8c0) 
thrown [t:/workspace/open/src/hotspot/share/prims/jni.cpp, line 599]
Event: 170.957 Thread 0x0000021412251000 Exception <a 'sun/nio/fs/WindowsException'{0x00000006cc2baa40}> (0x00000006cc2baa40) 
thrown [t:/workspace/open/src/hotspot/share/prims/jni.cpp, line 599]
Event: 170.957 Thread 0x0000021412251000 Exception <a 'sun/nio/fs/WindowsException'{0x00000006cc2c2348}> (0x00000006cc2c2348) 
thrown [t:/workspace/open/src/hotspot/share/prims/jni.cpp, line 599]
Event: 170.974 Thread 0x0000021412251000 Exception <a 'sun/nio/fs/WindowsException'{0x00000006cc2ce4c8}> (0x00000006cc2ce4c8) 
thrown [t:/workspace/open/src/hotspot/share/prims/jni.cpp, line 599]
Event: 170.974 Thread 0x0000021412251000 Exception <a 'sun/nio/fs/WindowsException'{0x00000006cc2d5dd0}> (0x00000006cc2d5dd0) 
thrown [t:/workspace/open/src/hotspot/share/prims/jni.cpp, line 599]
Event: 170.991 Thread 0x0000021412251000 Exception <a 'sun/nio/fs/WindowsException'{0x00000006cc2e1f50}> (0x00000006cc2e1f50) 
thrown [t:/workspace/open/src/hotspot/share/prims/jni.cpp, line 599]
Event: 170.991 Thread 0x0000021412251000 Exception <a 'sun/nio/fs/WindowsException'{0x00000006cc2e9858}> (0x00000006cc2e9858) 
thrown [t:/workspace/open/src/hotspot/share/prims/jni.cpp, line 599]
Event: 171.208 Thread 0x0000021412251000 Exception <a 'sun/nio/fs/WindowsException'{0x00000006cc1e97b0}> (0x00000006cc1e97b0) 
thrown [t:/workspace/open/src/hotspot/share/prims/jni.cpp, line 599]
Event: 171.208 Thread 0x0000021412251000 Exception <a 'sun/nio/fs/WindowsException'{0x00000006cc1f10b8}> (0x00000006cc1f10b8) 
thrown [t:/workspace/open/src/hotspot/share/prims/jni.cpp, line 599]
Event: 171.224 Thread 0x0000021412251000 Exception <a 'sun/nio/fs/WindowsException'{0x00000006cc1fd238}> (0x00000006cc1fd238) 
thrown [t:/workspace/open/src/hotspot/share/prims/jni.cpp, line 599]
Event: 171.224 Thread 0x0000021412251000 Exception <a 'sun/nio/fs/WindowsException'{0x00000006cc006bb0}> (0x00000006cc006bb0) 
thrown [t:/workspace/open/src/hotspot/share/prims/jni.cpp, line 599]
Event: 171.241 Thread 0x0000021412251000 Exception <a 'sun/nio/fs/WindowsException'{0x00000006cc012d30}> (0x00000006cc012d30) 
thrown [t:/workspace/open/src/hotspot/share/prims/jni.cpp, line 599]
Event: 171.241 Thread 0x0000021412251000 Exception <a 'sun/nio/fs/WindowsException'{0x00000006cc01a638}> (0x00000006cc01a638) 
thrown [t:/workspace/open/src/hotspot/share/prims/jni.cpp, line 599]
Event: 171.258 Thread 0x0000021412251000 Exception <a 'sun/nio/fs/WindowsException'{0x00000006cc0267b8}> (0x00000006cc0267b8) 
thrown [t:/workspace/open/src/hotspot/share/prims/jni.cpp, line 599]
Event: 171.258 Thread 0x0000021412251000 Exception <a 'sun/nio/fs/WindowsException'{0x00000006cc02e0c0}> (0x00000006cc02e0c0) 
thrown [t:/workspace/open/src/hotspot/share/prims/jni.cpp, line 599]
Event: 171.274 Thread 0x0000021412251000 Exception <a 'sun/nio/fs/WindowsException'{0x00000006cc03a240}> (0x00000006cc03a240) 
thrown [t:/workspace/open/src/hotspot/share/prims/jni.cpp, line 599]
Event: 171.274 Thread 0x0000021412251000 Exception <a 'sun/nio/fs/WindowsException'{0x00000006cc041b48}> (0x00000006cc041b48) 
thrown [t:/workspace/open/src/hotspot/share/prims/jni.cpp, line 599]
Event: 178.441 Thread 0x0000021412251000 Exception <a 'java/lang/reflect/InvocationTargetException'{0x00000006ca5c3448}> (0x00000006ca5c3448) 
thrown [t:/workspace/open/src/hotspot/share/runtime/reflection.cpp, line 1188]
Event: 178.579 Thread 0x0000021412251000 Exception <a 'java/lang/NoSuchMethodError'{0x00000006ca5e5010}: 'void java.lang.invoke.DirectMethodHandle$Holder.invokeStatic(java.lang.Object, java.lang.Object, java.lang.Object, java.lang.Object, java.lang.Object, java.lang.Object)'> (0x00000006ca5e5010) 
thrown [t:/workspace/open/src/hotspot/share/interpreter/linkResolver.cpp, line 766]

Events (20 events):
Event: 178.642 loading class sun/util/logging/PlatformLogger$Level
Event: 178.642 loading class sun/util/logging/PlatformLogger$Level done
Event: 178.642 loading class jdk/internal/logger/SimpleConsoleLogger$Formatting
Event: 178.644 loading class jdk/internal/logger/SimpleConsoleLogger$Formatting done
Event: 178.644 loading class java/util/logging/ErrorManager
Event: 178.644 loading class java/util/logging/ErrorManager done
Event: 178.648 loading class java/util/logging/Handler$1
Event: 178.648 loading class java/util/logging/Handler$1 done
Event: 178.648 loading class java/util/logging/StreamHandler$1
Event: 178.648 loading class java/util/logging/StreamHandler$1 done
Event: 178.649 loading class java/util/logging/LogManager$CloseOnReset
Event: 178.649 loading class java/util/logging/LogManager$CloseOnReset done
Event: 178.649 loading class java/time/ZoneRegion
Event: 178.650 loading class java/time/ZoneRegion done
Event: 178.650 loading class java/time/zone/ZoneRulesProvider
Event: 178.650 loading class java/time/zone/ZoneRulesProvider done
Event: 178.650 loading class java/time/zone/ZoneRulesProvider$1
Event: 178.650 loading class java/time/zone/ZoneRulesProvider$1 done
Event: 178.650 loading class java/time/zone/TzdbZoneRulesProvider
Event: 178.651 loading class java/time/zone/TzdbZoneRulesProvider done


Dynamic libraries:
0x00007ff60cb50000 - 0x00007ff60cb5d000 	C:\Program Files\Java\jdk-14\bin\java.exe
0x00007ffadf100000 - 0x00007ffadf2f0000 	C:\WINDOWS\SYSTEM32\ntdll.dll
0x00007ffaddc00000 - 0x00007ffaddcb2000 	C:\WINDOWS\System32\KERNEL32.DLL
0x00007ffadc2a0000 - 0x00007ffadc543000 	C:\WINDOWS\System32\KERNELBASE.dll
0x00007ffadc120000 - 0x00007ffadc21a000 	C:\WINDOWS\System32\ucrtbase.dll
0x00007ffad6940000 - 0x00007ffad6955000 	C:\Program Files\Java\jdk-14\bin\VCRUNTIME140.dll
0x00007ffad4a30000 - 0x00007ffad4a48000 	C:\Program Files\Java\jdk-14\bin\jli.dll
0x00007ffade8f0000 - 0x00007ffadea84000 	C:\WINDOWS\System32\USER32.dll
0x00007ffadc0f0000 - 0x00007ffadc111000 	C:\WINDOWS\System32\win32u.dll
0x00007ffad0880000 - 0x00007ffad0b05000 	C:\WINDOWS\WinSxS\amd64_microsoft.windows.common-controls_6595b64144ccf1df_6.0.18362.720_none_e6beb5c51314836b\COMCTL32.dll
0x00007ffade5a0000 - 0x00007ffade5c6000 	C:\WINDOWS\System32\GDI32.dll
0x00007ffade6f0000 - 0x00007ffade78e000 	C:\WINDOWS\System32\msvcrt.dll
0x00007ffadcd40000 - 0x00007ffadced4000 	C:\WINDOWS\System32\gdi32full.dll
0x00007ffadd520000 - 0x00007ffadd856000 	C:\WINDOWS\System32\combase.dll
0x00007ffadd110000 - 0x00007ffadd1ae000 	C:\WINDOWS\System32\msvcp_win.dll
0x00007ffade5d0000 - 0x00007ffade6f0000 	C:\WINDOWS\System32\RPCRT4.dll
0x00007ffadc220000 - 0x00007ffadc2a0000 	C:\WINDOWS\System32\bcryptPrimitives.dll
0x00007ffade840000 - 0x00007ffade86e000 	C:\WINDOWS\System32\IMM32.DLL
0x00007ffad3c90000 - 0x00007ffad3d2b000 	C:\Program Files\Java\jdk-14\bin\msvcp140.dll
0x00007ffaa3260000 - 0x00007ffaa3d7f000 	C:\Program Files\Java\jdk-14\bin\server\jvm.dll
0x00007ffadd470000 - 0x00007ffadd513000 	C:\WINDOWS\System32\ADVAPI32.dll
0x00007ffadd930000 - 0x00007ffadd9c7000 	C:\WINDOWS\System32\sechost.dll
0x00007ffaddd90000 - 0x00007ffaddd98000 	C:\WINDOWS\System32\PSAPI.DLL
0x00007ffad0d40000 - 0x00007ffad0d49000 	C:\WINDOWS\SYSTEM32\WSOCK32.dll
0x00007ffad6210000 - 0x00007ffad6234000 	C:\WINDOWS\SYSTEM32\WINMM.dll
0x00007ffadde20000 - 0x00007ffadde8f000 	C:\WINDOWS\System32\WS2_32.dll
0x00007ffad6090000 - 0x00007ffad609a000 	C:\WINDOWS\SYSTEM32\VERSION.dll
0x00007ffad61e0000 - 0x00007ffad620d000 	C:\WINDOWS\SYSTEM32\winmmbase.dll
0x00007ffadccf0000 - 0x00007ffadcd3a000 	C:\WINDOWS\System32\cfgmgr32.dll
0x00007ffadc070000 - 0x00007ffadc081000 	C:\WINDOWS\System32\kernel.appcore.dll
0x00007ffad89f0000 - 0x00007ffad89fa000 	C:\Program Files\Java\jdk-14\bin\jimage.dll
0x00007ffacaa90000 - 0x00007ffacac84000 	C:\WINDOWS\SYSTEM32\DBGHELP.DLL
0x00007ffacaa60000 - 0x00007ffacaa8a000 	C:\WINDOWS\SYSTEM32\dbgcore.DLL
0x00007ffad5fa0000 - 0x00007ffad5fae000 	C:\Program Files\Java\jdk-14\bin\instrument.dll
0x00007ffad4a00000 - 0x00007ffad4a25000 	C:\Program Files\Java\jdk-14\bin\java.dll
0x00007ffad3c70000 - 0x00007ffad3c87000 	C:\Program Files\Java\jdk-14\bin\zip.dll
0x00007ffaddeb0000 - 0x00007ffade595000 	C:\WINDOWS\System32\SHELL32.dll
0x00007ffadd3c0000 - 0x00007ffadd469000 	C:\WINDOWS\System32\shcore.dll
0x00007ffadc550000 - 0x00007ffadccd0000 	C:\WINDOWS\System32\windows.storage.dll
0x00007ffadc020000 - 0x00007ffadc043000 	C:\WINDOWS\System32\profapi.dll
0x00007ffadbfd0000 - 0x00007ffadc01a000 	C:\WINDOWS\System32\powrprof.dll
0x00007ffadbfc0000 - 0x00007ffadbfd0000 	C:\WINDOWS\System32\UMPDC.dll
0x00007ffaddcc0000 - 0x00007ffaddd12000 	C:\WINDOWS\System32\shlwapi.dll
0x00007ffadccd0000 - 0x00007ffadcce7000 	C:\WINDOWS\System32\cryptsp.dll
0x00007ffad3c50000 - 0x00007ffad3c69000 	C:\Program Files\Java\jdk-14\bin\net.dll
0x00007ffad3ee0000 - 0x00007ffad3fd1000 	C:\WINDOWS\SYSTEM32\WINHTTP.dll
0x00007ffadb830000 - 0x00007ffadb897000 	C:\WINDOWS\system32\mswsock.dll
0x00007ffad3c30000 - 0x00007ffad3c42000 	C:\Program Files\Java\jdk-14\bin\nio.dll
0x00007ffad3be0000 - 0x00007ffad3bf0000 	C:\Program Files\Java\jdk-14\bin\verify.dll
0x00007ffad3ba0000 - 0x00007ffad3bba000 	C:\Program Files\JetBrains\IntelliJ IDEA Community Edition 2019.3\bin\breakgen64.dll
0x00007ffadb3a0000 - 0x00007ffadb3d3000 	C:\WINDOWS\system32\rsaenh.dll
0x00007ffadd0e0000 - 0x00007ffadd106000 	C:\WINDOWS\System32\bcrypt.dll
0x00007ffadbeb0000 - 0x00007ffadbed5000 	C:\WINDOWS\SYSTEM32\USERENV.dll
0x00007ffadba00000 - 0x00007ffadba0c000 	C:\WINDOWS\SYSTEM32\CRYPTBASE.dll
0x00007ffadb540000 - 0x00007ffadb57a000 	C:\WINDOWS\SYSTEM32\IPHLPAPI.DLL
0x00007ffade8e0000 - 0x00007ffade8e8000 	C:\WINDOWS\System32\NSI.dll
0x00007ffad6390000 - 0x00007ffad63a6000 	C:\WINDOWS\SYSTEM32\dhcpcsvc6.DLL
0x00007ffad6370000 - 0x00007ffad638c000 	C:\WINDOWS\SYSTEM32\dhcpcsvc.DLL
0x00007ffadb580000 - 0x00007ffadb64a000 	C:\WINDOWS\SYSTEM32\DNSAPI.dll
0x00007ffad3b10000 - 0x00007ffad3b74000 	C:\Users\nickw\AppData\Local\Temp\lwjglnickw\3.2.3-build-13\lwjgl.dll
0x00007ffaa7610000 - 0x00007ffaa7ccf000 	C:\Users\nickw\AppData\Local\Temp\lwjglnickw\3.2.3-build-13\assimp.dll
0x00007ffaaf340000 - 0x00007ffaaf593000 	C:\Users\nickw\AppData\Local\Temp\lwjglnickw\3.2.3-build-13\jemalloc.dll
0x00007ffacfa00000 - 0x00007ffacfa62000 	C:\Users\nickw\AppData\Local\Temp\lwjglnickw\3.2.3-build-13\glfw.dll
0x00007ffada1e0000 - 0x00007ffada279000 	C:\WINDOWS\system32\uxtheme.dll
0x00007ffacf9b0000 - 0x00007ffacf9f3000 	C:\WINDOWS\SYSTEM32\dinput8.dll
0x00007ffad3090000 - 0x00007ffad30a1000 	C:\WINDOWS\SYSTEM32\xinput1_4.dll
0x00007ffadbdc0000 - 0x00007ffadbdea000 	C:\WINDOWS\SYSTEM32\DEVOBJ.dll
0x00007ffada6a0000 - 0x00007ffada6cd000 	C:\WINDOWS\SYSTEM32\dwmapi.dll
0x00007ffacde90000 - 0x00007ffacdfaa000 	C:\WINDOWS\SYSTEM32\inputhost.dll
0x00007ffad9e90000 - 0x00007ffad9f64000 	C:\WINDOWS\SYSTEM32\CoreMessaging.dll
0x00007ffad7d30000 - 0x00007ffad7e83000 	C:\WINDOWS\SYSTEM32\wintypes.dll
0x00007ffad5800000 - 0x00007ffad5b2a000 	C:\WINDOWS\SYSTEM32\CoreUIComponents.dll
0x00007ffad8450000 - 0x00007ffad853f000 	C:\WINDOWS\SYSTEM32\PROPSYS.dll
0x00007ffadd860000 - 0x00007ffadd924000 	C:\WINDOWS\System32\OLEAUT32.dll
0x00007ffadb020000 - 0x00007ffadb051000 	C:\WINDOWS\SYSTEM32\ntmarta.dll
0x00007ffadef80000 - 0x00007ffadf0b6000 	C:\WINDOWS\System32\MSCTF.dll
0x00007ffadab10000 - 0x00007ffadab1e000 	C:\WINDOWS\SYSTEM32\HID.DLL
0x00007ffadeb10000 - 0x00007ffadef80000 	C:\WINDOWS\System32\SETUPAPI.DLL
0x00007ffadc090000 - 0x00007ffadc0ec000 	C:\WINDOWS\System32\WINTRUST.dll
0x00007ffadc050000 - 0x00007ffadc062000 	C:\WINDOWS\System32\MSASN1.dll
0x00007ffadcf90000 - 0x00007ffadd0d9000 	C:\WINDOWS\System32\CRYPT32.dll
0x00007ffaa8120000 - 0x00007ffaa8276000 	C:\WINDOWS\SYSTEM32\opengl32.dll
0x00007ffab90c0000 - 0x00007ffab90ec000 	C:\WINDOWS\SYSTEM32\GLU32.dll
0x00007ffadac30000 - 0x00007ffadac50000 	C:\WINDOWS\SYSTEM32\dxcore.dll
0x00007ffa722c0000 - 0x00007ffa749e4000 	C:\WINDOWS\System32\DriverStore\FileRepository\nv_dispi.inf_amd64_9952681a7bb1dfac\nvoglv64.dll
0x00007ffaddaa0000 - 0x00007ffaddbf7000 	C:\WINDOWS\System32\ole32.dll
0x00007ffad6d10000 - 0x00007ffad6d23000 	C:\WINDOWS\SYSTEM32\WTSAPI32.dll
0x00007ffa945a0000 - 0x00007ffa94857000 	C:\WINDOWS\system32\nvspcap64.dll
0x00007ffadb090000 - 0x00007ffadb0ec000 	C:\WINDOWS\SYSTEM32\WINSTA.dll
0x00007ffacdfb0000 - 0x00007fface04e000 	C:\WINDOWS\System32\TextInputFramework.dll
0x00007ffac9fd0000 - 0x00007ffaca276000 	C:\WINDOWS\System32\iertutil.dll
0x00007ffacf370000 - 0x00007ffacf3c9000 	C:\Users\nickw\AppData\Local\Temp\lwjglnickw\3.2.3-build-13\lwjgl_opengl.dll
0x00007ffacf0a0000 - 0x00007ffacf117000 	C:\Users\nickw\AppData\Local\Temp\lwjglnickw\3.2.3-build-13\lwjgl_stb.dll

dbghelp: loaded successfully - version: 4.0.5 - missing functions: none
symbol engine: initialized successfully - sym options: 0x614 - pdb path: .;C:\Program Files\Java\jdk-14\bin;C:\WINDOWS\SYSTEM32;C:\WINDOWS\WinSxS\amd64_microsoft.windows.common-controls_6595b64144ccf1df_6.0.18362.720_none_e6beb5c51314836b;C:\Program Files\Java\jdk-14\bin\server;C:\Program Files\JetBrains\IntelliJ IDEA Community Edition 2019.3\bin;C:\Users\nickw\AppData\Local\Temp\lwjglnickw\3.2.3-build-13;C:\WINDOWS\System32\DriverStore\FileRepository\nv_dispi.inf_amd64_9952681a7bb1dfac

VM Arguments:
jvm_args: -ea -Didea.test.cyclic.buffer.size=1048576 -javaagent:C:\Program Files\JetBrains\IntelliJ IDEA Community Edition 2019.3\lib\idea_rt.jar=50515:C:\Program Files\JetBrains\IntelliJ IDEA Community Edition 2019.3\bin --patch-module=com.nick.wood.graphics_library=D:/Software/Programming/projects/Java/GraphicsLibrary/target/test-classes --add-reads=com.nick.wood.graphics_library=ALL-UNNAMED --add-opens=com.nick.wood.graphics_library/com.nick.wood.graphics_library=ALL-UNNAMED --add-modules=com.nick.wood.graphics_library -Dfile.encoding=UTF-8 --module-path=C:\Users\nickw\.m2\repository\org\lwjgl\lwjgl-glfw\3.2.3\lwjgl-glfw-3.2.3.jar;C:\Users\nickw\.m2\repository\org\lwjgl\lwjgl-vulkan\3.2.3\lwjgl-vulkan-3.2.3.jar;C:\Users\nickw\.m2\repository\com\nick\wood\maths\Maths\1.0\Maths-1.0.jar;C:\Users\nickw\.m2\repository\org\lwjgl\lwjgl-opengl\3.2.3\lwjgl-opengl-3.2.3.jar;C:\Users\nickw\.m2\repository\org\lwjgl\lwjgl-assimp\3.2.3\lwjgl-assimp-3.2.3.jar;C:\Users\nickw\.m2\repository\org\lwjgl\lwjgl-glfw\3.2.3\lwjgl-glfw-3.2.3-natives-windows.jar;C:\Users\nickw\.m2\repository\org\lwjgl\lwjgl\3.2.3\lwjgl-3.2.3.jar;C:\Users\nickw\.m2\repository\org\lwjgl\lwjgl-egl\3.2.3\lwjgl-egl-3.2.3.jar;D:\Software\Programming\projects\Java\GraphicsLibrary\target\classes;C:\Users\nickw\.m2\repository\org\lwjgl\lwjgl-opengles\3.2.3\lwjgl-opengles-3.2.3.jar;C:\Users\nickw\.m2\repository\org\lwjgl\lwjgl-stb\3.2.3\lwjgl-stb-3.2.3.jar;C:\Users\nickw\.m2\repository\org\lwjgl\lwjgl\3.2.3\lwjgl-3.2.3-natives-windows.jar;C:\Users\nickw\.m2\repository\org\lwjgl\lwjgl-opengl\3.2.3\lwjgl-opengl-3.2.3-natives-windows.jar 
java_command: com.intellij.rt.junit.JUnitStarter -ideVersion5 -junit5 com.nick.wood.graphics_library.WindowTest,shadowTest
java_class_path (initial): C:\Program Files\JetBrains\IntelliJ IDEA Community Edition 2019.3\lib\idea_rt.jar;C:\Program Files\JetBrains\IntelliJ IDEA Community Edition 2019.3\plugins\junit\lib\junit5-rt.jar;C:\Program Files\JetBrains\IntelliJ IDEA Community Edition 2019.3\plugins\junit\lib\junit-rt.jar;D:\Software\Programming\projects\Java\GraphicsLibrary\target\test-classes;C:\Users\nickw\.m2\repository\org\junit\jupiter\junit-jupiter-engine\5.0.3\junit-jupiter-engine-5.0.3.jar;C:\Users\nickw\.m2\repository\org\apiguardian\apiguardian-api\1.0.0\apiguardian-api-1.0.0.jar;C:\Users\nickw\.m2\repository\org\junit\platform\junit-platform-engine\1.0.3\junit-platform-engine-1.0.3.jar;C:\Users\nickw\.m2\repository\org\junit\platform\junit-platform-commons\1.0.3\junit-platform-commons-1.0.3.jar;C:\Users\nickw\.m2\repository\org\opentest4j\opentest4j\1.0.0\opentest4j-1.0.0.jar;C:\Users\nickw\.m2\repository\org\junit\jupiter\junit-jupiter-api\5.0.3\junit-jupiter-api-5.0.3.jar;C:\Users\nickw\.m2\repository\org\lwjgl\lwjgl-bgfx\3.2.3\lwjgl-bgfx-3.2.3.jar;C:\Users\nickw\.m2\repository\org\lwjgl\lwjgl-cuda\3.2.3\lwjgl-cuda-3.2.3.jar;C:\Users\nickw\.m2\repository\org\lwjgl\lwjgl-jawt\3.2.3\lwjgl-jawt-3.2.3.jar;C:\Users\nickw\.m2\repository\org\lwjgl\lwjgl-jemalloc\3.2.3\lwjgl-jemalloc-3.2.3.jar;C:\Users\nickw\.m2\repository\org\lwjgl\lwjgl-libdivide\3.2.3\lwjgl-libdivide-3.2.3.jar;C:\Users\nickw\.m2\repository\org\lwjgl\lwjgl-llvm\3.2.3\lwjgl-llvm-3.2.3.jar;C:\Users\nickw\.m2\repository\org\lwjgl\lwjgl-lmdb\3.2.3\lwjgl-lmdb-3.2.3.jar;C:\Users\nickw\.m2\repository\org\lwjgl\lwjgl-lz4\3.2.3\lwjgl-lz4-3.2.3.jar;C:\Users\nickw\.m2\repository\org\lwjgl\lwjgl-meow\3.2.3\lwjgl-meow-3.2.3.jar;C:\Users\nickw\.m2\repository\org\lwjgl\lwjgl-nanovg\3.2.3\lwjgl-nanovg-3.2.3.jar;C:\Users\nickw\.m2\repository\org\lwjgl\lwjgl-nfd\3.2.3\lwjgl-nfd-3.2.3.jar;C:\Users\nickw\.m2\repository\org\lwjgl\lwjgl-nuklear\3.2.3\lwjgl-nuklear-3.2.3.jar;C:\Users\nickw\.m2\repository\org\lwjgl\lwjgl-odbc\3.2.3\
Launcher Type: SUN_STANDARD

[Global flags]
     intx CICompilerCount                          = 4                                         {product} {ergonomic}
     uint ConcGCThreads                            = 2                                         {product} {ergonomic}
     uint G1ConcRefinementThreads                  = 8                                         {product} {ergonomic}
   size_t G1HeapRegionSize                         = 1048576                                   {product} {ergonomic}
    uintx GCDrainStackTargetSize                   = 64                                        {product} {ergonomic}
   size_t InitialHeapSize                          = 268435456                                 {product} {ergonomic}
   size_t MarkStackSize                            = 4194304                                   {product} {ergonomic}
   size_t MaxHeapSize                              = 4278190080                                {product} {ergonomic}
   size_t MaxNewSize                               = 2566914048                                {product} {ergonomic}
   size_t MinHeapDeltaBytes                        = 1048576                                   {product} {ergonomic}
   size_t MinHeapSize                              = 8388608                                   {product} {ergonomic}
    uintx NonNMethodCodeHeapSize                   = 5839372                                {pd product} {ergonomic}
    uintx NonProfiledCodeHeapSize                  = 122909434                              {pd product} {ergonomic}
    uintx ProfiledCodeHeapSize                     = 122909434                              {pd product} {ergonomic}
    uintx ReservedCodeCacheSize                    = 251658240                              {pd product} {ergonomic}
     bool SegmentedCodeCache                       = true                                      {product} {ergonomic}
   size_t SoftMaxHeapSize                          = 4278190080                             {manageable} {ergonomic}
     bool UseCompressedClassPointers               = true                                 {lp64_product} {ergonomic}
     bool UseCompressedOops                        = true                                 {lp64_product} {ergonomic}
     bool UseG1GC                                  = true                                      {product} {ergonomic}
     bool UseLargePagesIndividualAllocation        = false                                  {pd product} {ergonomic}

Logging:
Log output configuration:
 #0: stdout all=warning uptime,level,tags
 #1: stderr all=off uptime,level,tags

Environment Variables:
JAVA_HOME=C:\Program Files\Java\jdk-13.0.1
CLASSPATH=D:\Software\Installations\pitch\prti1516e\lib\prti1516e.jar;D:\Software\Installations\pitch\prti1516e\lib\prti1516.jar;D:\Software\Installations\pitch\prti1516e\lib\prti.jar
PATH=%PRTI5_VC141_64%;C:\Program Files\Racket;C:\Users\nickw\AppData\Local\Android\Sdk\platform-tools/;C:\Program Files\Ant\apache-ant-1.10.7/bin;C:\Program Files\Java\jdk-13.0.1\bin;D:\Software\Installations\groovy-2.5.9\bin;D:\Software\Installations\gradle-6.1\bin;D:\Software\Installations\apache-maven-3.6.3\bin;C:\Program Files\Microsoft MPI\Bin\;C:\Program Files (x86)\Intel\iCLS Client\;C:\Program Files\Intel\iCLS Client\;C:\Program Files\Broadcom\Broadcom 802.11 Network Adapter;C:\Windows\system32;C:\Windows;C:\Windows\System32\Wbem;C:\Windows\System32\WindowsPowerShell\v1.0\;C:\Program Files (x86)\Intel\Intel(R) Management Engine Components\DAL;C:\Program Files\Intel\Intel(R) Management Engine Components\DAL;C:\Program Files (x86)\Intel\Intel(R) Management Engine Components\IPT;C:\Program Files\Intel\Intel(R) Management Engine Components\IPT;C:\Program Files (x86)\NVIDIA Corporation\PhysX\Common;C:\Program Files\dotnet\;C:\Program Files (x86)\GtkSharp\2.12\bin;C:\Program Files\Microsoft SQL Server\130\Tools\Binn\;C:\Program Files (x86)\Windows Live\Shared;C:\WINDOWS\system32;C:\WINDOWS;C:\WINDOWS\System32\Wbem;C:\WINDOWS\System32\WindowsPowerShell\v1.0\;C:\WINDOWS\System32\OpenSSH\;C:\Program Files\NVIDIA Corporation\NVIDIA NvDLISR;C:\Program Files\Git\cmd;C:\Program Files\MiKTeX 2.9\miktex\bin\x64\;C:\Program Files\NVIDIA Corporation\NVIDIA NGX;C:\Users\nickw\AppData\Local\Microsoft\WindowsApps;C:\Users\nickw\AppData\Local\GitHubDesktop\bin;C:\Program Files\JetBrains\IntelliJ IDEA Community Edition 2019.3\bin;;C:\Users\nickw\AppData\Local\Microsoft\WindowsApps;C:\Program Files (x86)\FAHClient
USERNAME=nickw
OS=Windows_NT
PROCESSOR_IDENTIFIER=Intel64 Family 6 Model 62 Stepping 4, GenuineIntel



---------------  S Y S T E M  ---------------

OS: Windows 10 , 64 bit Build 18362 (10.0.18362.329)
OS uptime: 4 days 7:14 hours

CPU:total 8 (initial active 8) (4 cores per cpu, 2 threads per core) family 6 model 62 stepping 4, cmov, cx8, fxsr, mmx, sse, sse2, sse3, ssse3, sse4.1, sse4.2, popcnt, avx, aes, clmul, erms, ht, tsc, tscinvbit

Memory: 4k page, system-wide physical 16318M (734M free)
TotalPageFile size 44781M (AvailPageFile size 0M)
current process WorkingSet (physical memory assigned to process): 12495M, peak: 13061M
current process commit charge ("private bytes"): 7103M, peak: 7384M

vm_info: OpenJDK 64-Bit Server VM (14+36-1461) for windows-amd64 JRE (14+36-1461), built on Feb  6 2020 19:03:18 by "mach5one" with MS VC++ 15.9 (VS2017)

END.
