JvmtiExport can_access_local_variables 0
JvmtiExport can_hotswap_or_post_breakpoint 0
JvmtiExport can_post_on_exceptions 0
# 210 ciObject found
instanceKlass java/time/zone/ZoneOffsetTransitionRule$1
instanceKlass java/time/chrono/AbstractChronology
instanceKlass java/time/chrono/Chronology
instanceKlass java/time/LocalDate$1
instanceKlass java/time/temporal/TemporalAdjusters$$Lambda$263
instanceKlass java/lang/invoke/LambdaForm$DMH
instanceKlass java/time/temporal/TemporalAdjusters
instanceKlass java/time/ZonedDateTime
instanceKlass java/time/chrono/ChronoZonedDateTime
instanceKlass java/time/LocalDate
instanceKlass java/time/chrono/ChronoLocalDate
instanceKlass java/time/zone/ZoneOffsetTransition
instanceKlass java/time/temporal/ValueRange
instanceKlass java/time/Duration
instanceKlass java/time/temporal/TemporalAmount
instanceKlass java/time/temporal/TemporalUnit
instanceKlass java/time/temporal/TemporalField
instanceKlass java/time/LocalTime
instanceKlass java/time/LocalDateTime
instanceKlass java/time/chrono/ChronoLocalDateTime
instanceKlass java/time/zone/ZoneOffsetTransitionRule
instanceKlass java/time/zone/ZoneRules
instanceKlass java/time/zone/Ser
instanceKlass java/io/Externalizable
instanceKlass java/time/zone/ZoneRulesProvider$1
instanceKlass java/time/zone/ZoneRulesProvider
instanceKlass java/util/logging/LogManager$CloseOnReset
instanceKlass java/util/logging/StreamHandler$1
instanceKlass java/util/logging/Handler$1
instanceKlass java/util/logging/ErrorManager
instanceKlass jdk/internal/logger/SimpleConsoleLogger$Formatting
instanceKlass sun/util/logging/PlatformLogger
instanceKlass sun/util/logging/PlatformLogger$ConfigurableBridge$LoggerConfiguration
instanceKlass java/util/logging/SimpleFormatter$$Lambda$262
instanceKlass java/util/logging/Formatter
instanceKlass java/time/ZoneId
instanceKlass java/time/Clock
instanceKlass java/time/Instant
instanceKlass java/time/temporal/TemporalAdjuster
instanceKlass java/time/temporal/Temporal
instanceKlass java/time/temporal/TemporalAccessor
instanceKlass java/util/logging/LogRecord
instanceKlass org/junit/platform/launcher/core/DefaultLauncher$$Lambda$261
instanceKlass org/junit/jupiter/engine/descriptor/ClassTestDescriptor$$Lambda$260
instanceKlass org/junit/jupiter/api/extension/AfterAllCallback
instanceKlass org/junit/jupiter/engine/descriptor/ClassTestDescriptor$$Lambda$259
instanceKlass java/lang/invoke/LambdaForm$DMH
instanceKlass org/junit/platform/commons/util/BlacklistedExceptions$$Lambda$258
instanceKlass org/junit/platform/commons/util/BlacklistedExceptions
instanceKlass org/junit/jupiter/engine/descriptor/TestMethodTestDescriptor$$Lambda$257
instanceKlass org/junit/jupiter/api/extension/AfterEachCallback
instanceKlass org/junit/jupiter/engine/descriptor/TestMethodTestDescriptor$$Lambda$256
instanceKlass org/junit/jupiter/engine/descriptor/TestMethodTestDescriptor$$Lambda$255
instanceKlass org/junit/jupiter/engine/descriptor/TestMethodTestDescriptor$$Lambda$254
instanceKlass org/junit/jupiter/api/extension/AfterTestExecutionCallback
instanceKlass org/junit/jupiter/api/extension/TestExecutionExceptionHandler
instanceKlass org/junit/platform/commons/util/ExceptionUtils
instanceKlass java/lang/StackTraceElement$HashedModules
instanceKlass java/lang/Throwable$PrintStreamOrWriter
instanceKlass jdk/internal/access/foreign/MemorySegmentProxy
instanceKlass java/lang/invoke/LambdaForm$MH
instanceKlass java/util/TreeMap$PrivateEntryIterator
instanceKlass java/lang/invoke/LambdaFormEditor$1
instanceKlass java/lang/invoke/LambdaForm$MH
instanceKlass java/lang/invoke/LambdaForm$MH
instanceKlass java/lang/invoke/LambdaForm$MH
instanceKlass java/lang/invoke/LambdaForm$MH
instanceKlass java/lang/invoke/LambdaForm$MH
instanceKlass java/lang/invoke/LambdaForm$MH
instanceKlass java/lang/invoke/LambdaForm$MH
instanceKlass java/lang/invoke/LambdaForm$MH
instanceKlass java/lang/invoke/LambdaForm$MH
instanceKlass java/lang/invoke/LambdaForm$MH
instanceKlass java/lang/invoke/LambdaForm$MH
instanceKlass java/lang/invoke/LambdaForm$MH
instanceKlass java/lang/invoke/LambdaForm$MH
instanceKlass com/nick/wood/graphics_library/Renderer$1
instanceKlass com/nick/wood/graphics_library/ShadowMap
instanceKlass com/nick/wood/graphics_library/HashCodeCounter
instanceKlass org/lwjgl/opengl/GL20C$$Lambda$253
instanceKlass org/lwjgl/system/APIUtil$Encoder
instanceKlass com/nick/wood/graphics_library/objects/mesh_objects/MeshCommonData$$Lambda$252
instanceKlass com/nick/wood/graphics_library/objects/mesh_objects/MeshCommonData$$Lambda$251
instanceKlass com/nick/wood/graphics_library/objects/mesh_objects/MeshCommonData$$Lambda$250
instanceKlass com/nick/wood/graphics_library/objects/mesh_objects/MeshCommonData$$Lambda$249
instanceKlass com/nick/wood/graphics_library/objects/mesh_objects/MeshCommonData$$Lambda$248
instanceKlass com/nick/wood/graphics_library/objects/mesh_objects/MeshCommonData$$Lambda$247
instanceKlass org/lwjgl/stb/LibSTB$$Lambda$246
instanceKlass org/lwjgl/stb/LibSTB$$Lambda$245
instanceKlass org/lwjgl/stb/InjectedInvoker
instanceKlass org/lwjgl/stb/LibSTB
instanceKlass org/lwjgl/stb/STBImage
instanceKlass java/nio/channels/spi/AbstractInterruptibleChannel$1
instanceKlass sun/nio/ch/Interruptible
instanceKlass com/nick/wood/graphics_library/Texture
instanceKlass com/nick/wood/graphics_library/Window$$Lambda$244
instanceKlass org/lwjgl/opengl/GL11C
instanceKlass org/lwjgl/system/MultiReleaseMemCopy
instanceKlass org/lwjgl/opengl/OVRMultiview
instanceKlass org/lwjgl/opengl/NVXProgressFence
instanceKlass org/lwjgl/opengl/NVXGpuMulticast2
instanceKlass org/lwjgl/opengl/NVXConditionalRender
instanceKlass org/lwjgl/opengl/NVViewportSwizzle
instanceKlass org/lwjgl/opengl/NVVertexBufferUnifiedMemory
instanceKlass org/lwjgl/opengl/NVVertexAttribInteger64bit
instanceKlass org/lwjgl/opengl/NVVertexArrayRange
instanceKlass org/lwjgl/opengl/NVTransformFeedback2
instanceKlass org/lwjgl/opengl/NVTransformFeedback
instanceKlass org/lwjgl/opengl/NVTextureMultisample
instanceKlass org/lwjgl/opengl/NVTextureBarrier
instanceKlass org/lwjgl/opengl/NVShadingRateImage
instanceKlass org/lwjgl/opengl/NVShaderBufferLoad
instanceKlass org/lwjgl/opengl/NVScissorExclusive
instanceKlass org/lwjgl/opengl/NVSampleLocations
instanceKlass org/lwjgl/opengl/NVQueryResourceTag
instanceKlass org/lwjgl/opengl/NVQueryResource
instanceKlass org/lwjgl/opengl/NVPrimitiveRestart
instanceKlass org/lwjgl/opengl/NVPointSprite
instanceKlass org/lwjgl/opengl/NVPixelDataRange
instanceKlass org/lwjgl/opengl/NVPathRendering
instanceKlass org/lwjgl/opengl/NVMeshShader
instanceKlass org/lwjgl/opengl/NVMemoryAttachment
instanceKlass org/lwjgl/opengl/NVInternalformatSampleQuery
instanceKlass org/lwjgl/opengl/NVHalfFloat
instanceKlass org/lwjgl/opengl/NVGPUShader5
instanceKlass org/lwjgl/opengl/NVGPUMulticast
instanceKlass org/lwjgl/opengl/NVFramebufferMultisampleCoverage
instanceKlass org/lwjgl/opengl/NVFramebufferMixedSamples
instanceKlass org/lwjgl/opengl/NVFragmentCoverageToColor
instanceKlass org/lwjgl/opengl/NVFence
instanceKlass org/lwjgl/opengl/NVExplicitMultisample
instanceKlass org/lwjgl/opengl/NVDrawVulkanImage
instanceKlass org/lwjgl/opengl/NVDrawTexture
instanceKlass org/lwjgl/opengl/NVDepthBufferFloat
instanceKlass org/lwjgl/opengl/NVCopyImage
instanceKlass org/lwjgl/opengl/NVConservativeRasterPreSnapTriangles
instanceKlass org/lwjgl/opengl/NVConservativeRasterDilate
instanceKlass org/lwjgl/opengl/NVConservativeRaster
instanceKlass org/lwjgl/opengl/NVConditionalRender
instanceKlass org/lwjgl/opengl/NVCommandList
instanceKlass org/lwjgl/opengl/NVClipSpaceWScaling
instanceKlass org/lwjgl/opengl/NVBlendEquationAdvanced
instanceKlass org/lwjgl/opengl/NVBindlessTexture
instanceKlass org/lwjgl/opengl/NVBindlessMultiDrawIndirectCount
instanceKlass org/lwjgl/opengl/NVBindlessMultiDrawIndirect
instanceKlass org/lwjgl/opengl/NVAlphaToCoverageDitherControl
instanceKlass org/lwjgl/opengl/KHRRobustness
instanceKlass org/lwjgl/opengl/KHRParallelShaderCompile
instanceKlass org/lwjgl/opengl/KHRDebug
instanceKlass org/lwjgl/opengl/KHRBlendEquationAdvanced
instanceKlass org/lwjgl/opengl/EXTWindowRectangles
instanceKlass org/lwjgl/opengl/EXTWin32KeyedMutex
instanceKlass org/lwjgl/opengl/EXTVertexAttrib64bit
instanceKlass org/lwjgl/opengl/EXTTimerQuery
instanceKlass org/lwjgl/opengl/EXTTextureInteger
instanceKlass org/lwjgl/opengl/EXTTextureBufferObject
instanceKlass org/lwjgl/opengl/EXTTextureArray
instanceKlass org/lwjgl/opengl/EXTStencilTwoSide
instanceKlass org/lwjgl/opengl/EXTShaderImageLoadStore
instanceKlass org/lwjgl/opengl/EXTSeparateShaderObjects
instanceKlass org/lwjgl/opengl/EXTSemaphoreWin32
instanceKlass org/lwjgl/opengl/EXTSemaphore
instanceKlass org/lwjgl/opengl/EXTSecondaryColor
instanceKlass org/lwjgl/opengl/EXTRasterMultisample
instanceKlass org/lwjgl/opengl/EXTProvokingVertex
instanceKlass org/lwjgl/opengl/EXTPolygonOffsetClamp
instanceKlass org/lwjgl/opengl/EXTPointParameters
instanceKlass org/lwjgl/opengl/EXTMemoryObjectWin32
instanceKlass org/lwjgl/opengl/EXTMemoryObject
instanceKlass org/lwjgl/opengl/EXTGPUShader4
instanceKlass org/lwjgl/opengl/EXTGPUProgramParameters
instanceKlass org/lwjgl/opengl/EXTGeometryShader4
instanceKlass org/lwjgl/opengl/EXTFramebufferObject
instanceKlass org/lwjgl/opengl/EXTFramebufferMultisample
instanceKlass org/lwjgl/opengl/EXTFramebufferBlit
instanceKlass org/lwjgl/opengl/EXTDrawInstanced
instanceKlass org/lwjgl/opengl/EXTDrawBuffers2
instanceKlass org/lwjgl/opengl/EXTDirectStateAccess
instanceKlass org/lwjgl/opengl/EXTDepthBoundsTest
instanceKlass org/lwjgl/opengl/EXTCompiledVertexArray
instanceKlass org/lwjgl/opengl/EXTBlendMinmax
instanceKlass org/lwjgl/opengl/EXTBlendFuncSeparate
instanceKlass org/lwjgl/opengl/EXTBlendEquationSeparate
instanceKlass org/lwjgl/opengl/EXTBlendColor
instanceKlass org/lwjgl/opengl/EXTBindableUniform
instanceKlass org/lwjgl/opengl/ARBWindowPos
instanceKlass org/lwjgl/opengl/ARBViewportArray
instanceKlass org/lwjgl/opengl/ARBVertexType2_10_10_10_REV
instanceKlass org/lwjgl/opengl/ARBVertexShader
instanceKlass org/lwjgl/opengl/ARBVertexProgram
instanceKlass org/lwjgl/opengl/ARBVertexBufferObject
instanceKlass org/lwjgl/opengl/ARBVertexAttribBinding
instanceKlass org/lwjgl/opengl/ARBVertexAttrib64Bit
instanceKlass org/lwjgl/opengl/ARBVertexArrayObject
instanceKlass org/lwjgl/opengl/ARBUniformBufferObject
instanceKlass org/lwjgl/opengl/ARBTransposeMatrix
instanceKlass org/lwjgl/opengl/ARBTransformFeedbackInstanced
instanceKlass org/lwjgl/opengl/ARBTransformFeedback3
instanceKlass org/lwjgl/opengl/ARBTransformFeedback2
instanceKlass org/lwjgl/opengl/ARBTimerQuery
instanceKlass org/lwjgl/opengl/ARBTextureView
instanceKlass org/lwjgl/opengl/ARBTextureStorageMultisample
instanceKlass org/lwjgl/opengl/ARBTextureStorage
instanceKlass org/lwjgl/opengl/ARBTextureMultisample
instanceKlass org/lwjgl/opengl/ARBTextureCompression
instanceKlass org/lwjgl/opengl/ARBTextureBufferRange
instanceKlass org/lwjgl/opengl/ARBTextureBufferObject
instanceKlass org/lwjgl/opengl/ARBTextureBarrier
instanceKlass org/lwjgl/opengl/ARBTessellationShader
instanceKlass org/lwjgl/opengl/ARBSync
instanceKlass org/lwjgl/opengl/ARBSparseTexture
instanceKlass org/lwjgl/opengl/ARBSparseBuffer
instanceKlass org/lwjgl/opengl/ARBShadingLanguageInclude
instanceKlass org/lwjgl/opengl/ARBShaderSubroutine
instanceKlass org/lwjgl/opengl/ARBShaderStorageBufferObject
instanceKlass org/lwjgl/opengl/ARBShaderObjects
instanceKlass org/lwjgl/opengl/ARBShaderImageLoadStore
instanceKlass org/lwjgl/opengl/ARBShaderAtomicCounters
instanceKlass org/lwjgl/opengl/ARBSeparateShaderObjects
instanceKlass org/lwjgl/opengl/ARBSamplerObjects
instanceKlass org/lwjgl/opengl/ARBSampleShading
instanceKlass org/lwjgl/opengl/ARBSampleLocations
instanceKlass org/lwjgl/opengl/ARBRobustness
instanceKlass org/lwjgl/opengl/ARBProvokingVertex
instanceKlass org/lwjgl/opengl/ARBProgramInterfaceQuery
instanceKlass org/lwjgl/opengl/ARBPolygonOffsetClamp
instanceKlass org/lwjgl/opengl/ARBPointParameters
instanceKlass org/lwjgl/opengl/ARBParallelShaderCompile
instanceKlass org/lwjgl/opengl/ARBOcclusionQuery
instanceKlass org/lwjgl/opengl/ARBMultitexture
instanceKlass org/lwjgl/opengl/ARBMultisample
instanceKlass org/lwjgl/opengl/ARBMultiDrawIndirect
instanceKlass org/lwjgl/opengl/ARBMultiBind
instanceKlass org/lwjgl/opengl/ARBMapBufferRange
instanceKlass org/lwjgl/opengl/ARBInvalidateSubdata
instanceKlass org/lwjgl/opengl/ARBInternalformatQuery2
instanceKlass org/lwjgl/opengl/ARBInternalformatQuery
instanceKlass org/lwjgl/opengl/ARBInstancedArrays
instanceKlass org/lwjgl/opengl/ARBIndirectParameters
instanceKlass org/lwjgl/opengl/ARBImaging
instanceKlass org/lwjgl/opengl/ARBGPUShaderInt64
instanceKlass org/lwjgl/opengl/ARBGPUShaderFP64
instanceKlass org/lwjgl/opengl/ARBGLSPIRV
instanceKlass org/lwjgl/opengl/ARBGetTextureSubImage
instanceKlass org/lwjgl/opengl/ARBGetProgramBinary
instanceKlass org/lwjgl/opengl/ARBGeometryShader4
instanceKlass org/lwjgl/opengl/ARBFramebufferObject
instanceKlass org/lwjgl/opengl/ARBFramebufferNoAttachments
instanceKlass org/lwjgl/opengl/ARBES32Compatibility
instanceKlass org/lwjgl/opengl/ARBES31Compatibility
instanceKlass org/lwjgl/opengl/ARBES2Compatibility
instanceKlass org/lwjgl/opengl/ARBDrawInstanced
instanceKlass org/lwjgl/opengl/ARBDrawIndirect
instanceKlass org/lwjgl/opengl/ARBDrawElementsBaseVertex
instanceKlass org/lwjgl/opengl/ARBDrawBuffersBlend
instanceKlass org/lwjgl/opengl/ARBDrawBuffers
instanceKlass org/lwjgl/opengl/ARBDirectStateAccess
instanceKlass org/lwjgl/opengl/ARBDebugOutput
instanceKlass org/lwjgl/opengl/ARBCopyImage
instanceKlass org/lwjgl/opengl/ARBCopyBuffer
instanceKlass org/lwjgl/opengl/ARBComputeVariableGroupSize
instanceKlass org/lwjgl/opengl/ARBComputeShader
instanceKlass org/lwjgl/opengl/ARBColorBufferFloat
instanceKlass org/lwjgl/opengl/ARBClipControl
instanceKlass org/lwjgl/opengl/ARBClearTexture
instanceKlass org/lwjgl/opengl/ARBClearBufferObject
instanceKlass org/lwjgl/opengl/ARBBufferStorage
instanceKlass org/lwjgl/opengl/ARBBlendFuncExtended
instanceKlass org/lwjgl/opengl/ARBBindlessTexture
instanceKlass org/lwjgl/opengl/ARBBaseInstance
instanceKlass org/lwjgl/opengl/GL11
instanceKlass org/lwjgl/system/MathUtil
instanceKlass org/lwjgl/system/ThreadLocalUtil
instanceKlass org/lwjgl/opengl/GLCapabilities
instanceKlass org/lwjgl/system/SharedLibrary$Delegate
instanceKlass org/lwjgl/system/dyncall/DynLoad
instanceKlass org/lwjgl/opengl/GL$4
instanceKlass org/lwjgl/opengl/GL$$Lambda$243
instanceKlass org/lwjgl/opengl/GL$$Lambda$242
instanceKlass org/lwjgl/opengl/InjectedInvoker
instanceKlass org/lwjgl/opengl/GL$ICDStatic
instanceKlass org/lwjgl/opengl/GL$ICD
instanceKlass org/lwjgl/opengl/GL
instanceKlass org/lwjgl/glfw/EventLoop$OnScreen
instanceKlass sun/util/resources/provider/NonBaseLocaleDataMetaInfo
instanceKlass sun/util/locale/provider/JRELocaleProviderAdapter$$Lambda$241
instanceKlass sun/util/locale/provider/BaseLocaleDataMetaInfo
instanceKlass sun/util/locale/provider/JRELocaleProviderAdapter$$Lambda$240
instanceKlass sun/util/cldr/CLDRLocaleProviderAdapter$$Lambda$239
instanceKlass sun/util/locale/provider/TimeZoneNameUtility$TimeZoneNameGetter
instanceKlass sun/util/locale/provider/LocaleServiceProviderPool$LocalizedObjectGetter
instanceKlass sun/util/locale/provider/LocaleServiceProviderPool
instanceKlass sun/util/locale/provider/TimeZoneNameUtility
instanceKlass sun/util/calendar/CalendarUtils
instanceKlass sun/util/calendar/CalendarDate
instanceKlass sun/util/calendar/ZoneInfoFile$ZoneOffsetTransitionRule
instanceKlass sun/util/calendar/ZoneInfoFile$1
instanceKlass sun/util/calendar/ZoneInfoFile
instanceKlass java/util/TimeZone
instanceKlass sun/util/calendar/CalendarSystem
instanceKlass java/util/Date
instanceKlass sun/nio/cs/Surrogate
instanceKlass sun/nio/cs/Surrogate$Parser
instanceKlass jdk/internal/vm/VMSupport
instanceKlass org/lwjgl/glfw/EventLoop$OffScreen
instanceKlass org/lwjgl/glfw/GLFW$Functions
instanceKlass org/lwjgl/glfw/GLFW
instanceKlass org/lwjgl/glfw/GLFWErrorCallback$1$$Lambda$238
instanceKlass org/lwjgl/glfw/GLFWErrorCallbackI
instanceKlass java/lang/invoke/LambdaForm$MH
instanceKlass java/lang/invoke/LambdaForm$MH
instanceKlass java/lang/invoke/LambdaForm$MH
instanceKlass java/lang/invoke/MethodHandles$1
instanceKlass java/lang/Long$LongCache
instanceKlass java/lang/invoke/LambdaForm$MH
instanceKlass java/lang/invoke/LambdaForm$MH
instanceKlass java/lang/invoke/LambdaForm$MH
instanceKlass java/lang/invoke/LambdaForm$MH
instanceKlass java/lang/invoke/LambdaForm$MH
instanceKlass java/lang/invoke/StringConcatFactory$Stringifiers
instanceKlass com/nick/wood/graphics_library/Renderer
instanceKlass com/nick/wood/graphics_library/utils/FileUtils
instanceKlass com/nick/wood/graphics_library/Shader
instanceKlass com/nick/wood/graphics_library/objects/game_objects/RenderObject
instanceKlass com/nick/wood/graphics_library/Window$2
instanceKlass com/nick/wood/maths/objects/Matrix4f
instanceKlass org/lwjgl/system/dyncall/DynCallback
instanceKlass org/lwjgl/system/jemalloc/JEmalloc$Functions
instanceKlass org/lwjgl/system/jemalloc/JEmalloc
instanceKlass org/lwjgl/system/jemalloc/JEmallocAllocator
instanceKlass org/lwjgl/system/MemoryManage
instanceKlass org/lwjgl/system/MemoryUtil$MemoryAllocator
instanceKlass org/lwjgl/system/MemoryUtil$LazyInit
instanceKlass org/lwjgl/system/CallbackI$P
instanceKlass org/lwjgl/system/CallbackI$D
instanceKlass org/lwjgl/system/CallbackI$F
instanceKlass org/lwjgl/system/CallbackI$N
instanceKlass org/lwjgl/system/CallbackI$J
instanceKlass org/lwjgl/system/CallbackI$I
instanceKlass org/lwjgl/system/CallbackI$S
instanceKlass org/lwjgl/system/CallbackI$B
instanceKlass org/lwjgl/system/CallbackI$Z
instanceKlass org/lwjgl/system/Callback
instanceKlass com/nick/wood/graphics_library/input/Inputs
instanceKlass org/lwjgl/glfw/GLFWWindowSizeCallbackI
instanceKlass org/lwjgl/glfw/GLFWScrollCallbackI
instanceKlass org/lwjgl/glfw/GLFWMouseButtonCallbackI
instanceKlass org/lwjgl/glfw/GLFWCursorPosCallbackI
instanceKlass org/lwjgl/glfw/GLFWKeyCallbackI
instanceKlass org/lwjgl/system/CallbackI$V
instanceKlass org/lwjgl/system/CallbackI
instanceKlass com/nick/wood/graphics_library/Window
instanceKlass com/nick/wood/graphics_library/objects/game_objects/CameraGameObject
instanceKlass com/nick/wood/graphics_library/objects/Camera
instanceKlass com/nick/wood/graphics_library/objects/game_objects/LightGameObject
instanceKlass com/nick/wood/graphics_library/lighting/SpotLight
instanceKlass com/nick/wood/graphics_library/lighting/DirectionalLight
instanceKlass com/nick/wood/graphics_library/lighting/Attenuation
instanceKlass com/nick/wood/graphics_library/lighting/PointLight
instanceKlass com/nick/wood/graphics_library/objects/game_objects/MeshGameObject
instanceKlass com/nick/wood/graphics_library/objects/mesh_objects/MeshCommonData
instanceKlass com/nick/wood/maths/objects/Vec3f
instanceKlass com/nick/wood/graphics_library/Material
instanceKlass com/nick/wood/graphics_library/objects/mesh_objects/Mesh
instanceKlass com/nick/wood/maths/objects/Vec2f
instanceKlass com/nick/wood/graphics_library/Vertex
instanceKlass org/lwjgl/system/CheckIntrinsics
instanceKlass org/lwjgl/system/Struct$Member
instanceKlass org/lwjgl/system/JNI
instanceKlass org/lwjgl/assimp/Assimp$Functions
instanceKlass org/lwjgl/system/windows/WinBase
instanceKlass org/lwjgl/BufferUtils
instanceKlass org/lwjgl/system/MemoryStack$$Lambda$237
instanceKlass java/math/MutableBigInteger
instanceKlass org/lwjgl/system/MemoryUtil$2
instanceKlass org/lwjgl/system/MemoryAccessJNI
instanceKlass org/lwjgl/system/jni/JNINativeInterface
instanceKlass jdk/internal/reflect/UnsafeFieldAccessorFactory
instanceKlass sun/misc/Unsafe
instanceKlass org/lwjgl/system/MemoryUtil$$Lambda$236
instanceKlass org/lwjgl/system/MemoryUtil$$Lambda$235
instanceKlass org/lwjgl/system/MemoryUtil$NativeShift
instanceKlass org/lwjgl/system/MemoryUtil
instanceKlass org/lwjgl/system/APIUtil$1
instanceKlass java/io/FilePermission$1
instanceKlass jdk/internal/access/JavaIOFilePermissionAccess
instanceKlass sun/nio/ch/FileKey
instanceKlass sun/nio/ch/FileLockTable
instanceKlass java/nio/channels/FileLock
instanceKlass java/util/zip/Checksum$1
instanceKlass java/util/zip/CRC32
instanceKlass java/util/zip/Checksum
instanceKlass sun/nio/fs/WindowsChannelFactory$2
instanceKlass java/nio/file/FileStore
instanceKlass sun/nio/fs/WindowsSecurity
instanceKlass sun/nio/fs/AbstractAclFileAttributeView
instanceKlass java/nio/file/attribute/AclFileAttributeView
instanceKlass java/nio/file/attribute/FileOwnerAttributeView
instanceKlass sun/nio/fs/WindowsLinkSupport
instanceKlass sun/nio/fs/WindowsFileSystemProvider$1
instanceKlass org/lwjgl/Version
instanceKlass org/lwjgl/system/SharedLibraryLoader
instanceKlass org/lwjgl/system/SharedLibrary
instanceKlass org/lwjgl/system/NativeResource
instanceKlass org/lwjgl/system/FunctionProvider
instanceKlass org/lwjgl/system/APIUtil
instanceKlass org/lwjgl/system/Library$$Lambda$234
instanceKlass org/lwjgl/system/Library$$Lambda$233
instanceKlass java/lang/invoke/LambdaForm$MH
instanceKlass java/lang/invoke/LambdaForm$MH
instanceKlass org/lwjgl/system/InjectedInvoker
instanceKlass java/lang/invoke/LambdaForm$MH
instanceKlass java/lang/invoke/LambdaForm$MH
instanceKlass java/lang/invoke/LambdaForm$DMH
instanceKlass java/lang/invoke/LambdaForm$DMH
instanceKlass java/lang/invoke/MethodHandleImpl$ArrayAccessor
instanceKlass java/lang/invoke/MethodHandleImpl$2
instanceKlass java/lang/invoke/MethodHandleImpl$LoopClauses
instanceKlass java/lang/invoke/LambdaForm$MH
instanceKlass java/lang/invoke/LambdaForm$MH
instanceKlass java/lang/invoke/LambdaForm$MH
instanceKlass java/lang/invoke/MethodHandleImpl$BindCaller
instanceKlass org/lwjgl/system/Checks
instanceKlass org/lwjgl/system/Library
instanceKlass org/lwjgl/system/Platform$$Lambda$232
instanceKlass org/lwjgl/system/Platform$$Lambda$231
instanceKlass org/lwjgl/system/Platform$$Lambda$230
instanceKlass org/lwjgl/system/Platform$$Lambda$229
instanceKlass java/util/regex/CharPredicates$$Lambda$228
instanceKlass org/lwjgl/system/Configuration$StateInit$$Lambda$227
instanceKlass org/lwjgl/system/Configuration$StateInit$$Lambda$226
instanceKlass org/lwjgl/system/Configuration$StateInit$$Lambda$225
instanceKlass org/lwjgl/system/Configuration$StateInit
instanceKlass org/lwjgl/system/Configuration
instanceKlass org/lwjgl/system/Pointer$Default
instanceKlass org/lwjgl/system/Pointer
instanceKlass org/lwjgl/assimp/Assimp
instanceKlass com/nick/wood/graphics_library/objects/mesh_objects/ModelLoader
instanceKlass com/nick/wood/graphics_library/objects/mesh_objects/ModelMesh
instanceKlass com/nick/wood/graphics_library/objects/game_objects/GameObjectNodeData$1
instanceKlass sun/security/provider/AbstractDrbg$NonceProvider
instanceKlass sun/security/provider/AbstractDrbg$SeederHolder$$Lambda$224
instanceKlass java/lang/invoke/LambdaForm$DMH
instanceKlass java/lang/invoke/LambdaForm$DMH
instanceKlass java/net/NetworkInterface$1
instanceKlass java/net/DefaultInterface
instanceKlass java/net/InterfaceAddress
instanceKlass java/net/NetworkInterface
instanceKlass sun/security/provider/ByteArrayAccess
instanceKlass sun/security/provider/SeedGenerator$1
instanceKlass sun/security/util/MessageDigestSpi2
instanceKlass java/security/MessageDigestSpi
instanceKlass sun/security/provider/SeedGenerator
instanceKlass sun/security/provider/AbstractDrbg$SeederHolder
instanceKlass java/security/DrbgParameters$NextBytes
instanceKlass sun/security/jca/GetInstance$Instance
instanceKlass sun/security/provider/AbstractDrbg$$Lambda$223
instanceKlass java/lang/invoke/LambdaForm$DMH
instanceKlass java/lang/invoke/LambdaForm$DMH
instanceKlass sun/security/provider/EntropySource
instanceKlass sun/security/provider/AbstractDrbg
instanceKlass java/security/DrbgParameters$Instantiation
instanceKlass java/security/DrbgParameters
instanceKlass sun/security/provider/MoreDrbgParameters
instanceKlass sun/security/provider/DRBG$$Lambda$222
instanceKlass java/security/SecureRandomParameters
instanceKlass sun/security/jca/GetInstance
instanceKlass java/security/SecureRandomSpi
instanceKlass java/security/Provider$UString
instanceKlass java/security/Provider$Service
instanceKlass sun/security/provider/NativePRNG$NonBlocking
instanceKlass sun/security/provider/NativePRNG$Blocking
instanceKlass sun/security/provider/NativePRNG
instanceKlass sun/security/provider/SunEntries$1
instanceKlass sun/security/provider/SunEntries
instanceKlass sun/security/util/SecurityConstants
instanceKlass sun/security/jca/ProviderList$2
instanceKlass jdk/internal/math/FloatingDecimal$ASCIIToBinaryBuffer
instanceKlass jdk/internal/math/FloatingDecimal$PreparedASCIIToBinaryBuffer
instanceKlass jdk/internal/math/FloatingDecimal$ASCIIToBinaryConverter
instanceKlass jdk/internal/math/FloatingDecimal$BinaryToASCIIBuffer
instanceKlass jdk/internal/math/FloatingDecimal$ExceptionalBinaryToASCIIBuffer
instanceKlass jdk/internal/math/FloatingDecimal$BinaryToASCIIConverter
instanceKlass jdk/internal/math/FloatingDecimal
instanceKlass java/security/Provider$EngineDescription
instanceKlass java/security/Provider$ServiceKey
instanceKlass sun/security/jca/ProviderConfig
instanceKlass sun/security/jca/ProviderList
instanceKlass sun/security/jca/Providers
instanceKlass java/util/Random
instanceKlass java/util/UUID$Holder
instanceKlass java/util/UUID
instanceKlass com/nick/wood/graphics_library/objects/game_objects/GameObjectNodeData
instanceKlass com/nick/wood/graphics_library/objects/game_objects/RootGameObject
instanceKlass org/junit/platform/commons/util/ReflectionUtils$$Lambda$221
instanceKlass org/junit/jupiter/engine/descriptor/TestMethodTestDescriptor$$Lambda$220
instanceKlass org/junit/jupiter/engine/descriptor/TestMethodTestDescriptor$$Lambda$219
instanceKlass org/junit/jupiter/api/extension/BeforeTestExecutionCallback
instanceKlass org/junit/jupiter/engine/descriptor/TestMethodTestDescriptor$$Lambda$218
instanceKlass org/junit/jupiter/engine/descriptor/TestMethodTestDescriptor$$Lambda$217
instanceKlass org/junit/jupiter/api/function/Executable
instanceKlass org/junit/jupiter/api/extension/BeforeEachCallback
instanceKlass org/junit/jupiter/engine/descriptor/ClassTestDescriptor$$Lambda$216
instanceKlass org/junit/jupiter/api/extension/TestInstancePostProcessor
instanceKlass java/lang/reflect/AccessibleObject$$Lambda$215
instanceKlass org/junit/platform/commons/util/ReflectionUtils$$Lambda$214
instanceKlass org/junit/jupiter/engine/descriptor/ClassTestDescriptor$$Lambda$213
instanceKlass java/util/stream/StreamSpliterators$WrappingSpliterator$$Lambda$212
instanceKlass org/junit/jupiter/api/extension/BeforeAllCallback
instanceKlass org/junit/jupiter/engine/execution/ConditionEvaluator$$Lambda$211
instanceKlass org/junit/jupiter/api/Disabled
instanceKlass java/util/stream/StreamSpliterators$WrappingSpliterator$$Lambda$210
instanceKlass java/util/function/BooleanSupplier
instanceKlass java/util/stream/StreamSpliterators$WrappingSpliterator$$Lambda$209
instanceKlass java/util/stream/AbstractSpinedBuffer
instanceKlass org/junit/jupiter/engine/execution/ConditionEvaluator$$Lambda$208
instanceKlass org/junit/jupiter/engine/execution/ConditionEvaluator$$Lambda$207
instanceKlass org/junit/jupiter/engine/execution/ConditionEvaluator$$Lambda$206
instanceKlass org/junit/jupiter/engine/execution/ConditionEvaluator$$Lambda$205
instanceKlass java/util/stream/Streams$2
instanceKlass java/util/stream/StreamSpliterators$AbstractWrappingSpliterator
instanceKlass java/util/stream/AbstractPipeline$$Lambda$204
instanceKlass java/util/stream/Streams$ConcatSpliterator
instanceKlass org/junit/jupiter/engine/extension/ExtensionRegistry$$Lambda$203
instanceKlass org/junit/jupiter/engine/extension/ExtensionRegistry$$Lambda$202
instanceKlass org/junit/jupiter/engine/descriptor/ClassTestDescriptor$$Lambda$201
instanceKlass org/junit/jupiter/engine/descriptor/ClassTestDescriptor$$Lambda$200
instanceKlass org/junit/jupiter/engine/execution/TestInstanceProvider
instanceKlass org/junit/jupiter/engine/execution/ThrowableCollector
instanceKlass org/junit/jupiter/engine/descriptor/ClassTestDescriptor$$Lambda$199
instanceKlass org/junit/jupiter/engine/execution/AfterEachMethodAdapter
instanceKlass org/junit/jupiter/engine/descriptor/ClassTestDescriptor$$Lambda$198
instanceKlass org/junit/jupiter/engine/descriptor/ClassTestDescriptor$$Lambda$197
instanceKlass org/junit/jupiter/engine/execution/BeforeEachMethodAdapter
instanceKlass org/junit/jupiter/engine/extension/ExtensionRegistry$$Lambda$196
instanceKlass org/junit/jupiter/engine/descriptor/JupiterTestDescriptor$$Lambda$195
instanceKlass org/junit/jupiter/engine/descriptor/JupiterTestDescriptor$$Lambda$194
instanceKlass org/junit/jupiter/api/extension/Extensions
instanceKlass org/junit/jupiter/api/extension/ExtendWith
instanceKlass org/junit/jupiter/api/AfterEach
instanceKlass org/junit/jupiter/engine/descriptor/LifecycleMethodUtils$$Lambda$193
instanceKlass org/junit/jupiter/api/BeforeEach
instanceKlass jdk/internal/reflect/ClassDefiner$1
instanceKlass jdk/internal/reflect/ClassDefiner
instanceKlass jdk/internal/reflect/MethodAccessorGenerator$1
instanceKlass jdk/internal/reflect/Label$PatchInfo
instanceKlass jdk/internal/reflect/Label
instanceKlass jdk/internal/reflect/UTF8
instanceKlass jdk/internal/reflect/ClassFileAssembler
instanceKlass jdk/internal/reflect/ByteVectorImpl
instanceKlass jdk/internal/reflect/ByteVector
instanceKlass jdk/internal/reflect/ByteVectorFactory
instanceKlass jdk/internal/reflect/AccessorGenerator
instanceKlass jdk/internal/reflect/ClassFileConstants
instanceKlass org/junit/jupiter/api/AfterAll
instanceKlass org/junit/jupiter/engine/descriptor/LifecycleMethodUtils$$Lambda$192
instanceKlass org/junit/jupiter/engine/descriptor/LifecycleMethodUtils$$Lambda$191
instanceKlass java/util/function/Function$$Lambda$190
instanceKlass java/lang/invoke/LambdaForm$DMH
instanceKlass org/junit/platform/commons/util/CollectionUtils$$Lambda$189
instanceKlass org/junit/platform/commons/util/CollectionUtils
instanceKlass org/junit/platform/commons/util/ReflectionUtils$$Lambda$188
instanceKlass org/junit/platform/commons/util/ReflectionUtils$$Lambda$187
instanceKlass org/junit/platform/commons/util/ReflectionUtils$$Lambda$186
instanceKlass org/junit/platform/commons/util/AnnotationUtils$$Lambda$185
instanceKlass org/junit/jupiter/api/BeforeAll
instanceKlass org/junit/jupiter/engine/descriptor/LifecycleMethodUtils
instanceKlass org/junit/jupiter/engine/descriptor/TestInstanceLifecycleUtils$$Lambda$184
instanceKlass org/junit/jupiter/engine/descriptor/TestInstanceLifecycleUtils$$Lambda$183
instanceKlass org/junit/jupiter/api/TestInstance
instanceKlass org/junit/jupiter/engine/descriptor/TestInstanceLifecycleUtils
instanceKlass org/junit/platform/engine/support/hierarchical/HierarchicalTestExecutor$$Lambda$182
instanceKlass org/junit/platform/engine/support/hierarchical/HierarchicalTestExecutor$$Lambda$181
instanceKlass org/junit/platform/engine/support/hierarchical/HierarchicalTestExecutor$$Lambda$180
instanceKlass org/junit/platform/engine/support/hierarchical/Node$DynamicTestExecutor
instanceKlass java/lang/invoke/LambdaForm$MH
instanceKlass org/junit/platform/engine/support/hierarchical/HierarchicalTestExecutor$$Lambda$179
instanceKlass java/lang/invoke/LambdaForm$DMH
instanceKlass org/junit/platform/engine/support/hierarchical/SingleTestExecutor$Executable
instanceKlass org/junit/platform/launcher/core/TestExecutionListenerRegistry$CompositeTestExecutionListener$$Lambda$178
instanceKlass org/junit/platform/engine/support/hierarchical/Node$SkipResult
instanceKlass org/junit/jupiter/engine/execution/JupiterEngineExecutionContext$Builder
instanceKlass org/junit/jupiter/engine/execution/ExtensionValuesStore
instanceKlass org/junit/jupiter/api/extension/ExtensionContext$Store
instanceKlass org/junit/jupiter/engine/descriptor/AbstractExtensionContext
instanceKlass org/junit/jupiter/engine/extension/ExtensionRegistry$$Lambda$177
instanceKlass org/junit/jupiter/engine/extension/ExtensionRegistry$$Lambda$176
instanceKlass org/junit/jupiter/engine/extension/TestReporterParameterResolver
instanceKlass org/junit/jupiter/api/TestInfo
instanceKlass org/junit/jupiter/engine/extension/TestInfoParameterResolver
instanceKlass org/junit/jupiter/api/extension/ParameterResolver
instanceKlass org/junit/jupiter/api/extension/TestTemplateInvocationContext
instanceKlass org/junit/jupiter/engine/extension/RepeatedTestExtension
instanceKlass org/junit/jupiter/api/extension/TestTemplateInvocationContextProvider
instanceKlass org/junit/jupiter/engine/extension/DisabledCondition
instanceKlass org/junit/jupiter/api/extension/ExecutionCondition
instanceKlass org/junit/jupiter/api/extension/Extension
instanceKlass org/junit/jupiter/engine/extension/ExtensionRegistry
instanceKlass org/junit/platform/engine/support/hierarchical/ExecutionTracker
instanceKlass org/junit/jupiter/engine/execution/JupiterEngineExecutionContext$State
instanceKlass org/junit/jupiter/engine/execution/JupiterEngineExecutionContext
instanceKlass org/junit/platform/engine/support/hierarchical/HierarchicalTestExecutor$1
instanceKlass org/junit/platform/engine/support/hierarchical/SingleTestExecutor
instanceKlass org/junit/platform/engine/support/hierarchical/HierarchicalTestExecutor
instanceKlass org/junit/platform/engine/ExecutionRequest
instanceKlass org/junit/platform/launcher/core/ExecutionListenerAdapter
instanceKlass com/intellij/junit5/JUnit5TestExecutionListener$$Lambda$175
instanceKlass com/intellij/junit5/JUnit5TestExecutionListener$$Lambda$174
instanceKlass com/intellij/junit5/JUnit5TestExecutionListener$$Lambda$173
instanceKlass com/intellij/junit5/JUnit5TestExecutionListener$$Lambda$172
instanceKlass com/intellij/junit5/JUnit5TestExecutionListener$$Lambda$171
instanceKlass org/junit/platform/engine/support/descriptor/FileSource
instanceKlass org/junit/platform/engine/support/descriptor/FileSystemSource
instanceKlass org/junit/platform/engine/support/descriptor/UriSource
instanceKlass org/junit/platform/engine/support/descriptor/CompositeTestSource
instanceKlass com/intellij/junit5/JUnit5TestExecutionListener$$Lambda$170
instanceKlass com/intellij/junit5/JUnit5TestExecutionListener$$Lambda$169
instanceKlass org/junit/platform/launcher/TestPlan$$Lambda$168
instanceKlass org/junit/platform/launcher/TestPlan$$Lambda$167
instanceKlass com/intellij/rt/execution/junit/MapSerializerUtil$1
instanceKlass com/intellij/rt/execution/junit/MapSerializerUtil$EscapeInfoProvider
instanceKlass com/intellij/rt/execution/junit/MapSerializerUtil
instanceKlass com/intellij/junit5/JUnit5TestExecutionListener$$Lambda$166
instanceKlass com/intellij/junit5/JUnit5TestExecutionListener$$Lambda$165
instanceKlass org/junit/platform/launcher/core/TestExecutionListenerRegistry$CompositeTestExecutionListener$$Lambda$164
instanceKlass org/junit/platform/launcher/core/TestExecutionListenerRegistry$CompositeTestExecutionListener
instanceKlass org/junit/jupiter/engine/descriptor/MethodBasedTestDescriptor$$Lambda$163
instanceKlass org/junit/platform/launcher/TestPlan$$Lambda$162
instanceKlass org/junit/jupiter/engine/descriptor/JupiterTestDescriptor$$Lambda$161
instanceKlass org/junit/jupiter/engine/descriptor/JupiterTestDescriptor$$Lambda$160
instanceKlass org/junit/platform/engine/TestTag
instanceKlass org/junit/jupiter/engine/descriptor/JupiterTestDescriptor$$Lambda$159
instanceKlass org/junit/jupiter/engine/descriptor/JupiterTestDescriptor$$Lambda$158
instanceKlass org/junit/platform/commons/util/AnnotationUtils$$Lambda$157
instanceKlass org/junit/jupiter/api/Tags
instanceKlass java/lang/annotation/Repeatable
instanceKlass org/junit/jupiter/api/Tag
instanceKlass org/junit/platform/launcher/TestIdentifier$$Lambda$156
instanceKlass org/junit/platform/engine/UniqueIdFormat$$Lambda$155
instanceKlass java/util/Collections$2
instanceKlass org/junit/platform/launcher/TestIdentifier
instanceKlass org/junit/platform/launcher/TestPlan$$Lambda$154
instanceKlass org/junit/platform/launcher/TestPlan$$Lambda$153
instanceKlass org/junit/platform/launcher/TestPlan$$Lambda$152
instanceKlass org/junit/platform/launcher/TestPlan
instanceKlass org/junit/platform/launcher/core/Root$$Lambda$151
instanceKlass org/junit/platform/launcher/core/Root$$Lambda$150
instanceKlass org/junit/platform/launcher/core/Root$$Lambda$149
instanceKlass org/junit/platform/launcher/core/DefaultLauncher$$Lambda$148
instanceKlass org/junit/platform/launcher/core/DefaultLauncher$$Lambda$147
instanceKlass org/junit/jupiter/engine/DiscoveryFilterApplier
instanceKlass org/junit/platform/engine/TestDescriptor$$Lambda$146
instanceKlass org/junit/platform/engine/TestDescriptor$$Lambda$145
instanceKlass org/junit/jupiter/engine/discovery/DiscoverySelectorResolver$$Lambda$144
instanceKlass java/lang/invoke/LambdaForm$DMH
instanceKlass org/junit/platform/engine/TestDescriptor$Visitor
instanceKlass org/junit/jupiter/engine/discovery/DiscoverySelectorResolver$$Lambda$143
instanceKlass org/junit/platform/engine/discovery/UniqueIdSelector
instanceKlass org/junit/platform/engine/support/descriptor/MethodSource
instanceKlass org/junit/jupiter/engine/descriptor/MethodBasedTestDescriptor$$Lambda$142
instanceKlass org/junit/jupiter/engine/descriptor/MethodBasedTestDescriptor$$Lambda$141
instanceKlass org/junit/platform/commons/util/ClassUtils$$Lambda$140
instanceKlass org/junit/platform/commons/util/ClassUtils
instanceKlass org/junit/platform/commons/annotation/Testable
instanceKlass org/junit/platform/engine/support/descriptor/AbstractTestDescriptor$$Lambda$139
instanceKlass org/junit/platform/engine/support/descriptor/AbstractTestDescriptor$$Lambda$138
instanceKlass java/util/Collections$UnmodifiableList$1
instanceKlass java/util/AbstractList$Itr
instanceKlass org/junit/jupiter/engine/discovery/JavaElementsResolver$$Lambda$137
instanceKlass org/junit/platform/engine/support/descriptor/ClassSource
instanceKlass org/junit/platform/commons/util/AnnotationUtils$AnnotationCacheKey
instanceKlass java/lang/Class$AnnotationData
instanceKlass org/apiguardian/api/API
instanceKlass sun/reflect/annotation/AnnotationParser$$Lambda$136
instanceKlass java/lang/reflect/Proxy$ProxyBuilder$1
instanceKlass jdk/internal/org/objectweb/asm/Edge
instanceKlass java/lang/reflect/ProxyGenerator$PrimitiveTypeInfo
instanceKlass java/lang/reflect/ProxyGenerator$$Lambda$135
instanceKlass java/lang/reflect/ProxyGenerator$$Lambda$134
instanceKlass java/lang/reflect/ProxyGenerator$ProxyMethod
instanceKlass java/lang/reflect/Proxy$$Lambda$133
instanceKlass java/lang/reflect/Proxy$ProxyBuilder
instanceKlass java/lang/reflect/Proxy$$Lambda$132
instanceKlass java/lang/reflect/Proxy
instanceKlass sun/reflect/annotation/AnnotationInvocationHandler
instanceKlass java/lang/reflect/InvocationHandler
instanceKlass sun/reflect/annotation/AnnotationParser$1
instanceKlass sun/reflect/annotation/ExceptionProxy
instanceKlass java/lang/annotation/Documented
instanceKlass java/lang/annotation/Retention
instanceKlass sun/reflect/annotation/AnnotationType$1
instanceKlass sun/reflect/annotation/AnnotationType
instanceKlass java/lang/reflect/GenericArrayType
instanceKlass java/lang/annotation/Target
instanceKlass sun/reflect/generics/visitor/Reifier
instanceKlass sun/reflect/generics/visitor/TypeTreeVisitor
instanceKlass sun/reflect/generics/factory/CoreReflectionFactory
instanceKlass sun/reflect/generics/factory/GenericsFactory
instanceKlass sun/reflect/generics/scope/AbstractScope
instanceKlass sun/reflect/generics/scope/Scope
instanceKlass sun/reflect/generics/tree/ClassTypeSignature
instanceKlass sun/reflect/generics/tree/SimpleClassTypeSignature
instanceKlass sun/reflect/generics/tree/FieldTypeSignature
instanceKlass sun/reflect/generics/tree/BaseType
instanceKlass sun/reflect/generics/tree/TypeSignature
instanceKlass sun/reflect/generics/tree/ReturnType
instanceKlass sun/reflect/generics/tree/TypeArgument
instanceKlass sun/reflect/generics/tree/TypeTree
instanceKlass sun/reflect/generics/tree/Tree
instanceKlass sun/reflect/generics/parser/SignatureParser
instanceKlass java/lang/annotation/Inherited
instanceKlass org/junit/platform/commons/util/AnnotationUtils
instanceKlass org/junit/jupiter/api/DisplayName
instanceKlass org/junit/jupiter/engine/descriptor/ClassTestDescriptor$$Lambda$131
instanceKlass org/junit/jupiter/api/extension/ParameterContext
instanceKlass org/junit/jupiter/engine/execution/ExecutableInvoker
instanceKlass org/junit/jupiter/engine/execution/ConditionEvaluator$$Lambda$130
instanceKlass org/junit/jupiter/engine/execution/ConditionEvaluator$$Lambda$129
instanceKlass java/lang/invoke/LambdaForm$DMH
instanceKlass org/junit/jupiter/api/extension/ConditionEvaluationResult
instanceKlass org/junit/jupiter/engine/execution/ConditionEvaluator
instanceKlass org/junit/platform/engine/TestSource
instanceKlass java/util/Collections$1
instanceKlass org/junit/jupiter/engine/discovery/JavaElementsResolver$$Lambda$128
instanceKlass java/lang/invoke/LambdaForm$DMH
instanceKlass org/junit/jupiter/engine/discovery/JavaElementsResolver$$Lambda$127
instanceKlass org/junit/jupiter/engine/discovery/JavaElementsResolver$$Lambda$126
instanceKlass org/junit/jupiter/engine/discovery/JavaElementsResolver$$Lambda$125
instanceKlass java/lang/invoke/LambdaForm$DMH
instanceKlass org/junit/platform/engine/discovery/MethodSelector$$Lambda$124
instanceKlass java/util/stream/Collectors$$Lambda$123
instanceKlass java/util/stream/Collectors$$Lambda$122
instanceKlass java/util/stream/Collectors$$Lambda$121
instanceKlass java/util/stream/Collectors$$Lambda$120
instanceKlass java/lang/reflect/Executable$$Lambda$119
instanceKlass java/util/StringJoiner
instanceKlass java/util/TimSort
instanceKlass java/util/Arrays$LegacyMergeSort
instanceKlass org/junit/platform/commons/util/ReflectionUtils$$Lambda$118
instanceKlass java/util/stream/SortedOps
instanceKlass org/junit/platform/commons/util/ReflectionUtils$$Lambda$117
instanceKlass com/nick/wood/graphics_library/objects/game_objects/TransformGameObject
instanceKlass com/nick/wood/graphics_library/objects/Transform
instanceKlass com/nick/wood/maths/objects/Matrix4d
instanceKlass com/nick/wood/maths/objects/Vec3d
instanceKlass java/util/stream/Collectors$$Lambda$116
instanceKlass java/util/stream/Collectors$$Lambda$115
instanceKlass org/junit/platform/commons/util/ReflectionUtils$$Lambda$114
instanceKlass org/junit/platform/commons/util/ReflectionUtils$$Lambda$113
instanceKlass com/nick/wood/maths/objects/Vecd
instanceKlass com/nick/wood/graphics_library/lighting/Light
instanceKlass com/nick/wood/graphics_library/objects/mesh_objects/MeshObject
instanceKlass com/nick/wood/graphics_library/objects/game_objects/GameObjectNode
instanceKlass java/lang/PublicMethods
instanceKlass org/junit/platform/commons/util/ReflectionUtils$$Lambda$112
instanceKlass org/junit/platform/engine/discovery/MethodSelector$$Lambda$111
instanceKlass org/junit/platform/commons/util/ReflectionUtils$$Lambda$110
instanceKlass java/lang/invoke/LambdaForm$DMH
instanceKlass org/junit/platform/commons/util/ReflectionUtils$$Lambda$109
instanceKlass java/lang/invoke/LambdaForm$DMH
instanceKlass org/junit/platform/commons/util/ReflectionUtils$$Lambda$108
instanceKlass java/nio/file/FileVisitor
instanceKlass org/junit/platform/commons/util/ClasspathScanner
instanceKlass org/junit/platform/commons/util/ReflectionUtils
instanceKlass org/junit/jupiter/engine/discovery/DiscoverySelectorResolver$$Lambda$107
instanceKlass org/junit/jupiter/engine/discovery/DiscoverySelectorResolver$$Lambda$106
instanceKlass org/junit/platform/engine/discovery/ClassSelector
instanceKlass org/junit/jupiter/engine/discovery/DiscoverySelectorResolver$$Lambda$105
instanceKlass org/junit/platform/engine/discovery/PackageSelector
instanceKlass org/junit/jupiter/engine/discovery/DiscoverySelectorResolver$$Lambda$104
instanceKlass java/lang/invoke/LambdaForm$DMH
instanceKlass org/junit/platform/launcher/core/DefaultDiscoveryRequest$$Lambda$103
instanceKlass org/junit/platform/launcher/core/DefaultDiscoveryRequest$$Lambda$102
instanceKlass org/junit/platform/engine/discovery/ClasspathRootSelector
instanceKlass org/junit/platform/engine/CompositeFilter$1$$Lambda$101
instanceKlass org/junit/platform/engine/CompositeFilter$1
instanceKlass org/junit/platform/engine/CompositeFilter
instanceKlass org/junit/platform/engine/discovery/PackageNameFilter
instanceKlass org/junit/platform/launcher/core/DefaultDiscoveryRequest$$Lambda$100
instanceKlass org/junit/platform/launcher/core/DefaultDiscoveryRequest$$Lambda$99
instanceKlass org/junit/platform/engine/discovery/ClassNameFilter
instanceKlass org/junit/platform/engine/DiscoveryFilter
instanceKlass org/junit/platform/engine/support/filter/ClasspathScanningSupport
instanceKlass org/junit/jupiter/engine/discovery/JavaElementsResolver
instanceKlass org/junit/jupiter/engine/discovery/MethodFinder
instanceKlass org/junit/jupiter/engine/discovery/AbstractMethodResolver
instanceKlass org/junit/jupiter/engine/discovery/TestContainerResolver
instanceKlass org/junit/jupiter/engine/discovery/ElementResolver
instanceKlass org/junit/jupiter/engine/discovery/predicates/IsInnerClass
instanceKlass org/junit/jupiter/engine/discovery/predicates/IsNestedTestClass
instanceKlass org/junit/jupiter/engine/discovery/predicates/IsPotentialTestContainer
instanceKlass java/util/function/Predicate$$Lambda$98
instanceKlass java/lang/invoke/LambdaForm$DMH
instanceKlass org/junit/jupiter/api/TestTemplate
instanceKlass org/junit/jupiter/api/TestFactory
instanceKlass org/junit/jupiter/api/Test
instanceKlass org/junit/jupiter/engine/discovery/predicates/IsTestableMethod
instanceKlass org/junit/jupiter/engine/discovery/predicates/IsTestClassWithTests
instanceKlass org/junit/jupiter/engine/discovery/predicates/IsScannableTestClass
instanceKlass org/junit/jupiter/engine/discovery/DiscoverySelectorResolver
instanceKlass org/junit/jupiter/api/extension/ExtensionContext
instanceKlass org/junit/platform/engine/support/descriptor/AbstractTestDescriptor
instanceKlass org/junit/platform/engine/support/hierarchical/Node
instanceKlass org/junit/platform/engine/UniqueId$Segment
instanceKlass org/junit/platform/engine/UniqueIdFormat$$Lambda$97
instanceKlass org/junit/platform/engine/UniqueIdFormat$$Lambda$96
instanceKlass org/junit/platform/engine/UniqueIdFormat$$Lambda$95
instanceKlass org/junit/platform/engine/UniqueIdFormat$$Lambda$94
instanceKlass org/junit/platform/engine/UniqueIdFormat$$Lambda$93
instanceKlass java/util/TreeMap$Entry
instanceKlass java/util/BitSet
instanceKlass java/net/URLEncoder
instanceKlass org/junit/platform/engine/UniqueIdFormat$$Lambda$92
instanceKlass java/lang/invoke/LambdaForm$DMH
instanceKlass java/lang/Character$CharacterCache
instanceKlass java/util/regex/Pattern$$Lambda$91
instanceKlass java/util/Formattable
instanceKlass java/util/Formatter$FixedString
instanceKlass java/util/Formatter$Conversion
instanceKlass java/util/Formatter$Flags
instanceKlass java/util/Formatter$FormatSpecifier
instanceKlass java/util/Formatter$FormatString
instanceKlass java/util/regex/ASCII
instanceKlass java/lang/StringUTF16$CharsSpliterator
instanceKlass java/util/stream/Sink$ChainedInt
instanceKlass java/util/stream/FindOps$FindSink$OfInt$$Lambda$90
instanceKlass java/util/stream/FindOps$FindSink$OfInt$$Lambda$89
instanceKlass java/util/stream/FindOps$FindSink$OfInt$$Lambda$88
instanceKlass java/util/stream/FindOps$FindSink$OfInt$$Lambda$87
instanceKlass java/util/OptionalInt
instanceKlass java/util/stream/Sink$OfInt
instanceKlass java/util/function/IntConsumer
instanceKlass java/text/DecimalFormatSymbols$$Lambda$86
instanceKlass java/util/function/IntPredicate
instanceKlass java/util/stream/IntStream
instanceKlass java/lang/StringLatin1$CharsSpliterator
instanceKlass sun/util/resources/Bundles$2
instanceKlass sun/util/resources/Bundles$CacheKeyReference
instanceKlass java/util/ResourceBundle$ResourceBundleProviderHelper$$Lambda$85
instanceKlass java/util/ResourceBundle$ResourceBundleProviderHelper
instanceKlass java/util/ArrayList$SubList$1
instanceKlass sun/util/resources/LocaleData$LocaleDataResourceBundleProvider
instanceKlass java/util/spi/ResourceBundleProvider
instanceKlass sun/util/resources/Bundles$CacheKey
instanceKlass java/util/ResourceBundle$1
instanceKlass jdk/internal/access/JavaUtilResourceBundleAccess
instanceKlass sun/util/resources/Bundles
instanceKlass sun/util/resources/LocaleData$LocaleDataStrategy
instanceKlass sun/util/resources/Bundles$Strategy
instanceKlass sun/util/resources/LocaleData$1
instanceKlass java/util/Locale$Builder
instanceKlass sun/util/locale/provider/CalendarDataUtility
instanceKlass java/util/StringTokenizer
instanceKlass sun/util/locale/provider/AvailableLanguageTags
instanceKlass sun/util/locale/provider/JRELocaleProviderAdapter$$Lambda$84
instanceKlass sun/util/resources/cldr/provider/CLDRLocaleDataMetaInfo
instanceKlass sun/util/cldr/CLDRLocaleProviderAdapter$1
instanceKlass sun/util/locale/BaseLocale$Key
instanceKlass sun/util/locale/InternalLocaleBuilder$CaseInsensitiveChar
instanceKlass sun/util/locale/InternalLocaleBuilder
instanceKlass sun/util/locale/StringTokenIterator
instanceKlass sun/util/locale/ParseStatus
instanceKlass sun/util/cldr/CLDRBaseLocaleDataMetaInfo
instanceKlass sun/util/locale/provider/LocaleDataMetaInfo
instanceKlass sun/util/locale/provider/LocaleProviderAdapter$1
instanceKlass sun/util/locale/LocaleObjectCache
instanceKlass java/util/ResourceBundle
instanceKlass java/util/ResourceBundle$Control
instanceKlass sun/util/resources/LocaleData
instanceKlass sun/util/locale/provider/LocaleResources
instanceKlass sun/util/locale/LanguageTag
instanceKlass sun/util/locale/provider/ResourceBundleBasedAdapter
instanceKlass sun/util/locale/provider/LocaleProviderAdapter
instanceKlass java/util/spi/LocaleServiceProvider
instanceKlass java/text/DecimalFormatSymbols
instanceKlass java/util/Locale$1
instanceKlass java/util/regex/Pattern$BmpCharPredicate$$Lambda$83
instanceKlass java/util/regex/Pattern$$Lambda$82
instanceKlass java/util/regex/CharPredicates$$Lambda$81
instanceKlass java/util/regex/CharPredicates
instanceKlass java/util/Formatter
instanceKlass org/junit/platform/engine/UniqueIdFormat
instanceKlass org/junit/platform/engine/UniqueId
instanceKlass org/junit/platform/launcher/core/DefaultLauncher$$Lambda$80
instanceKlass java/util/stream/MatchOps$$Lambda$79
instanceKlass java/util/stream/MatchOps$BooleanTerminalSink
instanceKlass java/util/stream/MatchOps$MatchOp
instanceKlass java/util/stream/MatchOps
instanceKlass org/junit/platform/launcher/core/DefaultLauncher$$Lambda$78
instanceKlass java/lang/invoke/LambdaForm$DMH
instanceKlass org/junit/platform/launcher/core/DefaultLauncher$$Lambda$77
instanceKlass org/junit/platform/engine/FilterResult
instanceKlass org/junit/platform/launcher/EngineFilter
instanceKlass org/junit/platform/engine/Filter
instanceKlass org/junit/platform/launcher/core/Root
instanceKlass org/junit/platform/commons/util/Preconditions$$Lambda$76
instanceKlass org/junit/platform/commons/util/Preconditions$$Lambda$75
instanceKlass org/junit/platform/launcher/core/DefaultDiscoveryRequest
instanceKlass org/junit/platform/launcher/core/LauncherConfigurationParameters
instanceKlass org/junit/platform/engine/ConfigurationParameters
instanceKlass org/junit/platform/commons/util/Preconditions$$Lambda$74
instanceKlass org/junit/platform/commons/util/Preconditions$$Lambda$73
instanceKlass org/junit/platform/commons/util/Preconditions$$Lambda$72
instanceKlass org/junit/platform/engine/discovery/MethodSelector
instanceKlass org/junit/platform/commons/util/Preconditions$$Lambda$71
instanceKlass org/junit/platform/commons/util/StringUtils
instanceKlass org/junit/platform/commons/util/Preconditions$$Lambda$70
instanceKlass java/util/regex/Pattern$$Lambda$69
instanceKlass java/util/regex/Pattern$CharPredicate$$Lambda$68
instanceKlass java/lang/invoke/LambdaForm$DMH
instanceKlass java/util/regex/Pattern$BitClass
instanceKlass org/junit/platform/engine/discovery/DiscoverySelectors
instanceKlass java/util/regex/IntHashSet
instanceKlass java/util/regex/Matcher
instanceKlass java/util/regex/MatchResult
instanceKlass java/util/regex/Pattern$TreeInfo
instanceKlass java/util/regex/Pattern$$Lambda$67
instanceKlass java/util/regex/Pattern$BmpCharPredicate
instanceKlass java/util/regex/Pattern$CharPredicate
instanceKlass java/util/regex/Pattern$Node
instanceKlass java/util/regex/Pattern
instanceKlass com/nick/wood/graphics_library/WindowTest
instanceKlass org/junit/platform/launcher/LauncherDiscoveryRequest
instanceKlass org/junit/platform/launcher/core/LauncherDiscoveryRequestBuilder
instanceKlass org/junit/platform/engine/DiscoverySelector
instanceKlass com/intellij/junit5/JUnit5TestRunnerUtil
instanceKlass org/junit/platform/launcher/core/ServiceLoaderTestExecutionListenerRegistry$$Lambda$66
instanceKlass org/junit/platform/launcher/core/ServiceLoaderTestExecutionListenerRegistry
instanceKlass org/junit/platform/commons/util/Preconditions
instanceKlass org/junit/platform/launcher/core/DefaultLauncher$$Lambda$65
instanceKlass org/junit/platform/engine/support/hierarchical/EngineExecutionContext
instanceKlass org/junit/platform/engine/TestDescriptor
instanceKlass org/junit/platform/engine/support/hierarchical/HierarchicalTestEngine
instanceKlass java/util/LinkedHashMap$LinkedHashIterator
instanceKlass sun/net/www/MessageHeader
instanceKlass sun/net/www/protocol/jar/JarFileFactory
instanceKlass sun/net/www/protocol/jar/URLJarFile$URLJarFileCloseController
instanceKlass java/net/URLConnection
instanceKlass org/junit/platform/launcher/core/TestExecutionListenerRegistry
instanceKlass org/junit/platform/launcher/core/ServiceLoaderTestEngineRegistry$$Lambda$64
instanceKlass org/junit/platform/commons/util/ClassLoaderUtils
instanceKlass org/junit/platform/engine/TestEngine
instanceKlass org/junit/platform/launcher/core/ServiceLoaderTestEngineRegistry
instanceKlass jdk/internal/logger/DefaultLoggerFinder$1
instanceKlass java/util/logging/Logger$SystemLoggerHelper$1
instanceKlass java/util/logging/Logger$SystemLoggerHelper
instanceKlass java/util/logging/LogManager$4
instanceKlass jdk/internal/logger/BootstrapLogger$BootstrapExecutors
instanceKlass jdk/internal/logger/BootstrapLogger$RedirectedLoggers
instanceKlass java/util/ServiceLoader$ProviderImpl
instanceKlass java/util/ServiceLoader$Provider
instanceKlass java/util/ServiceLoader$1
instanceKlass java/util/concurrent/CopyOnWriteArrayList$COWIterator
instanceKlass jdk/internal/loader/URLClassPath$1
instanceKlass jdk/internal/module/ModuleReferences$ExplodedModuleReader
instanceKlass jdk/internal/module/ModulePatcher$ExplodedResourceFinder
instanceKlass jdk/internal/module/ModulePatcher$ResourceFinder
instanceKlass jdk/internal/module/ModulePatcher$PatchedModuleReader
instanceKlass java/util/concurrent/locks/ReentrantReadWriteLock$WriteLock
instanceKlass java/util/concurrent/locks/ReentrantReadWriteLock$ReadLock
instanceKlass java/util/concurrent/locks/ReentrantReadWriteLock
instanceKlass java/util/concurrent/locks/ReadWriteLock
instanceKlass jdk/internal/module/ModuleReferences$SafeCloseModuleReader
instanceKlass java/lang/CompoundEnumeration
instanceKlass jdk/internal/loader/BuiltinClassLoader$1
instanceKlass java/util/Collections$EmptyEnumeration
instanceKlass jdk/internal/jimage/ImageLocation
instanceKlass jdk/internal/jimage/decompressor/Decompressor
instanceKlass jdk/internal/jimage/ImageStringsReader
instanceKlass jdk/internal/jimage/ImageStrings
instanceKlass jdk/internal/jimage/ImageHeader
instanceKlass jdk/internal/jimage/NativeImageBuffer$1
instanceKlass jdk/internal/jimage/NativeImageBuffer
instanceKlass jdk/internal/jimage/BasicImageReader$1
instanceKlass jdk/internal/jimage/BasicImageReader
instanceKlass jdk/internal/jimage/ImageReader
instanceKlass jdk/internal/jimage/ImageReaderFactory$1
instanceKlass jdk/internal/jimage/ImageReaderFactory
instanceKlass jdk/internal/module/SystemModuleFinders$SystemImage
instanceKlass jdk/internal/module/SystemModuleFinders$SystemModuleReader
instanceKlass jdk/internal/loader/BuiltinClassLoader$5
instanceKlass jdk/internal/loader/BuiltinClassLoader$2
instanceKlass jdk/internal/module/Resources
instanceKlass java/util/ServiceLoader$3
instanceKlass java/util/ServiceLoader$2
instanceKlass java/util/ServiceLoader$LazyClassPathLookupIterator
instanceKlass java/lang/ModuleLayer$$Lambda$63
instanceKlass java/util/Spliterators$1Adapter
instanceKlass java/util/Spliterators$ArraySpliterator
instanceKlass jdk/internal/loader/AbstractClassLoaderValue$Memoizer
instanceKlass java/util/ServiceLoader$ModuleServicesLookupIterator
instanceKlass java/util/ServiceLoader
instanceKlass jdk/internal/logger/BootstrapLogger$DetectBackend$1
instanceKlass jdk/internal/logger/BootstrapLogger$DetectBackend
instanceKlass jdk/internal/logger/BootstrapLogger
instanceKlass sun/util/logging/PlatformLogger$ConfigurableBridge
instanceKlass sun/util/logging/PlatformLogger$Bridge
instanceKlass java/lang/System$Logger
instanceKlass java/util/logging/Level$KnownLevel$$Lambda$62
instanceKlass java/util/logging/Level$$Lambda$61
instanceKlass java/util/Hashtable$Enumerator
instanceKlass java/util/concurrent/ConcurrentHashMap$MapEntry
instanceKlass java/util/Collections$SynchronizedCollection
instanceKlass java/util/Properties$EntrySet
instanceKlass java/util/Collections$3
instanceKlass java/util/logging/LogManager$LoggerContext$1
instanceKlass java/util/logging/LogManager$VisitedLoggers
instanceKlass java/lang/invoke/LambdaForm$MH
instanceKlass java/lang/invoke/StringConcatFactory$MethodHandleInlineCopyStrategy$2
instanceKlass java/lang/invoke/StringConcatFactory$MethodHandleInlineCopyStrategy$1
instanceKlass java/lang/invoke/StringConcatFactory$MethodHandleInlineCopyStrategy
instanceKlass java/lang/invoke/StringConcatFactory$RecipeElement
instanceKlass java/lang/invoke/StringConcatFactory$Recipe
instanceKlass java/lang/invoke/StringConcatFactory$1
instanceKlass java/lang/invoke/StringConcatFactory
instanceKlass java/util/logging/LogManager$2
instanceKlass java/lang/System$LoggerFinder
instanceKlass java/security/Security$1
instanceKlass java/security/Security
instanceKlass sun/security/util/SecurityProperties
instanceKlass sun/security/util/FilePermCompat
instanceKlass java/util/logging/LogManager$LoggingProviderAccess
instanceKlass sun/util/logging/internal/LoggingProviderImpl$LogManagerAccess
instanceKlass java/lang/Shutdown$Lock
instanceKlass java/lang/Shutdown
instanceKlass java/lang/ApplicationShutdownHooks$1
instanceKlass java/lang/ApplicationShutdownHooks
instanceKlass java/util/Collections$SynchronizedMap
instanceKlass java/util/logging/LogManager$LogNode
instanceKlass java/util/logging/LogManager$LoggerContext
instanceKlass java/util/logging/LogManager$1
instanceKlass java/util/logging/LogManager
instanceKlass java/util/logging/Logger$ConfigurationData
instanceKlass java/util/logging/Logger$LoggerBundle
instanceKlass java/util/logging/Level$KnownLevel$$Lambda$60
instanceKlass java/util/logging/Level$KnownLevel$$Lambda$59
instanceKlass java/util/logging/Level
instanceKlass java/util/logging/Handler
instanceKlass java/util/logging/Logger
instanceKlass org/junit/platform/commons/logging/LoggerFactory$DelegatingLogger
instanceKlass org/junit/platform/commons/logging/Logger
instanceKlass org/junit/platform/commons/logging/LoggerFactory
instanceKlass org/junit/platform/engine/EngineDiscoveryRequest
instanceKlass org/junit/platform/engine/EngineExecutionListener
instanceKlass org/junit/platform/launcher/core/DefaultLauncher
instanceKlass org/junit/platform/launcher/Launcher
instanceKlass org/junit/platform/launcher/core/LauncherFactory
instanceKlass com/intellij/junit5/JUnit5TestExecutionListener
instanceKlass org/junit/platform/launcher/TestExecutionListener
instanceKlass java/lang/invoke/VarHandle$AccessDescriptor
instanceKlass sun/net/NetHooks
instanceKlass sun/net/spi/DefaultProxySelector$3
instanceKlass sun/net/spi/DefaultProxySelector$NonProxyInfo
instanceKlass java/util/LinkedList$Node
instanceKlass sun/net/spi/DefaultProxySelector$1
instanceKlass java/net/Proxy
instanceKlass java/net/ProxySelector
instanceKlass java/net/SocksSocketImpl$3
instanceKlass sun/nio/ch/NioSocketImpl$$Lambda$58
instanceKlass java/net/Inet6Address$Inet6AddressHolder
instanceKlass jdk/net/ExtendedSocketOptions$PlatformSocketOptions$1
instanceKlass jdk/net/ExtendedSocketOptions$PlatformSocketOptions
instanceKlass jdk/net/SocketFlow
instanceKlass jdk/net/ExtendedSocketOptions$ExtSocketOption
instanceKlass java/net/SocketOption
instanceKlass jdk/net/ExtendedSocketOptions
instanceKlass sun/net/ext/ExtendedSocketOptions
instanceKlass sun/nio/ch/Net$1
instanceKlass java/net/ProtocolFamily
instanceKlass sun/nio/ch/Net
instanceKlass java/net/SocksConsts
instanceKlass sun/net/PlatformSocketImpl
instanceKlass java/io/FileInputStream$1
instanceKlass java/util/Properties$LineReader
instanceKlass sun/net/NetProperties$1
instanceKlass sun/net/NetProperties
instanceKlass java/net/SocketImpl$$Lambda$57
instanceKlass java/net/SocketImpl
instanceKlass java/net/SocketOptions
instanceKlass java/net/InetSocketAddress$InetSocketAddressHolder
instanceKlass java/net/InetAddress$PlatformNameService
instanceKlass java/net/InetAddress$NameService
instanceKlass java/net/Inet6AddressImpl
instanceKlass java/net/InetAddressImpl
instanceKlass java/net/InetAddressImplFactory
instanceKlass com/intellij/rt/junit/IdeaTestRunner$Repeater
instanceKlass java/util/concurrent/ConcurrentSkipListMap$Node
instanceKlass java/util/concurrent/ConcurrentSkipListMap$Index
instanceKlass com/intellij/junit5/JUnit5IdeaTestRunner
instanceKlass com/intellij/rt/junit/IdeaTestRunner
instanceKlass java/util/concurrent/ConcurrentNavigableMap
instanceKlass java/util/NavigableMap
instanceKlass java/util/SortedMap
instanceKlass java/util/NavigableSet
instanceKlass java/util/SortedSet
instanceKlass com/intellij/rt/execution/junit/RepeatCount
instanceKlass java/net/InetAddress$InetAddressHolder
instanceKlass java/net/InetAddress$1
instanceKlass jdk/internal/access/JavaNetInetAddressAccess
instanceKlass java/net/InetAddress
instanceKlass java/net/SocketAddress
instanceKlass com/intellij/rt/junit/JUnitStarter
instanceKlass java/lang/invoke/VarForm
instanceKlass java/lang/invoke/VarHandleGuards
instanceKlass jdk/internal/util/Preconditions$1
instanceKlass java/lang/invoke/VarHandle$1
instanceKlass java/lang/ClassValue$Version
instanceKlass java/lang/ClassValue$Identity
instanceKlass java/lang/ClassValue
instanceKlass sun/nio/cs/ArrayDecoder
instanceKlass java/lang/StringCoding$StringDecoder
instanceKlass java/lang/invoke/VarHandles
instanceKlass sun/launcher/LauncherHelper
instanceKlass java/net/Socket
instanceKlass java/io/Reader
instanceKlass com/intellij/rt/execution/application/AppMainV2
instanceKlass sun/instrument/InstrumentationImpl$1
instanceKlass com/intellij/rt/execution/application/AppMainV2$Agent
instanceKlass sun/security/util/Debug
instanceKlass java/security/SecureClassLoader$DebugHolder
instanceKlass java/security/Permissions$1
instanceKlass java/security/PermissionCollection
instanceKlass java/security/SecureClassLoader$1
instanceKlass java/security/SecureClassLoader$CodeSourceKey
instanceKlass sun/nio/ByteBuffered
instanceKlass java/lang/Package$VersionInfo
instanceKlass java/lang/NamedPackage
instanceKlass jdk/internal/loader/Resource
instanceKlass jdk/internal/util/jar/JarIndex
instanceKlass java/nio/file/FileSystems$DefaultFileSystemHolder$1
instanceKlass java/nio/file/FileSystems$DefaultFileSystemHolder
instanceKlass java/nio/charset/CoderResult
instanceKlass java/nio/charset/CharsetDecoder
instanceKlass sun/nio/cs/ThreadLocalCoders$Cache
instanceKlass sun/nio/cs/ThreadLocalCoders
instanceKlass java/lang/Readable
instanceKlass jdk/internal/loader/FileURLMapper
instanceKlass jdk/internal/loader/URLClassPath$JarLoader$1
instanceKlass jdk/internal/loader/URLClassPath$Loader
instanceKlass jdk/internal/loader/URLClassPath$3
instanceKlass java/security/PrivilegedExceptionAction
instanceKlass sun/net/util/URLUtil
instanceKlass sun/instrument/TransformerManager$TransformerInfo
instanceKlass sun/instrument/TransformerManager
instanceKlass sun/instrument/InstrumentationImpl
instanceKlass java/lang/instrument/Instrumentation
instanceKlass jdk/internal/module/ModuleBootstrap$SafeModuleFinder
instanceKlass jdk/internal/module/IllegalAccessLogger
instanceKlass jdk/internal/module/ModuleBootstrap$2
instanceKlass jdk/internal/module/IllegalAccessLogger$Builder
instanceKlass java/lang/WeakPairMap$$Lambda$56
instanceKlass java/lang/Module$$Lambda$55
instanceKlass java/lang/ModuleLayer$Controller
instanceKlass jdk/internal/module/ServicesCatalog$ServiceProvider
instanceKlass java/util/concurrent/CopyOnWriteArrayList
instanceKlass jdk/internal/module/ModuleLoaderMap$Mapper
instanceKlass jdk/internal/module/ModuleLoaderMap
instanceKlass jdk/internal/module/ModuleBootstrap$$Lambda$54
instanceKlass jdk/internal/module/ModuleBootstrap$$Lambda$53
instanceKlass java/lang/module/ResolvedModule
instanceKlass java/lang/ModuleLayer
instanceKlass java/util/HashMap$HashMapSpliterator
instanceKlass java/lang/module/ModuleFinder$2$$Lambda$52
instanceKlass java/lang/module/ModuleFinder$2$$Lambda$51
instanceKlass jdk/internal/module/ModulePatcher$$Lambda$50
instanceKlass java/util/stream/ForEachOps$ForEachOp
instanceKlass java/util/stream/ForEachOps
instanceKlass jdk/internal/module/ModulePatcher$$Lambda$49
instanceKlass jdk/internal/module/ModulePatcher$$Lambda$48
instanceKlass jdk/internal/module/ModulePatcher$$Lambda$47
instanceKlass java/lang/invoke/LambdaForm$MH
instanceKlass jdk/internal/module/ModulePatcher$$Lambda$46
instanceKlass jdk/internal/module/ModulePatcher$$Lambda$45
instanceKlass jdk/internal/module/ModuleReferences$$Lambda$44
instanceKlass sun/nio/fs/BasicFileAttributesHolder
instanceKlass jdk/internal/module/ModulePath$$Lambda$43
instanceKlass jdk/internal/module/ModulePath$$Lambda$42
instanceKlass jdk/internal/module/ModulePath$$Lambda$41
instanceKlass java/nio/file/Files$$Lambda$40
instanceKlass java/nio/file/Files$$Lambda$39
instanceKlass java/nio/file/Files$$Lambda$38
instanceKlass java/lang/invoke/LambdaForm$DMH
instanceKlass java/nio/file/FileTreeWalker$Event
instanceKlass sun/nio/fs/WindowsDirectoryStream$WindowsDirectoryIterator
instanceKlass java/nio/file/FileTreeWalker$DirectoryNode
instanceKlass sun/nio/fs/WindowsDirectoryStream
instanceKlass java/nio/file/DirectoryStream
instanceKlass java/nio/file/Files$AcceptAllFilter
instanceKlass java/nio/file/DirectoryStream$Filter
instanceKlass java/nio/file/FileTreeWalker
instanceKlass java/nio/file/FileTreeIterator
instanceKlass jdk/internal/module/ModulePath$$Lambda$37
instanceKlass java/lang/invoke/LambdaForm$DMH
instanceKlass java/util/function/BiPredicate
instanceKlass sun/nio/ch/IOStatus
instanceKlass java/nio/DirectByteBuffer$Deallocator
instanceKlass sun/nio/ch/Util$BufferCache
instanceKlass sun/nio/ch/Util
instanceKlass sun/nio/ch/NativeThread
instanceKlass jdk/internal/module/ModulePath$$Lambda$36
instanceKlass java/nio/channels/Channels
instanceKlass sun/nio/fs/WindowsSecurityDescriptor
instanceKlass sun/nio/ch/FileChannelImpl$Closer
instanceKlass sun/nio/ch/NativeDispatcher
instanceKlass sun/nio/ch/NativeThreadSet
instanceKlass sun/nio/ch/IOUtil
instanceKlass java/nio/file/attribute/FileAttribute
instanceKlass java/nio/channels/spi/AbstractInterruptibleChannel
instanceKlass java/nio/channels/InterruptibleChannel
instanceKlass java/nio/channels/ScatteringByteChannel
instanceKlass java/nio/channels/GatheringByteChannel
instanceKlass java/nio/channels/SeekableByteChannel
instanceKlass java/nio/channels/ByteChannel
instanceKlass java/nio/channels/WritableByteChannel
instanceKlass java/nio/channels/ReadableByteChannel
instanceKlass java/nio/channels/Channel
instanceKlass java/util/Collections$EmptyIterator
instanceKlass sun/nio/fs/WindowsChannelFactory$Flags
instanceKlass sun/nio/fs/WindowsChannelFactory$1
instanceKlass sun/nio/fs/WindowsChannelFactory
instanceKlass sun/nio/fs/WindowsPath$1
instanceKlass java/util/zip/ZipFile$$Lambda$35
instanceKlass java/util/jar/JarFile$$Lambda$34
instanceKlass java/io/RandomAccessFile$1
instanceKlass java/util/WeakHashMap$HashIterator
instanceKlass jdk/internal/module/ModuleReferences$$Lambda$33
instanceKlass jdk/internal/module/ModuleReferences$$Lambda$32
instanceKlass java/lang/module/ModuleReader
instanceKlass java/net/URI$Parser
instanceKlass sun/nio/fs/WindowsUriSupport
instanceKlass jdk/internal/module/ModuleReferences
instanceKlass jdk/internal/module/ModuleInfo$Attributes
instanceKlass java/util/Collections$UnmodifiableCollection$1
instanceKlass jdk/internal/module/Checks
instanceKlass jdk/internal/module/ModulePath$$Lambda$31
instanceKlass jdk/internal/module/ModulePath$$Lambda$30
instanceKlass jdk/internal/module/ModulePath$$Lambda$29
instanceKlass jdk/internal/module/ModulePath$$Lambda$28
instanceKlass java/util/jar/JarFile$$Lambda$27
instanceKlass java/util/jar/JarFile$$Lambda$26
instanceKlass java/lang/invoke/LambdaForm$DMH
instanceKlass java/util/stream/DistinctOps
instanceKlass java/util/jar/JarFile$$Lambda$25
instanceKlass java/util/jar/JarFile$$Lambda$24
instanceKlass java/util/zip/ZipFile$$Lambda$23
instanceKlass java/util/function/IntFunction
instanceKlass java/util/Spliterators$AbstractSpliterator
instanceKlass java/lang/module/ModuleDescriptor$Builder
instanceKlass jdk/internal/module/ModuleInfo$ConstantPool$Entry
instanceKlass jdk/internal/module/ModuleInfo$ConstantPool
instanceKlass jdk/internal/module/ModuleInfo
instanceKlass jdk/internal/module/ModulePath$$Lambda$22
instanceKlass java/lang/StringCoding$Result
instanceKlass java/util/jar/Attributes
instanceKlass java/util/zip/ZipFile$InflaterCleanupAction
instanceKlass java/util/zip/Inflater$InflaterZStreamRef
instanceKlass java/util/zip/Inflater
instanceKlass java/util/zip/ZipEntry
instanceKlass java/lang/StringCoding
instanceKlass java/util/jar/JarFile$1
instanceKlass jdk/internal/perf/PerfCounter$CoreCounters
instanceKlass java/util/zip/ZipUtils
instanceKlass java/util/zip/ZipFile$Source$End
instanceKlass java/io/RandomAccessFile$2
instanceKlass jdk/internal/access/JavaIORandomAccessFileAccess
instanceKlass java/io/RandomAccessFile
instanceKlass java/io/DataInput
instanceKlass java/io/DataOutput
instanceKlass sun/util/locale/LocaleUtils
instanceKlass sun/util/locale/BaseLocale
instanceKlass java/util/Locale
instanceKlass java/nio/file/attribute/FileTime
instanceKlass java/util/zip/ZipFile$Source$Key
instanceKlass java/util/zip/ZipFile$Source
instanceKlass java/util/zip/ZipFile$CleanableResource
instanceKlass java/util/zip/ZipCoder
instanceKlass sun/nio/fs/WindowsNativeDispatcher$CompletionStatus
instanceKlass sun/nio/fs/WindowsNativeDispatcher$AclInformation
instanceKlass sun/nio/fs/WindowsNativeDispatcher$Account
instanceKlass sun/nio/fs/WindowsNativeDispatcher$DiskFreeSpace
instanceKlass sun/nio/fs/WindowsNativeDispatcher$VolumeInformation
instanceKlass sun/nio/fs/WindowsNativeDispatcher$FirstStream
instanceKlass sun/nio/fs/WindowsNativeDispatcher$FirstFile
instanceKlass java/util/concurrent/ConcurrentHashMap$Traverser
instanceKlass java/util/Enumeration
instanceKlass java/util/concurrent/ConcurrentHashMap$CollectionView
instanceKlass java/util/ArrayDeque$DeqIterator
instanceKlass java/lang/ClassLoader$NativeLibrary
instanceKlass java/lang/ClassLoader$2
instanceKlass sun/nio/fs/WindowsNativeDispatcher
instanceKlass sun/nio/fs/NativeBuffer$Deallocator
instanceKlass sun/nio/fs/NativeBuffer
instanceKlass java/lang/ThreadLocal$ThreadLocalMap
instanceKlass sun/nio/fs/NativeBuffers
instanceKlass sun/nio/fs/WindowsFileAttributes
instanceKlass java/nio/file/attribute/DosFileAttributes
instanceKlass sun/nio/fs/AbstractBasicFileAttributeView
instanceKlass sun/nio/fs/DynamicFileAttributeView
instanceKlass sun/nio/fs/WindowsFileAttributeViews
instanceKlass java/lang/Class$1
instanceKlass sun/nio/cs/SingleByte
instanceKlass java/nio/charset/StandardCharsets
instanceKlass sun/nio/fs/Util
instanceKlass java/nio/file/attribute/BasicFileAttributeView
instanceKlass java/nio/file/attribute/FileAttributeView
instanceKlass java/nio/file/attribute/AttributeView
instanceKlass java/nio/file/Files
instanceKlass java/nio/file/CopyOption
instanceKlass java/nio/file/attribute/BasicFileAttributes
instanceKlass java/util/ImmutableCollections$ListItr
instanceKlass java/util/ListIterator
instanceKlass java/lang/module/ModuleFinder$1
instanceKlass java/lang/module/Resolver
instanceKlass java/lang/module/Configuration
instanceKlass java/util/ImmutableCollections$Set12$1
instanceKlass jdk/internal/module/DefaultRoots$$Lambda$21
instanceKlass java/lang/module/ModuleFinder$2$$Lambda$20
instanceKlass java/lang/invoke/LambdaForm$DMH
instanceKlass sun/reflect/misc/ReflectUtil
instanceKlass java/util/stream/Streams
instanceKlass java/util/stream/Streams$AbstractStreamBuilderImpl
instanceKlass java/util/stream/Stream$Builder
instanceKlass java/util/stream/FindOps$FindSink$OfRef$$Lambda$19
instanceKlass java/util/stream/FindOps$FindSink$OfRef$$Lambda$18
instanceKlass java/util/stream/FindOps$FindSink$OfRef$$Lambda$17
instanceKlass java/util/stream/FindOps$FindSink$OfRef$$Lambda$16
instanceKlass java/util/stream/FindOps$FindOp
instanceKlass java/util/stream/FindOps$FindSink
instanceKlass java/util/stream/FindOps
instanceKlass java/lang/module/ModuleFinder$2$$Lambda$15
instanceKlass java/lang/module/ModuleFinder$2$$Lambda$14
instanceKlass java/util/AbstractList$RandomAccessSpliterator
instanceKlass java/util/stream/Collectors$$Lambda$13
instanceKlass java/util/stream/Collectors$$Lambda$12
instanceKlass java/util/stream/Collectors$$Lambda$11
instanceKlass jdk/internal/module/DefaultRoots$$Lambda$10
instanceKlass jdk/internal/module/DefaultRoots$$Lambda$9
instanceKlass jdk/internal/org/objectweb/asm/FieldVisitor
instanceKlass jdk/internal/module/DefaultRoots$$Lambda$8
instanceKlass java/lang/WeakPairMap$Pair$Lookup
instanceKlass java/lang/WeakPairMap$Pair
instanceKlass java/lang/WeakPairMap
instanceKlass java/lang/Module$ReflectionData
instanceKlass jdk/internal/module/DefaultRoots$$Lambda$7
instanceKlass java/util/function/Predicate
instanceKlass java/util/Spliterators$IteratorSpliterator
instanceKlass java/util/Spliterator$OfDouble
instanceKlass java/util/Spliterator$OfLong
instanceKlass java/util/Spliterator$OfInt
instanceKlass java/util/Spliterator$OfPrimitive
instanceKlass java/util/Spliterators$EmptySpliterator
instanceKlass java/util/Spliterators
instanceKlass jdk/internal/module/DefaultRoots
instanceKlass java/lang/module/ModuleFinder$2
instanceKlass java/util/ImmutableCollections$SetN$SetNIterator
instanceKlass jdk/internal/loader/BuiltinClassLoader$LoadedModule
instanceKlass jdk/internal/module/ModuleBootstrap$Counters
instanceKlass jdk/internal/module/SystemModuleFinders$SystemModuleFinder
instanceKlass jdk/internal/module/SystemModuleFinders$3
instanceKlass jdk/internal/module/ModuleHashes$HashSupplier
instanceKlass jdk/internal/module/SystemModuleFinders$2
instanceKlass java/lang/module/ModuleReference
instanceKlass jdk/internal/module/ModuleResolution
instanceKlass java/util/Collections$UnmodifiableMap
instanceKlass jdk/internal/module/ModuleHashes$Builder
instanceKlass jdk/internal/module/ModuleHashes
instanceKlass jdk/internal/module/ModuleTarget
instanceKlass java/lang/module/ModuleDescriptor$Version
instanceKlass java/lang/module/ModuleDescriptor$Provides
instanceKlass java/lang/module/ModuleDescriptor$Opens
instanceKlass java/lang/module/ModuleDescriptor$Exports
instanceKlass java/lang/module/ModuleDescriptor$Requires
instanceKlass jdk/internal/module/Builder
instanceKlass jdk/internal/module/SystemModules$all
instanceKlass jdk/internal/module/SystemModules
instanceKlass jdk/internal/module/SystemModulesMap
instanceKlass java/net/URI$1
instanceKlass jdk/internal/access/JavaNetUriAccess
instanceKlass java/net/URI
instanceKlass jdk/internal/module/SystemModuleFinders
instanceKlass jdk/internal/module/ArchivedModuleGraph
instanceKlass java/util/Optional
instanceKlass java/lang/Runtime$Version
instanceKlass java/util/jar/JavaUtilJarAccessImpl
instanceKlass jdk/internal/access/JavaUtilJarAccess
instanceKlass java/util/zip/ZipFile$1
instanceKlass jdk/internal/access/JavaUtilZipFileAccess
instanceKlass java/util/zip/ZipFile
instanceKlass java/util/zip/ZipConstants
instanceKlass java/nio/Bits$1
instanceKlass jdk/internal/access/JavaNioAccess$BufferPool
instanceKlass java/nio/Bits
instanceKlass sun/nio/ch/DirectBuffer
instanceKlass jdk/internal/perf/Perf
instanceKlass jdk/internal/perf/Perf$GetPerfAction
instanceKlass jdk/internal/perf/PerfCounter
instanceKlass java/util/jar/Attributes$Name
instanceKlass jdk/internal/module/ModulePath
instanceKlass java/lang/module/ModuleFinder
instanceKlass sun/nio/fs/WindowsPath
instanceKlass sun/nio/fs/WindowsPathParser$Result
instanceKlass sun/nio/fs/WindowsPathParser
instanceKlass java/util/Arrays$ArrayItr
instanceKlass java/nio/file/FileSystem
instanceKlass java/nio/file/OpenOption
instanceKlass java/nio/file/spi/FileSystemProvider
instanceKlass sun/nio/fs/DefaultFileSystemProvider
instanceKlass java/nio/file/FileSystems
instanceKlass java/nio/file/Paths
instanceKlass java/util/stream/Sink$ChainedReference
instanceKlass java/util/stream/ReduceOps$Box
instanceKlass java/util/stream/ReduceOps$AccumulatingSink
instanceKlass java/util/stream/TerminalSink
instanceKlass java/util/stream/Sink
instanceKlass java/util/function/Consumer
instanceKlass java/util/stream/ReduceOps$ReduceOp
instanceKlass java/util/stream/TerminalOp
instanceKlass java/util/stream/ReduceOps
instanceKlass java/util/stream/Collectors$$Lambda$6
instanceKlass java/util/stream/Collectors$$Lambda$5
instanceKlass java/util/function/BinaryOperator
instanceKlass java/util/function/BiFunction
instanceKlass java/util/stream/Collectors$$Lambda$4
instanceKlass java/util/function/BiConsumer
instanceKlass java/util/stream/Collectors$$Lambda$3
instanceKlass java/util/function/Supplier
instanceKlass java/util/stream/Collectors$CollectorImpl
instanceKlass java/util/stream/Collector
instanceKlass java/util/Collections$UnmodifiableCollection
instanceKlass java/util/stream/Collectors
instanceKlass jdk/internal/module/ModulePatcher$$Lambda$2
instanceKlass java/nio/file/Path
instanceKlass java/nio/file/Watchable
instanceKlass sun/reflect/annotation/AnnotationParser
instanceKlass java/lang/Class$3
instanceKlass java/lang/PublicMethods$Key
instanceKlass java/lang/PublicMethods$MethodList
instanceKlass java/util/EnumMap$1
instanceKlass java/util/stream/StreamOpFlag$MaskBuilder
instanceKlass java/util/stream/PipelineHelper
instanceKlass java/util/stream/Stream
instanceKlass java/util/stream/BaseStream
instanceKlass java/util/stream/StreamSupport
instanceKlass java/util/ArrayList$ArrayListSpliterator
instanceKlass java/util/Spliterator
instanceKlass jdk/internal/module/ModulePatcher
instanceKlass jdk/internal/misc/InnocuousThread$2
instanceKlass jdk/internal/misc/InnocuousThread$3
instanceKlass jdk/internal/ref/CleanerFactory$1$1
instanceKlass java/lang/ref/Cleaner$Cleanable
instanceKlass jdk/internal/ref/CleanerImpl
instanceKlass java/lang/ref/Cleaner$1
instanceKlass java/lang/ref/Cleaner
instanceKlass jdk/internal/ref/CleanerFactory$1
instanceKlass java/util/concurrent/ThreadFactory
instanceKlass jdk/internal/ref/CleanerFactory
instanceKlass java/lang/invoke/LambdaForm$MH
instanceKlass java/util/ArrayList$Itr
instanceKlass java/lang/invoke/InvokerBytecodeGenerator$CpPatch
instanceKlass jdk/internal/org/objectweb/asm/Frame
instanceKlass java/lang/invoke/LambdaFormBuffer
instanceKlass java/lang/invoke/LambdaFormEditor
instanceKlass java/lang/invoke/DelegatingMethodHandle$Holder
instanceKlass sun/invoke/util/Wrapper$1
instanceKlass java/lang/invoke/DirectMethodHandle$1
instanceKlass sun/invoke/empty/Empty
instanceKlass sun/invoke/util/VerifyType
instanceKlass jdk/internal/util/Preconditions
instanceKlass java/util/Deque
instanceKlass java/util/Queue
instanceKlass jdk/internal/util/ArraysSupport
instanceKlass sun/net/util/IPAddressUtil
instanceKlass java/net/URLStreamHandler
instanceKlass sun/net/www/ParseUtil
instanceKlass java/net/URL$3
instanceKlass jdk/internal/access/JavaNetURLAccess
instanceKlass java/net/URL$DefaultFactory
instanceKlass java/net/URLStreamHandlerFactory
instanceKlass jdk/internal/loader/URLClassPath
instanceKlass java/security/Principal
instanceKlass java/security/ProtectionDomain$Key
instanceKlass java/security/ProtectionDomain$JavaSecurityAccessImpl
instanceKlass jdk/internal/access/JavaSecurityAccess
instanceKlass java/lang/ClassLoader$ParallelLoaders
instanceKlass jdk/internal/loader/AbstractClassLoaderValue
instanceKlass jdk/internal/module/ServicesCatalog
instanceKlass jdk/internal/loader/BootLoader
instanceKlass java/lang/invoke/ClassSpecializer$Factory
instanceKlass java/lang/invoke/ClassSpecializer$SpeciesData
instanceKlass java/lang/invoke/ClassSpecializer$1
instanceKlass java/lang/invoke/ClassSpecializer
instanceKlass java/lang/Class$Atomic
instanceKlass java/lang/Class$ReflectionData
instanceKlass java/lang/invoke/InnerClassLambdaMetafactory$1
instanceKlass jdk/internal/module/ModuleBootstrap$$Lambda$1
instanceKlass jdk/internal/org/objectweb/asm/Handler
instanceKlass jdk/internal/org/objectweb/asm/AnnotationVisitor
instanceKlass jdk/internal/org/objectweb/asm/Label
instanceKlass jdk/internal/org/objectweb/asm/MethodVisitor
instanceKlass jdk/internal/org/objectweb/asm/ByteVector
instanceKlass jdk/internal/org/objectweb/asm/Symbol
instanceKlass jdk/internal/org/objectweb/asm/SymbolTable
instanceKlass jdk/internal/org/objectweb/asm/ClassVisitor
instanceKlass sun/invoke/util/BytecodeDescriptor
instanceKlass java/lang/invoke/InfoFromMemberName
instanceKlass java/lang/invoke/MethodHandleInfo
instanceKlass sun/security/action/GetBooleanAction
instanceKlass jdk/internal/org/objectweb/asm/Type
instanceKlass java/lang/invoke/AbstractValidatingLambdaMetafactory
instanceKlass java/lang/invoke/MethodHandleImpl$1
instanceKlass jdk/internal/access/JavaLangInvokeAccess
instanceKlass java/lang/invoke/Invokers$Holder
instanceKlass java/lang/invoke/BootstrapMethodInvoker
instanceKlass java/util/function/Function
instanceKlass java/lang/invoke/InvokerBytecodeGenerator$2
instanceKlass java/lang/invoke/InvokerBytecodeGenerator
instanceKlass java/lang/invoke/LambdaForm$Holder
instanceKlass java/lang/invoke/LambdaForm$Name
instanceKlass java/lang/reflect/Array
instanceKlass java/lang/invoke/Invokers
instanceKlass java/lang/invoke/MethodHandleImpl
instanceKlass sun/invoke/util/ValueConversions
instanceKlass java/lang/invoke/DirectMethodHandle$Holder
instanceKlass java/lang/invoke/LambdaForm$NamedFunction
instanceKlass java/lang/StringUTF16
instanceKlass sun/invoke/util/Wrapper$Format
instanceKlass java/lang/Enum
instanceKlass java/lang/reflect/Modifier
instanceKlass sun/invoke/util/VerifyAccess
instanceKlass java/security/Permission
instanceKlass java/security/Guard
instanceKlass java/lang/invoke/MemberName$Factory
instanceKlass java/util/KeyValueHolder
instanceKlass java/util/ImmutableCollections
instanceKlass java/util/ImmutableCollections$MapN$MapNIterator
instanceKlass java/lang/invoke/MethodHandles
instanceKlass java/lang/invoke/MethodTypeForm
instanceKlass java/lang/Void
instanceKlass java/lang/invoke/MethodType$ConcurrentWeakInternSet
instanceKlass java/lang/invoke/MethodHandles$Lookup
instanceKlass java/lang/invoke/LambdaMetafactory
instanceKlass java/lang/module/ModuleDescriptor$1
instanceKlass jdk/internal/access/JavaLangModuleAccess
instanceKlass java/lang/module/ModuleDescriptor
instanceKlass jdk/internal/module/ModuleBootstrap
instanceKlass java/lang/CharacterData
instanceKlass java/lang/invoke/MethodHandleStatics
instanceKlass java/util/List
instanceKlass java/util/RandomAccess
instanceKlass java/util/Collections
instanceKlass java/io/FileSystem
instanceKlass java/io/DefaultFileSystem
instanceKlass java/io/File
instanceKlass java/lang/System$2
instanceKlass jdk/internal/access/JavaLangAccess
instanceKlass sun/io/Win32ErrorMode
instanceKlass jdk/internal/misc/OSEnvironment
instanceKlass java/lang/Integer$IntegerCache
instanceKlass jdk/internal/misc/Signal$NativeHandler
instanceKlass java/util/Hashtable$Entry
instanceKlass jdk/internal/misc/Signal
instanceKlass java/lang/Terminator$1
instanceKlass jdk/internal/misc/Signal$Handler
instanceKlass java/lang/Terminator
instanceKlass java/nio/ByteOrder
instanceKlass java/nio/Buffer$1
instanceKlass jdk/internal/access/JavaNioAccess
instanceKlass java/util/Arrays
instanceKlass java/nio/charset/CodingErrorAction
instanceKlass java/nio/charset/CharsetEncoder
instanceKlass sun/nio/cs/HistoricallyNamedCharset
instanceKlass sun/security/action/GetPropertyAction
instanceKlass java/lang/ThreadLocal
instanceKlass java/nio/charset/spi/CharsetProvider
instanceKlass java/nio/charset/Charset
instanceKlass java/io/Writer
instanceKlass java/io/OutputStream
instanceKlass java/io/Flushable
instanceKlass java/io/FileDescriptor$1
instanceKlass jdk/internal/access/JavaIOFileDescriptorAccess
instanceKlass java/io/FileDescriptor
instanceKlass jdk/internal/util/StaticProperty
instanceKlass java/util/HashMap$HashIterator
instanceKlass java/lang/VersionProps
instanceKlass java/lang/StringConcatHelper
instanceKlass java/util/HashMap$Node
instanceKlass java/lang/StringLatin1
instanceKlass jdk/internal/util/SystemProps$Raw
instanceKlass jdk/internal/util/SystemProps
instanceKlass java/lang/ref/Reference$1
instanceKlass jdk/internal/access/JavaLangRefAccess
instanceKlass java/lang/ref/ReferenceQueue$Lock
instanceKlass java/lang/ref/ReferenceQueue
instanceKlass jdk/internal/reflect/ReflectionFactory
instanceKlass java/util/concurrent/locks/LockSupport
instanceKlass java/util/concurrent/ConcurrentHashMap$Node
instanceKlass java/util/Map$Entry
instanceKlass java/util/concurrent/ConcurrentHashMap$CounterCell
instanceKlass java/util/concurrent/locks/ReentrantLock
instanceKlass java/util/concurrent/locks/Lock
instanceKlass java/lang/Runtime
instanceKlass java/util/concurrent/ConcurrentMap
instanceKlass java/security/cert/Certificate
instanceKlass java/lang/Math
instanceKlass jdk/internal/misc/VM
instanceKlass java/util/AbstractMap
instanceKlass jdk/internal/reflect/Reflection
instanceKlass jdk/internal/reflect/ReflectionFactory$GetReflectionFactoryAction
instanceKlass java/security/PrivilegedAction
instanceKlass jdk/internal/access/SharedSecrets
instanceKlass java/lang/reflect/ReflectAccess
instanceKlass jdk/internal/access/JavaLangReflectAccess
instanceKlass java/util/Objects
instanceKlass java/util/AbstractCollection
instanceKlass java/util/Set
instanceKlass java/util/Collection
instanceKlass java/lang/Iterable
instanceKlass java/lang/String$CaseInsensitiveComparator
instanceKlass java/util/Comparator
instanceKlass java/io/ObjectStreamField
instanceKlass java/lang/reflect/RecordComponent
instanceKlass java/util/Iterator
instanceKlass java/lang/Number
instanceKlass java/lang/Character
instanceKlass java/lang/Boolean
instanceKlass java/util/concurrent/locks/AbstractOwnableSynchronizer
instanceKlass java/lang/LiveStackFrame
instanceKlass java/lang/StackFrameInfo
instanceKlass java/lang/StackWalker$StackFrame
instanceKlass java/lang/StackStreamFactory$AbstractStackWalker
instanceKlass java/lang/StackWalker
instanceKlass java/nio/Buffer
instanceKlass java/lang/StackTraceElement
instanceKlass java/security/CodeSource
instanceKlass jdk/internal/loader/ClassLoaders
instanceKlass java/util/jar/Manifest
instanceKlass java/net/URL
instanceKlass java/io/InputStream
instanceKlass java/io/Closeable
instanceKlass java/lang/AutoCloseable
instanceKlass jdk/internal/module/Modules
instanceKlass jdk/internal/misc/Unsafe
instanceKlass jdk/internal/misc/UnsafeConstants
instanceKlass java/lang/AbstractStringBuilder
instanceKlass java/lang/Appendable
instanceKlass java/lang/AssertionStatusDirectives
instanceKlass java/lang/invoke/MethodHandleNatives$CallSiteContext
instanceKlass java/lang/invoke/CallSite
instanceKlass java/lang/invoke/MethodType
instanceKlass java/lang/invoke/TypeDescriptor$OfMethod
instanceKlass java/lang/invoke/LambdaForm
instanceKlass java/lang/invoke/MethodHandleNatives
instanceKlass java/lang/invoke/ResolvedMethodName
instanceKlass java/lang/invoke/MemberName
instanceKlass java/lang/invoke/VarHandle
instanceKlass java/lang/invoke/MethodHandle
instanceKlass jdk/internal/reflect/CallerSensitive
instanceKlass java/lang/annotation/Annotation
instanceKlass jdk/internal/reflect/FieldAccessor
instanceKlass jdk/internal/reflect/ConstantPool
instanceKlass jdk/internal/reflect/ConstructorAccessor
instanceKlass jdk/internal/reflect/MethodAccessor
instanceKlass jdk/internal/reflect/MagicAccessorImpl
instanceKlass java/lang/reflect/Parameter
instanceKlass java/lang/reflect/Member
instanceKlass java/lang/reflect/AccessibleObject
instanceKlass java/lang/Module
instanceKlass java/util/Dictionary
instanceKlass java/util/Map
instanceKlass java/lang/ThreadGroup
instanceKlass java/lang/Thread$UncaughtExceptionHandler
instanceKlass java/lang/Thread
instanceKlass java/lang/Runnable
instanceKlass java/lang/ref/Reference
instanceKlass java/lang/Record
instanceKlass java/security/AccessController
instanceKlass java/security/AccessControlContext
instanceKlass java/security/ProtectionDomain
instanceKlass java/lang/SecurityManager
instanceKlass java/lang/Throwable
instanceKlass java/lang/System
instanceKlass java/lang/ClassLoader
instanceKlass java/lang/Cloneable
instanceKlass java/lang/Class
instanceKlass java/lang/invoke/TypeDescriptor$OfField
instanceKlass java/lang/invoke/TypeDescriptor
instanceKlass java/lang/reflect/Type
instanceKlass java/lang/reflect/GenericDeclaration
instanceKlass java/lang/reflect/AnnotatedElement
instanceKlass java/lang/String
instanceKlass java/lang/constant/ConstantDesc
instanceKlass java/lang/constant/Constable
instanceKlass java/lang/CharSequence
instanceKlass java/lang/Compar